[INFO] Scanning for projects...
[INFO] ------------------------------------------------------------------------
[INFO] Reactor Build Order:
[INFO] 
[INFO] Singularity
[INFO] SingularityBase
[INFO] SingularityUI
[INFO] SingularityMesosClient
[INFO] SingularitySwagger
[INFO] SingularityService
[INFO] SingularityRunnerBase
[INFO] SingularityS3Base
[INFO] SingularityClient
[INFO] SingularityExecutor
[INFO] SingularityExecutorCleanup
[INFO] SingularityS3Uploader
[INFO] SingularityS3Downloader
[INFO] EmbedSingularityExample
[INFO] SingularityServiceIntegrationTests
[INFO]                                                                         
[INFO] ------------------------------------------------------------------------
[INFO] Building Singularity 0.14.0-SNAPSHOT
[INFO] ------------------------------------------------------------------------
[INFO] 
[INFO] --- property-helper-maven-plugin:2.0:get (get-build-id) @ Singularity ---
[INFO] 
[INFO] --- maven-enforcer-plugin:1.4.1:enforce (default) @ Singularity ---
[INFO] 
[INFO] --- maven-dependency-versions-check-plugin:2.0.2:check (default) @ Singularity ---
[INFO] Checking dependency versions
[INFO] 
[INFO] --- maven-checkstyle-plugin:2.17:check (default) @ Singularity ---
[INFO] Starting audit...
Audit done.
[INFO] 
[INFO] --- dependency-management-plugin:0.4:analyze (analyze) @ Singularity ---
[INFO] No dependency management issues found
[INFO] 
[INFO] --- git-commit-id-plugin:2.2.0:revision (default) @ Singularity ---
[INFO] 
[INFO] --- jacoco-maven-plugin:0.7.5.201505241946:prepare-agent (default) @ Singularity ---
[INFO] argLine set to -javaagent:/root/./workspace/HubSpot/Singularity/188564817/.m2/org/jacoco/org.jacoco.agent/0.7.5.201505241946/org.jacoco.agent-0.7.5.201505241946-runtime.jar=destfile=/root/workspace/HubSpot/Singularity/188564817/target/jacoco.exec
[INFO] 
[INFO] --- maven-jar-plugin:2.6:test-jar (attach-tests) @ Singularity ---
[INFO] Skipping packaging of the test-jar
[INFO] 
[INFO] --- maven-source-plugin:2.4:jar-no-fork (attach-sources) @ Singularity ---
[INFO] 
[INFO] --- maven-source-plugin:2.4:test-jar-no-fork (attach-sources) @ Singularity ---
[INFO] 
[INFO] --- maven-dependency-plugin:2.10:analyze-only (default) @ Singularity ---
[INFO] Skipping pom project
[INFO] 
[INFO] --- maven-dependency-plugin:2.10:analyze-duplicate (default) @ Singularity ---
[INFO] No duplicate dependencies found in <dependencies/> or in <dependencyManagement/>
[INFO] 
[INFO] --- maven-dependency-plugin:2.10:analyze-dep-mgt (default) @ Singularity ---
[INFO] Found Resolved Dependency / DependencyManagement mismatches:
[INFO] 	Ignoring Direct Dependencies.
[INFO]    None
[INFO] 
[INFO] --- duplicate-finder-maven-plugin:1.2.1:check (default) @ Singularity ---
[INFO] Ignoring POM project!
[INFO] 
[INFO] >>> findbugs-maven-plugin:3.0.3:check (default) > :findbugs @ Singularity >>>
[INFO] 
[INFO] --- findbugs-maven-plugin:3.0.3:findbugs (findbugs) @ Singularity ---
[INFO] 
[INFO] <<< findbugs-maven-plugin:3.0.3:check (default) < :findbugs @ Singularity <<<
[INFO] 
[INFO] --- findbugs-maven-plugin:3.0.3:check (default) @ Singularity ---
[INFO] 
[INFO] >>> maven-pmd-plugin:3.6:check (default) > :pmd @ Singularity >>>
[INFO] 
[INFO] --- maven-pmd-plugin:3.6:pmd (pmd) @ Singularity ---
[INFO] 
[INFO] <<< maven-pmd-plugin:3.6:check (default) < :pmd @ Singularity <<<
[INFO] 
[INFO] --- maven-pmd-plugin:3.6:check (default) @ Singularity ---
[INFO] 
[INFO] --- license-maven-plugin:2.11:check (default) @ Singularity ---
[INFO] 
[INFO] --- maven-install-plugin:2.5.2:install (default-install) @ Singularity ---
[INFO] Installing /root/workspace/HubSpot/Singularity/188564817/pom.xml to /root/./workspace/HubSpot/Singularity/188564817/.m2/com/hubspot/Singularity/0.14.0-SNAPSHOT/Singularity-0.14.0-SNAPSHOT.pom
[INFO]                                                                         
[INFO] ------------------------------------------------------------------------
[INFO] Building SingularityBase 0.14.0-SNAPSHOT
[INFO] ------------------------------------------------------------------------
[INFO] 
[INFO] --- property-helper-maven-plugin:2.0:get (get-build-id) @ SingularityBase ---
[INFO] 
[INFO] --- maven-enforcer-plugin:1.4.1:enforce (default) @ SingularityBase ---
[INFO] 
[INFO] --- maven-dependency-versions-check-plugin:2.0.2:check (default) @ SingularityBase ---
[INFO] Checking dependency versions
[INFO] 
[INFO] --- maven-checkstyle-plugin:2.17:check (default) @ SingularityBase ---
[INFO] Starting audit...
[WARN] /root/workspace/HubSpot/Singularity/188564817/SingularityBase/src/main/java/com/hubspot/singularity/SlaveMatchState.java:18:3: Redundant 'private' modifier. [RedundantModifier]
[WARN] /root/workspace/HubSpot/Singularity/188564817/SingularityBase/src/main/java/com/hubspot/singularity/RequestState.java:9:3: Redundant 'private' modifier. [RedundantModifier]
[WARN] /root/workspace/HubSpot/Singularity/188564817/SingularityBase/src/main/java/com/hubspot/singularity/RequestCleanupType.java:12:3: Redundant 'private' modifier. [RedundantModifier]
[WARN] /root/workspace/HubSpot/Singularity/188564817/SingularityBase/src/main/java/com/hubspot/singularity/TaskCleanupType.java:13:3: Redundant 'private' modifier. [RedundantModifier]
[WARN] /root/workspace/HubSpot/Singularity/188564817/SingularityBase/src/main/java/com/hubspot/singularity/DeployState.java:9:3: Redundant 'private' modifier. [RedundantModifier]
[WARN] /root/workspace/HubSpot/Singularity/188564817/SingularityBase/src/main/java/com/hubspot/singularity/RequestType.java:13:3: Redundant 'private' modifier. [RedundantModifier]
[WARN] /root/workspace/HubSpot/Singularity/188564817/SingularityBase/src/main/java/com/hubspot/singularity/HealthcheckProtocol.java:9:3: Redundant 'private' modifier. [RedundantModifier]
[WARN] /root/workspace/HubSpot/Singularity/188564817/SingularityBase/src/main/java/com/hubspot/mesos/JavaUtils.java:201:17: Redundant 'final' modifier. [RedundantModifier]
Audit done.
[INFO] 
[INFO] --- dependency-management-plugin:0.4:analyze (analyze) @ SingularityBase ---
[INFO] No dependency management issues found
[INFO] 
[INFO] --- git-commit-id-plugin:2.2.0:revision (default) @ SingularityBase ---
[INFO] 
[INFO] --- jacoco-maven-plugin:0.7.5.201505241946:prepare-agent (default) @ SingularityBase ---
[INFO] argLine set to -javaagent:/root/./workspace/HubSpot/Singularity/188564817/.m2/org/jacoco/org.jacoco.agent/0.7.5.201505241946/org.jacoco.agent-0.7.5.201505241946-runtime.jar=destfile=/root/workspace/HubSpot/Singularity/188564817/SingularityBase/target/jacoco.exec
[INFO] 
[INFO] --- maven-resources-plugin:2.7:resources (default-resources) @ SingularityBase ---
[INFO] Using 'UTF-8' encoding to copy filtered resources.
[INFO] skip non existing resourceDirectory /root/workspace/HubSpot/Singularity/188564817/SingularityBase/src/main/resources
[INFO] 
[INFO] --- maven-compiler-plugin:3.3:compile (default-compile) @ SingularityBase ---
[INFO] Changes detected - recompiling the module!
[INFO] Compiling 168 source files to /root/workspace/HubSpot/Singularity/188564817/SingularityBase/target/classes
[INFO] /root/workspace/HubSpot/Singularity/188564817/SingularityBase/src/main/java/com/hubspot/singularity/SingularityRequest.java: Some input files use or override a deprecated API.
[INFO] /root/workspace/HubSpot/Singularity/188564817/SingularityBase/src/main/java/com/hubspot/singularity/SingularityRequest.java: Recompile with -Xlint:deprecation for details.
[INFO] 
[INFO] --- maven-resources-plugin:2.7:testResources (default-testResources) @ SingularityBase ---
[INFO] Using 'UTF-8' encoding to copy filtered resources.
[INFO] skip non existing resourceDirectory /root/workspace/HubSpot/Singularity/188564817/SingularityBase/src/test/resources
[INFO] 
[INFO] --- maven-compiler-plugin:3.3:testCompile (default-testCompile) @ SingularityBase ---
[INFO] No sources to compile
[INFO] 
[INFO] --- maven-surefire-plugin:2.19:test (default-test) @ SingularityBase ---
[INFO] Tests are skipped.
[INFO] 
[INFO] --- maven-jar-plugin:2.6:jar (default-jar) @ SingularityBase ---
[INFO] Building jar: /root/workspace/HubSpot/Singularity/188564817/SingularityBase/target/SingularityBase-0.14.0-SNAPSHOT.jar
[INFO] 
[INFO] --- maven-jar-plugin:2.6:test-jar (attach-tests) @ SingularityBase ---
[INFO] Skipping packaging of the test-jar
[INFO] 
[INFO] --- maven-source-plugin:2.4:jar-no-fork (attach-sources) @ SingularityBase ---
[INFO] Building jar: /root/workspace/HubSpot/Singularity/188564817/SingularityBase/target/SingularityBase-0.14.0-SNAPSHOT-sources.jar
[INFO] 
[INFO] --- maven-source-plugin:2.4:test-jar-no-fork (attach-sources) @ SingularityBase ---
[INFO] No sources in project. Archive not created.
[INFO] 
[INFO] --- maven-dependency-plugin:2.10:analyze-only (default) @ SingularityBase ---
[INFO] No dependency problems found
[INFO] 
[INFO] --- maven-dependency-plugin:2.10:analyze-duplicate (default) @ SingularityBase ---
[INFO] No duplicate dependencies found in <dependencies/> or in <dependencyManagement/>
[INFO] 
[INFO] --- maven-dependency-plugin:2.10:analyze-dep-mgt (default) @ SingularityBase ---
[INFO] Found Resolved Dependency / DependencyManagement mismatches:
[INFO] 	Ignoring Direct Dependencies.
[INFO] com.fasterxml.jackson.core:jackson-core:jar was excluded in DepMgt, but version 2.6.4 has been found in the dependency tree.
[WARNING] Potential problems found in Dependency Management 
[INFO] 
[INFO] --- duplicate-finder-maven-plugin:1.2.1:check (default) @ SingularityBase ---
[INFO] Checking compile classpath
[INFO] Checking runtime classpath
[INFO] Checking test classpath
[INFO] 
[INFO] >>> findbugs-maven-plugin:3.0.3:check (default) > :findbugs @ SingularityBase >>>
[INFO] 
[INFO] --- findbugs-maven-plugin:3.0.3:findbugs (findbugs) @ SingularityBase ---
[INFO] Fork Value is true
[INFO] Done FindBugs Analysis....
[INFO] 
[INFO] <<< findbugs-maven-plugin:3.0.3:check (default) < :findbugs @ SingularityBase <<<
[INFO] 
[INFO] --- findbugs-maven-plugin:3.0.3:check (default) @ SingularityBase ---
[INFO] BugInstance size is 0
[INFO] Error size is 0
[INFO] No errors/warnings found
[INFO] 
[INFO] >>> maven-pmd-plugin:3.6:check (default) > :pmd @ SingularityBase >>>
[INFO] 
[INFO] --- maven-pmd-plugin:3.6:pmd (pmd) @ SingularityBase ---
[WARNING] Unable to locate Source XRef to link to - DISABLED
[WARNING] Unable to locate Source XRef to link to - DISABLED
[INFO] 
[INFO] <<< maven-pmd-plugin:3.6:check (default) < :pmd @ SingularityBase <<<
[INFO] 
[INFO] --- maven-pmd-plugin:3.6:check (default) @ SingularityBase ---
[INFO] 
[INFO] 
[INFO] --- license-maven-plugin:2.11:check (default) @ SingularityBase ---
[INFO] 
[INFO] --- maven-install-plugin:2.5.2:install (default-install) @ SingularityBase ---
[INFO] Installing /root/workspace/HubSpot/Singularity/188564817/SingularityBase/target/SingularityBase-0.14.0-SNAPSHOT.jar to /root/./workspace/HubSpot/Singularity/188564817/.m2/com/hubspot/SingularityBase/0.14.0-SNAPSHOT/SingularityBase-0.14.0-SNAPSHOT.jar
[INFO] Installing /root/workspace/HubSpot/Singularity/188564817/SingularityBase/pom.xml to /root/./workspace/HubSpot/Singularity/188564817/.m2/com/hubspot/SingularityBase/0.14.0-SNAPSHOT/SingularityBase-0.14.0-SNAPSHOT.pom
[INFO] Installing /root/workspace/HubSpot/Singularity/188564817/SingularityBase/target/SingularityBase-0.14.0-SNAPSHOT-sources.jar to /root/./workspace/HubSpot/Singularity/188564817/.m2/com/hubspot/SingularityBase/0.14.0-SNAPSHOT/SingularityBase-0.14.0-SNAPSHOT-sources.jar
[INFO]                                                                         
[INFO] ------------------------------------------------------------------------
[INFO] Building SingularityUI 0.14.0-SNAPSHOT
[INFO] ------------------------------------------------------------------------
[INFO] 
[INFO] --- property-helper-maven-plugin:2.0:get (get-build-id) @ SingularityUI ---
[INFO] 
[INFO] --- maven-enforcer-plugin:1.4.1:enforce (default) @ SingularityUI ---
[INFO] 
[INFO] --- maven-dependency-versions-check-plugin:2.0.2:check (default) @ SingularityUI ---
[INFO] Checking dependency versions
[INFO] 
[INFO] --- maven-checkstyle-plugin:2.17:check (default) @ SingularityUI ---
[INFO] Starting audit...
Audit done.
[INFO] 
[INFO] --- dependency-management-plugin:0.4:analyze (analyze) @ SingularityUI ---
[INFO] No dependency management issues found
[INFO] 
[INFO] --- git-commit-id-plugin:2.2.0:revision (default) @ SingularityUI ---
[INFO] 
[INFO] --- jacoco-maven-plugin:0.7.5.201505241946:prepare-agent (default) @ SingularityUI ---
[INFO] argLine set to -javaagent:/root/./workspace/HubSpot/Singularity/188564817/.m2/org/jacoco/org.jacoco.agent/0.7.5.201505241946/org.jacoco.agent-0.7.5.201505241946-runtime.jar=destfile=/root/workspace/HubSpot/Singularity/188564817/SingularityUI/target/jacoco.exec
[INFO] 
[INFO] --- frontend-maven-plugin:0.0.23:install-node-and-npm (install node and npm) @ SingularityUI ---
[INFO] Node v6.2.1 is already installed.
[INFO] Found NPM version 3.9.3
[INFO] 
[INFO] --- frontend-maven-plugin:0.0.23:npm (npm install) @ SingularityUI ---
[INFO] Running 'npm install --color=false' in /root/workspace/HubSpot/Singularity/188564817/SingularityUI
[ERROR] npm WARN optional Skipping failed optional dependency /chokidar/fsevents:
[ERROR] npm WARN notsup Not compatible with your operating system or architecture: fsevents@1.1.2
[INFO] 
[INFO] --- frontend-maven-plugin:0.0.23:npm (npm test) @ SingularityUI ---
[INFO] Running 'npm test --color=false' in /root/workspace/HubSpot/Singularity/188564817/SingularityUI
[INFO] 
[INFO] > SingularityUI@0.3.0 test /root/workspace/HubSpot/Singularity/188564817/SingularityUI
[INFO] > mocha --compilers js:babel-core/register test/index.test
[INFO] 
[INFO] 
[INFO] 
[INFO]   Utils
[INFO]     getTaskDataFromTaskId()
[INFO]       ✓ should grab all fields from a valid task id
[INFO] 
[INFO] 
[INFO]   1 passing (16ms)
[INFO] 
[INFO] 
[INFO] --- frontend-maven-plugin:0.0.23:gulp (gulp build) @ SingularityUI ---
[INFO] Running 'gulp build --no-color' in /root/workspace/HubSpot/Singularity/188564817/SingularityUI
[INFO] [15:44:31] Using gulpfile ~/workspace/HubSpot/Singularity/188564817/SingularityUI/gulpfile.js
[INFO] [15:44:31] Starting 'clean'...
[INFO] [15:44:31] Finished 'clean' after 25 ms
[INFO] [15:44:31] Starting 'build'...
[INFO] [15:44:31] Starting 'scripts'...
[INFO] [15:44:31] Starting 'html'...
[INFO] [15:44:31] Starting 'styles'...
[INFO] [15:44:31] Starting 'fonts'...
[INFO] [15:44:31] Starting 'images'...
[INFO] [15:44:31] Starting 'css-images'...
[INFO] [15:44:31] Starting 'lint'...
[INFO] [15:44:31] Finished 'build' after 180 ms
[INFO] [15:44:33] Finished 'html' after 1.9 s
[INFO] [15:44:33] Finished 'images' after 2.35 s
[INFO] [15:44:40] Finished 'css-images' after 8.67 s
[INFO] [15:44:51] Finished 'fonts' after 20 s
[INFO] [15:45:26] Version: webpack 1.12.15
[INFO]                Asset     Size  Chunks             Chunk Names
[INFO]               app.js  1.19 MB       0  [emitted]  app
[INFO]     vendor.bundle.js   621 kB       1  [emitted]  vendor
[INFO]           app.js.map  6.87 MB       0  [emitted]  app
[INFO] vendor.bundle.js.map   4.7 MB       1  [emitted]  vendor
[INFO] [15:45:27] Finished 'scripts' after 56 s
[INFO] [15:45:28] 
[INFO] /root/workspace/HubSpot/Singularity/188564817/SingularityUI/app/utils.es6
[INFO]    12:154  error  There should be no space before ','                        comma-spacing
[INFO]   118:9    error  Expected indentation of 6 space characters but found 8     indent
[INFO]   123:9    error  Expected indentation of 6 space characters but found 8     indent
[INFO]   246:14   error  Unexpected 'else' after 'return'                           no-else-return
[INFO]   256:11   error  'startupTimeout' is never reassigned, use 'const' instead  prefer-const
[INFO]   257:11   error  'attempts' is never reassigned, use 'const' instead        prefer-const
[INFO]   257:96   error  Missing semicolon                                          semi
[INFO]   258:124  error  Missing semicolon                                          semi
[INFO]   259:12   error  Unexpected 'else' after 'return'                           no-else-return
[INFO]   383:2    error  More than 2 blank lines not allowed                        no-multiple-empty-lines
[INFO]   386:76   error  Missing semicolon                                          semi
[INFO]   387:12   error  Unexpected 'else' after 'return'                           no-else-return
[INFO]   388:80   error  Missing semicolon                                          semi
[INFO] 
[INFO] /root/workspace/HubSpot/Singularity/188564817/SingularityUI/app/actions/log.es6
[INFO]     1:8   error    Identifier name 'Q' is too short. (< 3)                        id-length
[INFO]     6:5   error    'fetchData' is never reassigned, use 'const' instead           prefer-const
[INFO]     6:17  warning  Missing function expression name                               func-names
[INFO]     7:15  error    Expected '===' and instead saw '=='                            eqeqeq
[INFO]     8:9   error    'params' is never reassigned, use 'const' instead              prefer-const
[INFO]    11:7   error    Expected property shorthand                                    babel/object-shorthand
[INFO]    11:7   error    Expected property shorthand                                    object-shorthand
[INFO]    12:7   error    Expected property shorthand                                    object-shorthand
[INFO]    12:7   error    Expected property shorthand                                    babel/object-shorthand
[INFO]    18:10  error    Unexpected 'else' after 'return'                               no-else-return
[INFO]    25:5   error    'fetchTaskHistory' is never reassigned, use 'const' instead    prefer-const
[INFO]    31:3   warning  Missing function expression name                               func-names
[INFO]    32:9   error    'deferred' is never reassigned, use 'const' instead            prefer-const
[INFO]    33:42  error    Unexpected function expression                                 prefer-arrow-callback
[INFO]    33:42  warning  Missing function expression name                               func-names
[INFO]    34:11  error    'taskIds' is never reassigned, use 'const' instead             prefer-const
[INFO]    35:23  error    'initialize' was used before it was defined                    no-use-before-define
[INFO]    42:3   warning  Missing function expression name                               func-names
[INFO]    42:22  error    'getState' is defined but never used                           no-unused-vars
[INFO]    50:14  error    'init' was used before it was defined                          no-use-before-define
[INFO]    52:9   error    'groupPromises' is never reassigned, use 'const' instead       prefer-const
[INFO]    52:42  error    Unexpected function expression                                 prefer-arrow-callback
[INFO]    52:42  warning  Missing function expression name                               func-names
[INFO]    52:51  error    'taskIds' is already declared in the upper scope               no-shadow
[INFO]    53:11  error    'taskInitPromises' is never reassigned, use 'const' instead    prefer-const
[INFO]    53:42  error    Unexpected function expression                                 prefer-arrow-callback
[INFO]    53:42  warning  Missing function expression name                               func-names
[INFO]    54:13  error    'taskInitDeferred' is never reassigned, use 'const' instead    prefer-const
[INFO]    55:13  error    'resolvedPath' is never reassigned, use 'const' instead        prefer-const
[INFO]    56:55  error    Unexpected function expression                                 prefer-arrow-callback
[INFO]    56:55  warning  Missing function expression name                               func-names
[INFO]    57:20  error    'initTask' was used before it was defined                      no-use-before-define
[INFO]    60:16  error    Unexpected function expression                                 prefer-arrow-callback
[INFO]    60:16  warning  Missing function expression name                               func-names
[INFO]    60:16  error    Expected to return a value at the end of this function         consistent-return
[INFO]    62:22  error    'taskFileDoesNotExist' was used before it was defined          no-use-before-define
[INFO]    64:48  error    Expected '===' and instead saw '=='                            eqeqeq
[INFO]    65:22  error    'taskFileInvalidCompression' was used before it was defined    no-use-before-define
[INFO]    73:11  error    'taskStatusPromises' is never reassigned, use 'const' instead  prefer-const
[INFO]    73:63  error    'updateTaskStatus' was used before it was defined              no-use-before-define
[INFO]    76:18  error    'taskGroupFetchPrevious' was used before it was defined        no-use-before-define
[INFO]    76:75  error    'taskGroupReady' was used before it was defined                no-use-before-define
[INFO]   145:50  error    'taskHistory' is already declared in the upper scope           no-shadow
[INFO]   167:3   warning  Missing function expression name                               func-names
[INFO]   168:10  error    'tasks' is never reassigned, use 'const' instead               prefer-const
[INFO]   168:17  error    'logType' is never reassigned, use 'const' instead             prefer-const
[INFO]   169:14  error    'taskId' is never reassigned, use 'const' instead              prefer-const
[INFO]   171:18  error    'taskFilesize' was used before it was defined                  no-use-before-define
[INFO]   180:31  error    Unexpected function expression                                 prefer-arrow-callback
[INFO]   180:31  error    Expected to return a value at the end of this function         consistent-return
[INFO]   180:31  error    Expected to return a value at the end of this function         array-callback-return
[INFO]   180:31  warning  Missing function expression name                               func-names
[INFO]   183:20  error    'taskGroupFetchPrevious' was used before it was defined        no-use-before-define
[INFO]   186:27  error    'taskGroupFetchNext' was used before it was defined            no-use-before-define
[INFO]   194:3   warning  Missing function expression name                               func-names
[INFO]   195:10  error    'tasks' is never reassigned, use 'const' instead               prefer-const
[INFO]   195:17  error    'taskGroups' is never reassigned, use 'const' instead          prefer-const
[INFO]   197:38  error    Unexpected function expression                                 prefer-arrow-callback
[INFO]   197:38  warning  Missing function expression name                               func-names
[INFO]   200:16  error    Unexpected 'else' after 'return'                               no-else-return
[INFO]   201:27  error    'updateTaskStatus' was used before it was defined              no-use-before-define
[INFO]   209:14  error    'getState' is defined but never used                           no-unused-vars
[INFO]   253:63  error    Expected to return a value at the end of this function         consistent-return
[INFO]   257:29  error    Expected '===' and instead saw '=='                            eqeqeq
[INFO]   271:43  error    Expected '===' and instead saw '=='                            eqeqeq
[INFO]   272:72  error    Missing semicolon                                              semi
[INFO]   279:3   warning  Missing function expression name                               func-names
[INFO]   280:17  error    'taskGroups' is never reassigned, use 'const' instead          prefer-const
[INFO]   280:29  error    'logRequestLength' is never reassigned, use 'const' instead    prefer-const
[INFO]   280:47  error    'maxLines' is never reassigned, use 'const' instead            prefer-const
[INFO]   280:57  error    'logType' is never reassigned, use 'const' instead             prefer-const
[INFO]   297:9   error    'promises' is never reassigned, use 'const' instead            prefer-const
[INFO]   297:30  error    Unexpected function expression                                 prefer-arrow-callback
[INFO]   297:30  warning  Missing function expression name                               func-names
[INFO]   299:13  error    'requestedOffset' is never reassigned, use 'const' instead     prefer-const
[INFO]   299:39  error    Expected '===' and instead saw '=='                            eqeqeq
[INFO]   300:13  error    'xhr' is never reassigned, use 'const' instead                 prefer-const
[INFO]   301:25  error    Expected to return a value at the end of this function         consistent-return
[INFO]   301:25  error    Unexpected function expression                                 prefer-arrow-callback
[INFO]   301:25  warning  Missing function expression name                               func-names
[INFO]   303:25  error    Expected '===' and instead saw '=='                            eqeqeq
[INFO]   304:16  error    Expected indentation of 14 space characters but found 15       indent
[INFO]   305:20  error    Unexpected 'else' after 'return'                               no-else-return
[INFO]   311:14  error    Unexpected 'else' after 'return'                               no-else-return
[INFO]   329:3   error    Expected to return a value at the end of this function         consistent-return
[INFO]   329:3   warning  Missing function expression name                               func-names
[INFO]   340:3   error    Expected to return a value at the end of this function         consistent-return
[INFO]   340:3   warning  Missing function expression name                               func-names
[INFO]   341:11  error    'taskGroups' is never reassigned, use 'const' instead          prefer-const
[INFO]   341:23  error    'tasks' is never reassigned, use 'const' instead               prefer-const
[INFO]   342:9   error    'taskGroup' is never reassigned, use 'const' instead           prefer-const
[INFO]   372:3   warning  Missing function expression name                               func-names
[INFO]   373:11  error    'taskGroups' is never reassigned, use 'const' instead          prefer-const
[INFO]   373:23  error    'path' is never reassigned, use 'const' instead                prefer-const
[INFO]   373:29  error    'activeRequest' is never reassigned, use 'const' instead       prefer-const
[INFO]   373:44  error    'search' is never reassigned, use 'const' instead              prefer-const
[INFO]   373:52  error    'viewMode' is never reassigned, use 'const' instead            prefer-const
[INFO]   373:62  error    'logType' is never reassigned, use 'const' instead             prefer-const
[INFO]   375:9   error    '__in__' was used before it was defined                        no-use-before-define
[INFO]   379:9   error    'taskIds' is never reassigned, use 'const' instead             prefer-const
[INFO]   382:5   error    Expected no return value                                       consistent-return
[INFO]   387:3   error    Expected to return a value at the end of this function         consistent-return
[INFO]   387:3   warning  Missing function expression name                               func-names
[INFO]   388:10  error    'activeRequest' is never reassigned, use 'const' instead       prefer-const
[INFO]   388:25  error    'path' is never reassigned, use 'const' instead                prefer-const
[INFO]   388:31  error    'taskGroups' is never reassigned, use 'const' instead          prefer-const
[INFO]   388:43  error    'currentSearch' is never reassigned, use 'const' instead       prefer-const
[INFO]   388:58  error    'viewMode' is never reassigned, use 'const' instead            prefer-const
[INFO]   388:68  error    'logType' is never reassigned, use 'const' instead             prefer-const
[INFO]   396:3   warning  Missing function expression name                               func-names
[INFO]   397:10  error    'search' is never reassigned, use 'const' instead              prefer-const
[INFO]   397:18  error    'path' is never reassigned, use 'const' instead                prefer-const
[INFO]   397:24  error    'tasks' is never reassigned, use 'const' instead               prefer-const
[INFO]   397:31  error    'viewMode' is never reassigned, use 'const' instead            prefer-const
[INFO]   397:41  error    'logType' is never reassigned, use 'const' instead             prefer-const
[INFO]   402:14  error    Unexpected 'else' after 'return'                               no-else-return
[INFO]   403:9   error    Expected a return value                                        consistent-return
[INFO]   405:12  error    Unexpected 'else' after 'return'                               no-else-return
[INFO]   410:11  error    'resolvedPath' is never reassigned, use 'const' instead        prefer-const
[INFO]   412:60  warning  Missing function expression name                               func-names
[INFO]   412:60  error    Unexpected function expression                                 prefer-arrow-callback
[INFO]   415:42  error    Expected to return a value at the end of this function         consistent-return
[INFO]   415:42  error    Expected to return a value at the end of this function         array-callback-return
[INFO]   415:42  error    Unexpected function expression                                 prefer-arrow-callback
[INFO]   415:42  warning  Missing function expression name                               func-names
[INFO]   416:15  error    '__in__' was used before it was defined                        no-use-before-define
[INFO]   427:3   warning  Missing function expression name                               func-names
[INFO]   428:11  error    'taskIds' is never reassigned, use 'const' instead             prefer-const
[INFO]   434:3   warning  Missing function expression name                               func-names
[INFO]   435:11  error    'taskIds' is never reassigned, use 'const' instead             prefer-const
[INFO]   441:3   warning  Missing function expression name                               func-names
[INFO]   442:11  error    'taskIds' is never reassigned, use 'const' instead             prefer-const
[INFO]   449:3   warning  Missing function expression name                               func-names
[INFO]   456:3   warning  Missing function expression name                               func-names
[INFO]   457:11  error    'taskIds' is never reassigned, use 'const' instead             prefer-const
[INFO]   464:3   warning  Missing function expression name                               func-names
[INFO] 
[INFO] /root/workspace/HubSpot/Singularity/188564817/SingularityUI/app/reducers/taskGroups.es6
[INFO]     5:5   error    'buildTaskGroup' is never reassigned, use 'const' instead        prefer-const
[INFO]    23:5   error    'resetTaskGroup' is never reassigned, use 'const' instead        prefer-const
[INFO]    32:5   error    'updateTaskGroup' is never reassigned, use 'const' instead       prefer-const
[INFO]    32:23  warning  Missing function expression name                                 func-names
[INFO]    33:7   error    'newState' is never reassigned, use 'const' instead              prefer-const
[INFO]    38:5   error    'filterLogLines' is never reassigned, use 'const' instead        prefer-const
[INFO]    40:5   error    'TIMESTAMP_REGEX' is never reassigned, use 'const' instead       prefer-const
[INFO]    46:5   error    'parseLineTimestamp' is never reassigned, use 'const' instead    prefer-const
[INFO]    46:26  warning  Missing function expression name                                 func-names
[INFO]    47:12  error    Identifier name 'i' is too short. (< 3)                          id-length
[INFO]    48:9   error    'group' is never reassigned, use 'const' instead                 prefer-const
[INFO]    49:9   error    'match' is never reassigned, use 'const' instead                 prefer-const
[INFO]    57:5   error    'buildEmptyBuffer' is never reassigned, use 'const' instead      prefer-const
[INFO]    73:14  error    Identifier name 'i' is too short. (< 3)                          id-length
[INFO]    74:11  error    'taskGroup' is never reassigned, use 'const' instead             prefer-const
[INFO]    75:11  error    '__in__' was used before it was defined                          no-use-before-define
[INFO]   115:9   error    'newState' is never reassigned, use 'const' instead              prefer-const
[INFO]   116:9   error    'iterable' is never reassigned, use 'const' instead              prefer-const
[INFO]   116:20  error    '__range__' was used before it was defined                       no-use-before-define
[INFO]   117:14  error    Identifier name 'j' is too short. (< 3)                          id-length
[INFO]   118:11  error    'i' is never reassigned, use 'const' instead                     prefer-const
[INFO]   118:11  error    Identifier name 'i' is too short. (< 3)                          id-length
[INFO]   155:90  error    'logType' is defined but never used                              no-unused-vars
[INFO]   156:9   error    'taskGroup' is never reassigned, use 'const' instead             prefer-const
[INFO]   159:30  error    'task' is not defined                                            no-undef
[INFO]   165:60  error    Unexpected function expression                                   prefer-arrow-callback
[INFO]   165:60  warning  Missing function expression name                                 func-names
[INFO]   165:69  error    'data' is already declared in the upper scope                    no-shadow
[INFO]   170:11  error    'timestamp' is never reassigned, use 'const' instead             prefer-const
[INFO]   173:13  error    'detectedTimestamp' is never reassigned, use 'const' instead     prefer-const
[INFO]   173:13  error    'detectedTimestamp' is defined but never used                    no-unused-vars
[INFO]   184:9   error    All 'var' declarations must be at the top of the function scope  vars-on-top
[INFO]   184:9   error    Unexpected var, use let or const instead                         no-var
[INFO]   184:13  error    'firstLine' used outside of binding context                      block-scoped-var
[INFO]   186:74  error    'firstLine' used outside of binding context                      block-scoped-var
[INFO]   194:9   error    Unexpected var, use let or const instead                         no-var
[INFO]   194:9   error    All 'var' declarations must be at the top of the function scope  vars-on-top
[INFO]   194:13  error    'lastLine' used outside of binding context                       block-scoped-var
[INFO]   195:14  error    'lastLine' used outside of binding context                       block-scoped-var
[INFO]   196:24  error    'lastLine' used outside of binding context                       block-scoped-var
[INFO]   202:9   error    Unexpected var, use let or const instead                         no-var
[INFO]   202:9   error    All 'var' declarations must be at the top of the function scope  vars-on-top
[INFO]   202:13  error    'lastLine' used outside of binding context                       block-scoped-var
[INFO]   202:13  error    'lastLine' is already defined                                    no-redeclare
[INFO]   204:44  error    'lastLine' used outside of binding context                       block-scoped-var
[INFO]   204:72  error    'lastLine' used outside of binding context                       block-scoped-var
[INFO]   212:9   error    Unexpected var, use let or const instead                         no-var
[INFO]   212:9   error    All 'var' declarations must be at the top of the function scope  vars-on-top
[INFO]   212:13  error    'firstLine' is already defined                                   no-redeclare
[INFO]   212:13  error    'firstLine' used outside of binding context                      block-scoped-var
[INFO]   213:13  error    'firstLine' used outside of binding context                      block-scoped-var
[INFO]   214:24  error    'firstLine' used outside of binding context                      block-scoped-var
[INFO]   220:9   error    'newTaskBuffer' is never reassigned, use 'const' instead         prefer-const
[INFO]   225:7   error    Unexpected var, use let or const instead                         no-var
[INFO]   225:7   error    All 'var' declarations must be at the top of the function scope  vars-on-top
[INFO]   225:11  error    'lastTimestamp' is defined but never used                        no-unused-vars
[INFO]   225:11  error    'lastTimestamp' used outside of binding context                  block-scoped-var
[INFO]   227:7   error    Unexpected var, use let or const instead                         no-var
[INFO]   227:7   error    All 'var' declarations must be at the top of the function scope  vars-on-top
[INFO]   227:11  error    'lastTimestamp' is already defined                               no-redeclare
[INFO]   227:11  error    'lastTimestamp' used outside of binding context                  block-scoped-var
[INFO]   230:23  warning  Missing function expression name                                 func-names
[INFO]   230:23  error    Unexpected function expression                                   prefer-arrow-callback
[INFO]   232:9   error    All 'var' declarations must be at the top of the function scope  vars-on-top
[INFO]   232:9   error    Unexpected var, use let or const instead                         no-var
[INFO]   232:13  error    'lastTimestamp' is already declared in the upper scope           no-shadow
[INFO]   234:26  error    'lastTimestamp' used outside of binding context                  block-scoped-var
[INFO]   241:9   error    'updatedAt' is never reassigned, use 'const' instead             prefer-const
[INFO]   266:56  error    'offset' is already declared in the upper scope                  no-shadow
[INFO]   270:9   error    'newState' is never reassigned, use 'const' instead              prefer-const
[INFO]   279:10  error    Unexpected 'else' after 'return'                                 no-else-return
[INFO]   288:7   error    'range' is never reassigned, use 'const' instead                 prefer-const
[INFO]   289:7   error    'ascending' is never reassigned, use 'const' instead             prefer-const
[INFO]   290:7   error    'end' is never reassigned, use 'const' instead                   prefer-const
[INFO]   290:13  error    Do not nest ternary expressions                                  no-nested-ternary
[INFO]   291:12  error    Identifier name 'i' is too short. (< 3)                          id-length
[INFO] 
[INFO] /root/workspace/HubSpot/Singularity/188564817/SingularityUI/app/reducers/tasks.es6
[INFO]     1:5    error    'updateTask' is never reassigned, use 'const' instead                                                       prefer-const
[INFO]     1:18   warning  Missing function expression name                                                                            func-names
[INFO]     2:7    error    'newState' is never reassigned, use 'const' instead                                                         prefer-const
[INFO]     7:5    error    'buildTask' is never reassigned, use 'const' instead                                                        prefer-const
[INFO]     7:32   error    Infix operators must be spaced                                                                              space-infix-ops
[INFO]    21:5    error    'getLastTaskUpdate' is never reassigned, use 'const' instead                                                prefer-const
[INFO]    21:25   warning  Missing function expression name                                                                            func-names
[INFO]    24:10   error    Unexpected 'else' after 'return'                                                                            no-else-return
[INFO]    29:5    error    'isTerminalTaskState' is never reassigned, use 'const' instead                                              prefer-const
[INFO]    29:40   error    '__in__' was used before it was defined                                                                     no-use-before-define
[INFO]    33:9    error    'newState' is never reassigned, use 'const' instead                                                         prefer-const
[INFO]    34:14   error    Identifier name 'i' is too short. (< 3)                                                                     id-length
[INFO]    35:11   error    'taskIdGroup' is never reassigned, use 'const' instead                                                      prefer-const
[INFO]    36:16   error    Identifier name 'j' is too short. (< 3)                                                                     id-length
[INFO]    37:13   error    'taskId' is never reassigned, use 'const' instead                                                           prefer-const
[INFO]    44:9    error    'newState' is never reassigned, use 'const' instead                                                         prefer-const
[INFO]    45:14   error    Identifier name 'i' is too short. (< 3)                                                                     id-length
[INFO]    46:11   error    'taskId' is never reassigned, use 'const' instead                                                           prefer-const
[INFO]    52:9    error    'newState' is never reassigned, use 'const' instead                                                         prefer-const
[INFO]    78:9    error    'newState' is never reassigned, use 'const' instead                                                         prefer-const
[INFO]    79:14   error    Identifier name 'i' is too short. (< 3)                                                                     id-length
[INFO]    80:11   error    'taskId' is never reassigned, use 'const' instead                                                           prefer-const
[INFO]    86:9    error    'newState' is never reassigned, use 'const' instead                                                         prefer-const
[INFO]    87:5    error    The body of a for-in should be wrapped in an if statement to filter unwanted properties from the prototype  guard-for-in
[INFO]    87:14   error    'taskId' is never reassigned, use 'const' instead                                                           prefer-const
[INFO]    93:9    error    'newState' is never reassigned, use 'const' instead                                                         prefer-const
[INFO]    94:14   error    Identifier name 'i' is too short. (< 3)                                                                     id-length
[INFO]    95:11   error    'taskId' is never reassigned, use 'const' instead                                                           prefer-const
[INFO]   101:9    error    'newState' is never reassigned, use 'const' instead                                                         prefer-const
[INFO]   102:5    error    The body of a for-in should be wrapped in an if statement to filter unwanted properties from the prototype  guard-for-in
[INFO]   102:14   error    'taskId' is never reassigned, use 'const' instead                                                           prefer-const
[INFO]   111:10   error    'minOffset' is never reassigned, use 'const' instead                                                        prefer-const
[INFO]   111:21   error    'maxOffset' is never reassigned, use 'const' instead                                                        prefer-const
[INFO]   111:32   error    'filesize' is never reassigned, use 'const' instead                                                         prefer-const
[INFO]   115:101  error    Missing semicolon                                                                                           semi
[INFO]   118:9    error    'lastTaskStatus' is never reassigned, use 'const' instead                                                   prefer-const
[INFO]   122:9    error    'newState' is never reassigned, use 'const' instead                                                         prefer-const
[INFO]   123:14   error    Identifier name 'i' is too short. (< 3)                                                                     id-length
[INFO]   124:11   error    'taskId' is never reassigned, use 'const' instead                                                           prefer-const
[INFO]   130:9    error    'newState' is never reassigned, use 'const' instead                                                         prefer-const
[INFO]   131:14   error    Identifier name 'i' is too short. (< 3)                                                                     id-length
[INFO]   132:11   error    'taskId' is never reassigned, use 'const' instead                                                           prefer-const
[INFO]   139:30   error    Infix operators must be spaced                                                                              space-infix-ops
[INFO]   142:10   error    Unexpected 'else' after 'return'                                                                            no-else-return
[INFO] 
[INFO] /root/workspace/HubSpot/Singularity/188564817/SingularityUI/app/actions/api/base.es6
[INFO]   74:75  error  Missing semicolon  semi
[INFO]   76:75  error  Missing semicolon  semi
[INFO] 
[INFO] /root/workspace/HubSpot/Singularity/188564817/SingularityUI/app/actions/api/disasters.es6
[INFO]   27:4    error  'type' is defined but never used  no-unused-vars
[INFO]   35:4    error  'type' is defined but never used  no-unused-vars
[INFO]   58:30   error  Expected property shorthand       object-shorthand
[INFO]   58:30   error  Expected property shorthand       babel/object-shorthand
[INFO]   58:45   error  Expected property shorthand       babel/object-shorthand
[INFO]   58:45   error  Expected property shorthand       object-shorthand
[INFO]   58:63   error  Expected property shorthand       object-shorthand
[INFO]   58:63   error  Expected property shorthand       babel/object-shorthand
[INFO]   81:65   error  Expected property shorthand       object-shorthand
[INFO]   81:65   error  Expected property shorthand       babel/object-shorthand
[INFO]   81:125  error  Expected property shorthand       object-shorthand
[INFO]   81:125  error  Expected property shorthand       babel/object-shorthand
[INFO]   81:147  error  Expected property shorthand       object-shorthand
[INFO]   81:147  error  Expected property shorthand       babel/object-shorthand
[INFO] 
[INFO] /root/workspace/HubSpot/Singularity/188564817/SingularityUI/app/actions/api/history.es6
[INFO]   62:45  error  Infix operators must be spaced  space-infix-ops
[INFO] 
[INFO] /root/workspace/HubSpot/Singularity/188564817/SingularityUI/app/actions/api/sandbox.es6
[INFO]    8:53  error  Missing semicolon            semi
[INFO]   10:40  error  Missing semicolon            semi
[INFO]   13:7   error  Expected property shorthand  object-shorthand
[INFO]   13:7   error  Expected property shorthand  babel/object-shorthand
[INFO]   15:6   error  Missing semicolon            semi
[INFO] 
[INFO] /root/workspace/HubSpot/Singularity/188564817/SingularityUI/app/actions/api/slaves.es6
[INFO]   58:2  error  Too many blank lines at the end of file. Max of 1 allowed  no-multiple-empty-lines
[INFO] 
[INFO] /root/workspace/HubSpot/Singularity/188564817/SingularityUI/app/actions/api/users.es6
[INFO]    1:10  error  'buildApiAction' is defined but never used     no-unused-vars
[INFO]   19:2   error  Newline required at end of file but not found  eol-last
[INFO] 
[INFO] /root/workspace/HubSpot/Singularity/188564817/SingularityUI/app/actions/ui/slaves.es6
[INFO]   8:7  error  Expected property shorthand  object-shorthand
[INFO]   8:7  error  Expected property shorthand  babel/object-shorthand
[INFO]   9:7  error  Expected property shorthand  object-shorthand
[INFO]   9:7  error  Expected property shorthand  babel/object-shorthand
[INFO] 
[INFO] /root/workspace/HubSpot/Singularity/188564817/SingularityUI/app/reducers/api/index.es6
[INFO]   79:9   error  Trailing spaces not allowed  no-trailing-spaces
[INFO]   83:37  error  Missing semicolon            semi
[INFO] 
[INFO] /root/workspace/HubSpot/Singularity/188564817/SingularityUI/app/reducers/ui/dashboard.es6
[INFO]   19:10  error  Missing semicolon  semi
[INFO] 
[INFO] /root/workspace/HubSpot/Singularity/188564817/SingularityUI/app/reducers/ui/slaves.es6
[INFO]    9:49  error  Expected '===' and instead saw '=='  eqeqeq
[INFO]    9:52  error  Strings must use singlequote         quotes
[INFO]   19:10  error  Unexpected 'else' after 'return'     no-else-return
[INFO] 
[INFO] ✖ 304 problems (270 errors, 34 warnings)
[INFO] 
[INFO] [15:45:28] Finished 'lint' after 57 s
[INFO] [15:45:28] Finished 'styles' after 57 s
[INFO] 
[INFO] --- maven-jar-plugin:2.6:test-jar (attach-tests) @ SingularityUI ---
[INFO] Skipping packaging of the test-jar
[INFO] 
[INFO] --- maven-source-plugin:2.4:jar-no-fork (attach-sources) @ SingularityUI ---
[INFO] 
[INFO] --- maven-source-plugin:2.4:test-jar-no-fork (attach-sources) @ SingularityUI ---
[INFO] 
[INFO] --- maven-dependency-plugin:2.10:analyze-only (default) @ SingularityUI ---
[INFO] Skipping pom project
[INFO] 
[INFO] --- maven-dependency-plugin:2.10:analyze-duplicate (default) @ SingularityUI ---
[INFO] No duplicate dependencies found in <dependencies/> or in <dependencyManagement/>
[INFO] 
[INFO] --- maven-dependency-plugin:2.10:analyze-dep-mgt (default) @ SingularityUI ---
[INFO] Found Resolved Dependency / DependencyManagement mismatches:
[INFO] 	Ignoring Direct Dependencies.
[INFO]    None
[INFO] 
[INFO] --- duplicate-finder-maven-plugin:1.2.1:check (default) @ SingularityUI ---
[INFO] Ignoring POM project!
[INFO] 
[INFO] >>> findbugs-maven-plugin:3.0.3:check (default) > :findbugs @ SingularityUI >>>
[INFO] 
[INFO] --- findbugs-maven-plugin:3.0.3:findbugs (findbugs) @ SingularityUI ---
[INFO] 
[INFO] <<< findbugs-maven-plugin:3.0.3:check (default) < :findbugs @ SingularityUI <<<
[INFO] 
[INFO] --- findbugs-maven-plugin:3.0.3:check (default) @ SingularityUI ---
[INFO] 
[INFO] >>> maven-pmd-plugin:3.6:check (default) > :pmd @ SingularityUI >>>
[INFO] 
[INFO] --- maven-pmd-plugin:3.6:pmd (pmd) @ SingularityUI ---
[INFO] 
[INFO] <<< maven-pmd-plugin:3.6:check (default) < :pmd @ SingularityUI <<<
[INFO] 
[INFO] --- maven-pmd-plugin:3.6:check (default) @ SingularityUI ---
[INFO] 
[INFO] --- license-maven-plugin:2.11:check (default) @ SingularityUI ---
[INFO] 
[INFO] --- maven-install-plugin:2.5.2:install (default-install) @ SingularityUI ---
[INFO] Installing /root/workspace/HubSpot/Singularity/188564817/SingularityUI/pom.xml to /root/./workspace/HubSpot/Singularity/188564817/.m2/com/hubspot/SingularityUI/0.14.0-SNAPSHOT/SingularityUI-0.14.0-SNAPSHOT.pom
[INFO]                                                                         
[INFO] ------------------------------------------------------------------------
[INFO] Building SingularityMesosClient 0.14.0-SNAPSHOT
[INFO] ------------------------------------------------------------------------
[INFO] 
[INFO] --- property-helper-maven-plugin:2.0:get (get-build-id) @ SingularityMesosClient ---
[INFO] 
[INFO] --- maven-enforcer-plugin:1.4.1:enforce (default) @ SingularityMesosClient ---
[INFO] 
[INFO] --- maven-dependency-versions-check-plugin:2.0.2:check (default) @ SingularityMesosClient ---
[INFO] Checking dependency versions
[INFO] 
[INFO] --- maven-checkstyle-plugin:2.17:check (default) @ SingularityMesosClient ---
[INFO] Starting audit...
Audit done.
[INFO] 
[INFO] --- dependency-management-plugin:0.4:analyze (analyze) @ SingularityMesosClient ---
[INFO] No dependency management issues found
[INFO] 
[INFO] --- git-commit-id-plugin:2.2.0:revision (default) @ SingularityMesosClient ---
[INFO] 
[INFO] --- jacoco-maven-plugin:0.7.5.201505241946:prepare-agent (default) @ SingularityMesosClient ---
[INFO] argLine set to -javaagent:/root/./workspace/HubSpot/Singularity/188564817/.m2/org/jacoco/org.jacoco.agent/0.7.5.201505241946/org.jacoco.agent-0.7.5.201505241946-runtime.jar=destfile=/root/workspace/HubSpot/Singularity/188564817/SingularityMesosClient/target/jacoco.exec
[INFO] 
[INFO] --- maven-resources-plugin:2.7:resources (default-resources) @ SingularityMesosClient ---
[INFO] Using 'UTF-8' encoding to copy filtered resources.
[INFO] skip non existing resourceDirectory /root/workspace/HubSpot/Singularity/188564817/SingularityMesosClient/src/main/resources
[INFO] 
[INFO] --- maven-compiler-plugin:3.3:compile (default-compile) @ SingularityMesosClient ---
[INFO] Nothing to compile - all classes are up to date
[INFO] 
[INFO] --- maven-resources-plugin:2.7:testResources (default-testResources) @ SingularityMesosClient ---
[INFO] Using 'UTF-8' encoding to copy filtered resources.
[INFO] skip non existing resourceDirectory /root/workspace/HubSpot/Singularity/188564817/SingularityMesosClient/src/test/resources
[INFO] 
[INFO] --- maven-compiler-plugin:3.3:testCompile (default-testCompile) @ SingularityMesosClient ---
[INFO] No sources to compile
[INFO] 
[INFO] --- maven-surefire-plugin:2.19:test (default-test) @ SingularityMesosClient ---
[INFO] Tests are skipped.
[INFO] 
[INFO] --- maven-jar-plugin:2.6:jar (default-jar) @ SingularityMesosClient ---
[INFO] Building jar: /root/workspace/HubSpot/Singularity/188564817/SingularityMesosClient/target/SingularityMesosClient-0.14.0-SNAPSHOT.jar
[INFO] 
[INFO] --- maven-jar-plugin:2.6:test-jar (attach-tests) @ SingularityMesosClient ---
[INFO] Skipping packaging of the test-jar
[INFO] 
[INFO] --- maven-source-plugin:2.4:jar-no-fork (attach-sources) @ SingularityMesosClient ---
[INFO] Building jar: /root/workspace/HubSpot/Singularity/188564817/SingularityMesosClient/target/SingularityMesosClient-0.14.0-SNAPSHOT-sources.jar
[INFO] 
[INFO] --- maven-source-plugin:2.4:test-jar-no-fork (attach-sources) @ SingularityMesosClient ---
[INFO] No sources in project. Archive not created.
[INFO] 
[INFO] --- maven-dependency-plugin:2.10:analyze-only (default) @ SingularityMesosClient ---
[INFO] No dependency problems found
[INFO] 
[INFO] --- maven-dependency-plugin:2.10:analyze-duplicate (default) @ SingularityMesosClient ---
[INFO] No duplicate dependencies found in <dependencies/> or in <dependencyManagement/>
[INFO] 
[INFO] --- maven-dependency-plugin:2.10:analyze-dep-mgt (default) @ SingularityMesosClient ---
[INFO] Found Resolved Dependency / DependencyManagement mismatches:
[INFO] 	Ignoring Direct Dependencies.
[INFO] aopalliance:aopalliance:jar was excluded in DepMgt, but version 1.0 has been found in the dependency tree.
[INFO] com.google.guava:guava:jar was excluded in DepMgt, but version 17.0 has been found in the dependency tree.
[WARNING] Potential problems found in Dependency Management 
[INFO] 
[INFO] --- duplicate-finder-maven-plugin:1.2.1:check (default) @ SingularityMesosClient ---
[INFO] Checking compile classpath
[INFO] Checking runtime classpath
[INFO] Checking test classpath
[INFO] 
[INFO] >>> findbugs-maven-plugin:3.0.3:check (default) > :findbugs @ SingularityMesosClient >>>
[INFO] 
[INFO] --- findbugs-maven-plugin:3.0.3:findbugs (findbugs) @ SingularityMesosClient ---
[INFO] Fork Value is true
[INFO] Done FindBugs Analysis....
[INFO] 
[INFO] <<< findbugs-maven-plugin:3.0.3:check (default) < :findbugs @ SingularityMesosClient <<<
[INFO] 
[INFO] --- findbugs-maven-plugin:3.0.3:check (default) @ SingularityMesosClient ---
[INFO] BugInstance size is 0
[INFO] Error size is 0
[INFO] No errors/warnings found
[INFO] 
[INFO] >>> maven-pmd-plugin:3.6:check (default) > :pmd @ SingularityMesosClient >>>
[INFO] 
[INFO] --- maven-pmd-plugin:3.6:pmd (pmd) @ SingularityMesosClient ---
[WARNING] Unable to locate Source XRef to link to - DISABLED
[WARNING] Unable to locate Source XRef to link to - DISABLED
[INFO] 
[INFO] <<< maven-pmd-plugin:3.6:check (default) < :pmd @ SingularityMesosClient <<<
[INFO] 
[INFO] --- maven-pmd-plugin:3.6:check (default) @ SingularityMesosClient ---
[INFO] 
[INFO] 
[INFO] --- license-maven-plugin:2.11:check (default) @ SingularityMesosClient ---
[INFO] 
[INFO] --- maven-install-plugin:2.5.2:install (default-install) @ SingularityMesosClient ---
[INFO] Installing /root/workspace/HubSpot/Singularity/188564817/SingularityMesosClient/target/SingularityMesosClient-0.14.0-SNAPSHOT.jar to /root/./workspace/HubSpot/Singularity/188564817/.m2/com/hubspot/SingularityMesosClient/0.14.0-SNAPSHOT/SingularityMesosClient-0.14.0-SNAPSHOT.jar
[INFO] Installing /root/workspace/HubSpot/Singularity/188564817/SingularityMesosClient/pom.xml to /root/./workspace/HubSpot/Singularity/188564817/.m2/com/hubspot/SingularityMesosClient/0.14.0-SNAPSHOT/SingularityMesosClient-0.14.0-SNAPSHOT.pom
[INFO] Installing /root/workspace/HubSpot/Singularity/188564817/SingularityMesosClient/target/SingularityMesosClient-0.14.0-SNAPSHOT-sources.jar to /root/./workspace/HubSpot/Singularity/188564817/.m2/com/hubspot/SingularityMesosClient/0.14.0-SNAPSHOT/SingularityMesosClient-0.14.0-SNAPSHOT-sources.jar
[INFO]                                                                         
[INFO] ------------------------------------------------------------------------
[INFO] Building SingularitySwagger 0.14.0-SNAPSHOT
[INFO] ------------------------------------------------------------------------
[INFO] 
[INFO] --- property-helper-maven-plugin:2.0:get (get-build-id) @ SingularitySwagger ---
[INFO] 
[INFO] --- maven-enforcer-plugin:1.4.1:enforce (default) @ SingularitySwagger ---
[INFO] 
[INFO] --- maven-dependency-versions-check-plugin:2.0.2:check (default) @ SingularitySwagger ---
[INFO] Checking dependency versions
[INFO] 
[INFO] --- maven-checkstyle-plugin:2.17:check (default) @ SingularitySwagger ---
[INFO] Starting audit...
Audit done.
[INFO] 
[INFO] --- dependency-management-plugin:0.4:analyze (analyze) @ SingularitySwagger ---
[INFO] No dependency management issues found
[INFO] 
[INFO] --- git-commit-id-plugin:2.2.0:revision (default) @ SingularitySwagger ---
[INFO] 
[INFO] --- jacoco-maven-plugin:0.7.5.201505241946:prepare-agent (default) @ SingularitySwagger ---
[INFO] argLine set to -javaagent:/root/./workspace/HubSpot/Singularity/188564817/.m2/org/jacoco/org.jacoco.agent/0.7.5.201505241946/org.jacoco.agent-0.7.5.201505241946-runtime.jar=destfile=/root/workspace/HubSpot/Singularity/188564817/SingularitySwagger/target/jacoco.exec
[INFO] 
[INFO] --- maven-resources-plugin:2.7:resources (default-resources) @ SingularitySwagger ---
[INFO] Using 'UTF-8' encoding to copy filtered resources.
[INFO] skip non existing resourceDirectory /root/workspace/HubSpot/Singularity/188564817/SingularitySwagger/src/main/resources
[INFO] 
[INFO] --- maven-compiler-plugin:3.3:compile (default-compile) @ SingularitySwagger ---
[INFO] Nothing to compile - all classes are up to date
[INFO] 
[INFO] --- maven-resources-plugin:2.7:testResources (default-testResources) @ SingularitySwagger ---
[INFO] Using 'UTF-8' encoding to copy filtered resources.
[INFO] skip non existing resourceDirectory /root/workspace/HubSpot/Singularity/188564817/SingularitySwagger/src/test/resources
[INFO] 
[INFO] --- maven-compiler-plugin:3.3:testCompile (default-testCompile) @ SingularitySwagger ---
[INFO] No sources to compile
[INFO] 
[INFO] --- maven-surefire-plugin:2.19:test (default-test) @ SingularitySwagger ---
[INFO] Tests are skipped.
[INFO] 
[INFO] --- maven-jar-plugin:2.6:jar (default-jar) @ SingularitySwagger ---
[INFO] Building jar: /root/workspace/HubSpot/Singularity/188564817/SingularitySwagger/target/SingularitySwagger-0.14.0-SNAPSHOT.jar
[INFO] 
[INFO] --- maven-jar-plugin:2.6:test-jar (attach-tests) @ SingularitySwagger ---
[INFO] Skipping packaging of the test-jar
[INFO] 
[INFO] --- maven-source-plugin:2.4:jar-no-fork (attach-sources) @ SingularitySwagger ---
[INFO] Building jar: /root/workspace/HubSpot/Singularity/188564817/SingularitySwagger/target/SingularitySwagger-0.14.0-SNAPSHOT-sources.jar
[INFO] 
[INFO] --- maven-source-plugin:2.4:test-jar-no-fork (attach-sources) @ SingularitySwagger ---
[INFO] No sources in project. Archive not created.
[INFO] 
[INFO] --- maven-dependency-plugin:2.10:analyze-only (default) @ SingularitySwagger ---
[INFO] No dependency problems found
[INFO] 
[INFO] --- maven-dependency-plugin:2.10:analyze-duplicate (default) @ SingularitySwagger ---
[INFO] No duplicate dependencies found in <dependencies/> or in <dependencyManagement/>
[INFO] 
[INFO] --- maven-dependency-plugin:2.10:analyze-dep-mgt (default) @ SingularitySwagger ---
[INFO] Found Resolved Dependency / DependencyManagement mismatches:
[INFO] 	Ignoring Direct Dependencies.
[INFO] log4j:log4j:jar was excluded in DepMgt, but version 1.2.17 has been found in the dependency tree.
[INFO] com.google.guava:guava:jar was excluded in DepMgt, but version 17.0 has been found in the dependency tree.
[WARNING] Potential problems found in Dependency Management 
[INFO] 
[INFO] --- duplicate-finder-maven-plugin:1.2.1:check (default) @ SingularitySwagger ---
[INFO] Checking compile classpath
[INFO] Checking runtime classpath
[INFO] Checking test classpath
[INFO] 
[INFO] >>> findbugs-maven-plugin:3.0.3:check (default) > :findbugs @ SingularitySwagger >>>
[INFO] 
[INFO] --- findbugs-maven-plugin:3.0.3:findbugs (findbugs) @ SingularitySwagger ---
[INFO] Fork Value is true
[INFO] Done FindBugs Analysis....
[INFO] 
[INFO] <<< findbugs-maven-plugin:3.0.3:check (default) < :findbugs @ SingularitySwagger <<<
[INFO] 
[INFO] --- findbugs-maven-plugin:3.0.3:check (default) @ SingularitySwagger ---
[INFO] BugInstance size is 0
[INFO] Error size is 0
[INFO] No errors/warnings found
[INFO] 
[INFO] >>> maven-pmd-plugin:3.6:check (default) > :pmd @ SingularitySwagger >>>
[INFO] 
[INFO] --- maven-pmd-plugin:3.6:pmd (pmd) @ SingularitySwagger ---
[WARNING] Unable to locate Source XRef to link to - DISABLED
[WARNING] Unable to locate Source XRef to link to - DISABLED
[INFO] 
[INFO] <<< maven-pmd-plugin:3.6:check (default) < :pmd @ SingularitySwagger <<<
[INFO] 
[INFO] --- maven-pmd-plugin:3.6:check (default) @ SingularitySwagger ---
[INFO] 
[INFO] 
[INFO] --- license-maven-plugin:2.11:check (default) @ SingularitySwagger ---
[INFO] 
[INFO] --- maven-install-plugin:2.5.2:install (default-install) @ SingularitySwagger ---
[INFO] Installing /root/workspace/HubSpot/Singularity/188564817/SingularitySwagger/target/SingularitySwagger-0.14.0-SNAPSHOT.jar to /root/./workspace/HubSpot/Singularity/188564817/.m2/com/hubspot/SingularitySwagger/0.14.0-SNAPSHOT/SingularitySwagger-0.14.0-SNAPSHOT.jar
[INFO] Installing /root/workspace/HubSpot/Singularity/188564817/SingularitySwagger/pom.xml to /root/./workspace/HubSpot/Singularity/188564817/.m2/com/hubspot/SingularitySwagger/0.14.0-SNAPSHOT/SingularitySwagger-0.14.0-SNAPSHOT.pom
[INFO] Installing /root/workspace/HubSpot/Singularity/188564817/SingularitySwagger/target/SingularitySwagger-0.14.0-SNAPSHOT-sources.jar to /root/./workspace/HubSpot/Singularity/188564817/.m2/com/hubspot/SingularitySwagger/0.14.0-SNAPSHOT/SingularitySwagger-0.14.0-SNAPSHOT-sources.jar
[INFO]                                                                         
[INFO] ------------------------------------------------------------------------
[INFO] Building SingularityService 0.14.0-SNAPSHOT
[INFO] ------------------------------------------------------------------------
[INFO] 
[INFO] --- property-helper-maven-plugin:2.0:get (get-build-id) @ SingularityService ---
[INFO] 
[INFO] --- maven-enforcer-plugin:1.4.1:enforce (default) @ SingularityService ---
[INFO] 
[INFO] --- maven-dependency-versions-check-plugin:2.0.2:check (default) @ SingularityService ---
[INFO] Checking dependency versions
[INFO] 
[INFO] --- maven-checkstyle-plugin:2.17:check (default) @ SingularityService ---
[INFO] Starting audit...
[WARN] /root/workspace/HubSpot/Singularity/188564817/SingularityService/src/main/java/com/hubspot/singularity/config/UIConfiguration.java:21:10: Redundant 'static' modifier. [RedundantModifier]
[WARN] /root/workspace/HubSpot/Singularity/188564817/SingularityService/src/main/java/com/hubspot/singularity/data/zkmigrations/SingularityCmdLineArgsMigration.java:58:5: Redundant 'public' modifier. [RedundantModifier]
[WARN] /root/workspace/HubSpot/Singularity/188564817/SingularityService/src/main/java/com/hubspot/singularity/data/zkmigrations/SingularityRequestTypeMigration.java:84:9: Redundant 'public' modifier. [RedundantModifier]
[WARN] /root/workspace/HubSpot/Singularity/188564817/SingularityService/src/main/java/com/hubspot/singularity/data/zkmigrations/SingularityRequestTypeMigration.java:139:9: Redundant 'public' modifier. [RedundantModifier]
[WARN] /root/workspace/HubSpot/Singularity/188564817/SingularityService/src/main/java/com/hubspot/singularity/data/history/SingularityHistoryModule.java:126:5: Redundant 'public' modifier. [RedundantModifier]
[WARN] /root/workspace/HubSpot/Singularity/188564817/SingularityService/src/main/java/com/hubspot/singularity/data/CuratorManager.java:59:5: Redundant 'public' modifier. [RedundantModifier]
[WARN] /root/workspace/HubSpot/Singularity/188564817/SingularityService/src/main/java/com/hubspot/singularity/scheduler/SingularityNewTaskChecker.java:164:10: Redundant 'static' modifier. [RedundantModifier]
[WARN] /root/workspace/HubSpot/Singularity/188564817/SingularityService/src/main/java/com/hubspot/singularity/scheduler/SingularityExpiringUserActionPoller.java:169:5: Redundant 'public' modifier. [RedundantModifier]
[WARN] /root/workspace/HubSpot/Singularity/188564817/SingularityService/src/main/java/com/hubspot/singularity/scheduler/SingularityExpiringUserActionPoller.java:218:5: Redundant 'public' modifier. [RedundantModifier]
[WARN] /root/workspace/HubSpot/Singularity/188564817/SingularityService/src/main/java/com/hubspot/singularity/scheduler/SingularityExpiringUserActionPoller.java:243:5: Redundant 'public' modifier. [RedundantModifier]
[WARN] /root/workspace/HubSpot/Singularity/188564817/SingularityService/src/main/java/com/hubspot/singularity/scheduler/SingularityExpiringUserActionPoller.java:283:5: Redundant 'public' modifier. [RedundantModifier]
[WARN] /root/workspace/HubSpot/Singularity/188564817/SingularityService/src/main/java/com/hubspot/singularity/scheduler/SingularityExpiringUserActionPoller.java:309:5: Redundant 'public' modifier. [RedundantModifier]
[WARN] /root/workspace/HubSpot/Singularity/188564817/SingularityService/src/main/java/com/hubspot/singularity/hooks/LoadBalancerClientImpl.java:110:5: Redundant 'public' modifier. [RedundantModifier]
[WARN] /root/workspace/HubSpot/Singularity/188564817/SingularityService/src/main/java/com/hubspot/singularity/smtp/SmtpMailer.java:355:5: Redundant 'private' modifier. [RedundantModifier]
Audit done.
[INFO] 
[INFO] --- dependency-management-plugin:0.4:analyze (analyze) @ SingularityService ---
[INFO] No dependency management issues found
[INFO] 
[INFO] --- git-commit-id-plugin:2.2.0:revision (default) @ SingularityService ---
[INFO] 
[INFO] --- jacoco-maven-plugin:0.7.5.201505241946:prepare-agent (default) @ SingularityService ---
[INFO] argLine set to -javaagent:/root/./workspace/HubSpot/Singularity/188564817/.m2/org/jacoco/org.jacoco.agent/0.7.5.201505241946/org.jacoco.agent-0.7.5.201505241946-runtime.jar=destfile=/root/workspace/HubSpot/Singularity/188564817/SingularityService/target/jacoco.exec
[INFO] 
[INFO] --- maven-resources-plugin:2.7:copy-resources (copy-index.html-template) @ SingularityService ---
[INFO] Using 'UTF-8' encoding to copy filtered resources.
[INFO] Copying 1 resource
[INFO] 
[INFO] --- maven-resources-plugin:2.7:copy-resources (copy-ui) @ SingularityService ---
[INFO] Using 'UTF-8' encoding to copy filtered resources.
[INFO] Copying 15 resources
[INFO] 
[INFO] --- build-helper-maven-plugin:1.10:add-resource (add-generated-resources) @ SingularityService ---
[INFO] 
[INFO] --- maven-resources-plugin:2.7:resources (default-resources) @ SingularityService ---
[INFO] Using 'UTF-8' encoding to copy filtered resources.
[INFO] Copying 9 resources
[INFO] Copying 16 resources
[INFO] 
[INFO] --- maven-compiler-plugin:3.3:compile (default-compile) @ SingularityService ---
[INFO] Nothing to compile - all classes are up to date
[INFO] 
[INFO] --- swagger-maven-plugin:2.3.2:generate (build-embedded-documentation) @ SingularityService ---
[INFO] Reflections took 71 ms to scan 1 urls, producing 12 keys and 66 values 
[INFO] Detect Resource:com.hubspot.singularity.resources.RequestGroupResource
UNKNOWN TYPE: java.lang.Iterable
[INFO] Detect Resource:com.hubspot.singularity.resources.RequestResource
[INFO] Detect Resource:com.hubspot.singularity.resources.StateResource
UNKNOWN TYPE: com.hubspot.singularity.SingularityPaginatedResponse
UNKNOWN TYPE: com.hubspot.singularity.SingularityPaginatedResponse
UNKNOWN TYPE: java.lang.Iterable
UNKNOWN TYPE: com.hubspot.singularity.SingularityPaginatedResponse
UNKNOWN TYPE: com.hubspot.singularity.SingularityPaginatedResponse
UNKNOWN TYPE: com.hubspot.singularity.SingularityPaginatedResponse
[INFO] Detect Resource:com.hubspot.singularity.resources.HistoryResource
[INFO] Detect Resource:com.hubspot.singularity.resources.TestResource
[INFO] Detect Resource:com.hubspot.singularity.resources.SlaveResource
[INFO] Detect Resource:com.hubspot.singularity.resources.PriorityResource
[INFO] Detect Resource:com.hubspot.singularity.resources.SandboxResource
UNKNOWN TYPE: java.lang.Iterable
UNKNOWN TYPE: java.lang.Iterable
UNKNOWN TYPE: java.lang.Iterable
UNKNOWN TYPE: java.lang.Iterable
UNKNOWN TYPE: java.lang.Iterable
UNKNOWN TYPE: java.lang.Iterable
[INFO] Detect Resource:com.hubspot.singularity.resources.TaskResource
[INFO] Detect Resource:com.hubspot.singularity.resources.DisastersResource
[INFO] Detect Resource:com.hubspot.singularity.resources.DeployResource
[INFO] Detect Resource:com.hubspot.singularity.resources.RackResource
[INFO] Detect Resource:com.hubspot.singularity.resources.S3LogResource
[INFO] Detect Resource:com.hubspot.singularity.resources.WebhookResource
[INFO] Writing doc to /root/workspace/HubSpot/Singularity/188564817/SingularityService/target/classes/assets/api-docs/index.html...
[INFO] Done!
[INFO] Creating file /root/workspace/HubSpot/Singularity/188564817/SingularityService/target/classes/assets/api-docs/service.json
[INFO] Creating file /root/workspace/HubSpot/Singularity/188564817/SingularityService/target/classes/assets/api-docs/api_groups.json
[INFO] Creating file /root/workspace/HubSpot/Singularity/188564817/SingularityService/target/classes/assets/api-docs/api_requests.json
[INFO] Creating file /root/workspace/HubSpot/Singularity/188564817/SingularityService/target/classes/assets/api-docs/api_state.json
[INFO] Creating file /root/workspace/HubSpot/Singularity/188564817/SingularityService/target/classes/assets/api-docs/api_history.json
[INFO] Creating file /root/workspace/HubSpot/Singularity/188564817/SingularityService/target/classes/assets/api-docs/api_test.json
[INFO] Creating file /root/workspace/HubSpot/Singularity/188564817/SingularityService/target/classes/assets/api-docs/api_slaves.json
[INFO] Creating file /root/workspace/HubSpot/Singularity/188564817/SingularityService/target/classes/assets/api-docs/api_priority.json
[INFO] Creating file /root/workspace/HubSpot/Singularity/188564817/SingularityService/target/classes/assets/api-docs/api_sandbox.json
[INFO] Creating file /root/workspace/HubSpot/Singularity/188564817/SingularityService/target/classes/assets/api-docs/api_tasks.json
[INFO] Creating file /root/workspace/HubSpot/Singularity/188564817/SingularityService/target/classes/assets/api-docs/api_disasters.json
[INFO] Creating file /root/workspace/HubSpot/Singularity/188564817/SingularityService/target/classes/assets/api-docs/api_deploys.json
[INFO] Creating file /root/workspace/HubSpot/Singularity/188564817/SingularityService/target/classes/assets/api-docs/api_racks.json
[INFO] Creating file /root/workspace/HubSpot/Singularity/188564817/SingularityService/target/classes/assets/api-docs/api_logs.json
[INFO] Creating file /root/workspace/HubSpot/Singularity/188564817/SingularityService/target/classes/assets/api-docs/api_webhooks.json
[INFO] 
[INFO] --- maven-resources-plugin:2.7:testResources (default-testResources) @ SingularityService ---
[INFO] Using 'UTF-8' encoding to copy filtered resources.
[INFO] Copying 3 resources
[INFO] 
[INFO] --- maven-compiler-plugin:3.3:testCompile (default-testCompile) @ SingularityService ---
[INFO] Nothing to compile - all classes are up to date
[INFO] 
[INFO] --- maven-surefire-plugin:2.19:test (default-test) @ SingularityService ---
[INFO] Tests are skipped.
[INFO] 
[INFO] --- maven-jar-plugin:2.6:jar (default-jar) @ SingularityService ---
[INFO] Building jar: /root/workspace/HubSpot/Singularity/188564817/SingularityService/target/SingularityService-0.14.0-SNAPSHOT.jar
[INFO] 
[INFO] --- maven-jar-plugin:2.6:test-jar (attach-tests) @ SingularityService ---
[INFO] 
[INFO] --- maven-source-plugin:2.4:jar-no-fork (attach-sources) @ SingularityService ---
[INFO] Building jar: /root/workspace/HubSpot/Singularity/188564817/SingularityService/target/SingularityService-0.14.0-SNAPSHOT-sources.jar
[INFO] 
[INFO] --- maven-source-plugin:2.4:test-jar-no-fork (attach-sources) @ SingularityService ---
[INFO] Building jar: /root/workspace/HubSpot/Singularity/188564817/SingularityService/target/SingularityService-0.14.0-SNAPSHOT-test-sources.jar
[INFO] 
[INFO] --- maven-shade-plugin:2.4.2:shade (default) @ SingularityService ---
[INFO] Including com.hubspot:SingularityBase:jar:0.14.0-SNAPSHOT in the shaded jar.
[INFO] Skipping pom dependency com.hubspot:SingularityUI:pom:0.14.0-SNAPSHOT in the shaded jar.
[INFO] Including com.hubspot:SingularityMesosClient:jar:0.14.0-SNAPSHOT in the shaded jar.
[INFO] Including com.hubspot:HorizonNing:jar:0.0.24 in the shaded jar.
[INFO] Including com.hubspot.jackson:jackson-jaxrs-propertyfiltering:jar:0.7.0 in the shaded jar.
[INFO] Including com.fasterxml.jackson.jaxrs:jackson-jaxrs-json-provider:jar:2.6.4 in the shaded jar.
[INFO] Including com.fasterxml.jackson.jaxrs:jackson-jaxrs-base:jar:2.6.4 in the shaded jar.
[INFO] Including com.fasterxml.jackson.module:jackson-module-jaxb-annotations:jar:2.6.4 in the shaded jar.
[INFO] Including com.codahale.metrics:metrics-servlets:jar:3.0.2 in the shaded jar.
[INFO] Including com.codahale.metrics:metrics-json:jar:3.0.2 in the shaded jar.
[INFO] Including com.hubspot.jackson:jackson-datatype-protobuf:jar:0.9.2 in the shaded jar.
[INFO] Including com.hubspot:BaragonCore:jar:0.4.0 in the shaded jar.
[INFO] Including com.amazonaws:aws-java-sdk-core:jar:1.9.37 in the shaded jar.
[INFO] Including com.google.inject:guice:jar:4.0 in the shaded jar.
[INFO] Including com.google.inject.extensions:guice-multibindings:jar:4.0 in the shaded jar.
[INFO] Including com.google.guava:guava:jar:17.0 in the shaded jar.
[INFO] Including com.google.protobuf:protobuf-java:jar:2.5.0 in the shaded jar.
[INFO] Including com.hubspot.dropwizard:dropwizard-guicier:jar:0.7.1.2 in the shaded jar.
[INFO] Including com.google.inject.extensions:guice-servlet:jar:4.0 in the shaded jar.
[INFO] Including io.dropwizard:dropwizard-servlets:jar:0.7.1 in the shaded jar.
[INFO] Including com.sun.jersey:jersey-servlet:jar:1.19 in the shaded jar.
[INFO] Including com.sun.jersey.contribs:jersey-guice:jar:1.19 in the shaded jar.
[INFO] Including javax.inject:javax.inject:jar:1 in the shaded jar.
[INFO] Including com.sun.mail:javax.mail:jar:1.5.2 in the shaded jar.
[INFO] Including javax.activation:activation:jar:1.1 in the shaded jar.
[INFO] Including javax.servlet:javax.servlet-api:jar:3.1.0 in the shaded jar.
[INFO] Including javax.ws.rs:jsr311-api:jar:1.1.1 in the shaded jar.
[INFO] Including javax.validation:validation-api:jar:1.1.0.Final in the shaded jar.
[INFO] Including org.slf4j:slf4j-api:jar:1.7.12 in the shaded jar.
[INFO] Including org.slf4j:jcl-over-slf4j:jar:1.7.12 in the shaded jar.
[INFO] Including ch.qos.logback:logback-classic:jar:1.1.3 in the shaded jar.
[INFO] Including ch.qos.logback:logback-core:jar:1.1.3 in the shaded jar.
[INFO] Including aopalliance:aopalliance:jar:1.0 in the shaded jar.
[INFO] Including org.apache.mesos:mesos:jar:0.28.2 in the shaded jar.
[INFO] Including org.apache.commons:commons-lang3:jar:3.4 in the shaded jar.
[INFO] Including org.apache.curator:curator-client:jar:2.8.0 in the shaded jar.
[INFO] Including org.apache.curator:curator-framework:jar:2.8.0 in the shaded jar.
[INFO] Including org.apache.zookeeper:zookeeper:jar:3.4.6 in the shaded jar.
[INFO] Including org.eclipse.jetty:jetty-server:jar:9.0.7.v20131107 in the shaded jar.
[INFO] Including org.eclipse.jetty:jetty-http:jar:9.0.7.v20131107 in the shaded jar.
[INFO] Including org.eclipse.jetty:jetty-io:jar:9.0.7.v20131107 in the shaded jar.
[INFO] Including org.eclipse.jetty:jetty-servlets:jar:9.0.7.v20131107 in the shaded jar.
[INFO] Including org.eclipse.jetty:jetty-continuation:jar:9.0.7.v20131107 in the shaded jar.
[INFO] Including org.eclipse.jetty:jetty-util:jar:9.0.7.v20131107 in the shaded jar.
[INFO] Including de.neuland-bfi:jade4j:jar:0.4.0 in the shaded jar.
[INFO] Including org.apache.commons:commons-jexl:jar:2.1.1 in the shaded jar.
[INFO] Including commons-collections:commons-collections:jar:3.2.1 in the shaded jar.
[INFO] Including commons-io:commons-io:jar:2.4 in the shaded jar.
[INFO] Including com.googlecode.concurrentlinkedhashmap:concurrentlinkedhashmap-lru:jar:1.3.1 in the shaded jar.
[INFO] Including org.pegdown:pegdown:jar:1.1.0 in the shaded jar.
[INFO] Including org.parboiled:parboiled-core:jar:1.0.2 in the shaded jar.
[INFO] Including org.parboiled:parboiled-java:jar:1.0.2 in the shaded jar.
[INFO] Including asm:asm:jar:3.3.1 in the shaded jar.
[INFO] Including asm:asm-util:jar:3.3.1 in the shaded jar.
[INFO] Including asm:asm-tree:jar:3.3.1 in the shaded jar.
[INFO] Including asm:asm-analysis:jar:3.3.1 in the shaded jar.
[INFO] Including com.ning:async-http-client:jar:1.8.12 in the shaded jar.
[INFO] Including io.netty:netty:jar:3.9.2.Final in the shaded jar.
[INFO] Including io.dropwizard:dropwizard-jdbi:jar:0.7.1 in the shaded jar.
[INFO] Including com.codahale.metrics:metrics-jdbi:jar:3.0.2 in the shaded jar.
[INFO] Including io.dropwizard:dropwizard-migrations:jar:0.7.1 in the shaded jar.
[INFO] Including com.mattbertolini:liquibase-slf4j:jar:1.2.1 in the shaded jar.
[INFO] Including io.dropwizard:dropwizard-assets:jar:0.7.1 in the shaded jar.
[INFO] Including io.dropwizard:dropwizard-core:jar:0.7.1 in the shaded jar.
[INFO] Including io.dropwizard:dropwizard-util:jar:0.7.1 in the shaded jar.
[INFO] Including io.dropwizard:dropwizard-validation:jar:0.7.1 in the shaded jar.
[INFO] Including org.glassfish.web:javax.el:jar:2.2.6 in the shaded jar.
[INFO] Including javax.el:javax.el-api:jar:2.2.5 in the shaded jar.
[INFO] Including io.dropwizard:dropwizard-logging:jar:0.7.1 in the shaded jar.
[INFO] Including com.codahale.metrics:metrics-logback:jar:3.0.2 in the shaded jar.
[INFO] Including org.slf4j:jul-to-slf4j:jar:1.7.12 in the shaded jar.
[INFO] Including org.slf4j:log4j-over-slf4j:jar:1.7.12 in the shaded jar.
[INFO] Including io.dropwizard:dropwizard-metrics:jar:0.7.1 in the shaded jar.
[INFO] Including com.codahale.metrics:metrics-jvm:jar:3.0.2 in the shaded jar.
[INFO] Including net.sourceforge.argparse4j:argparse4j:jar:0.4.3 in the shaded jar.
[INFO] Including org.eclipse.jetty.toolchain.setuid:jetty-setuid-java:jar:1.0.2 in the shaded jar.
[INFO] Including io.dropwizard:dropwizard-configuration:jar:0.7.1 in the shaded jar.
[INFO] Including commons-lang:commons-lang:jar:2.6 in the shaded jar.
[INFO] Including io.dropwizard:dropwizard-db:jar:0.7.1 in the shaded jar.
[INFO] Including org.apache.tomcat:tomcat-jdbc:jar:7.0.50 in the shaded jar.
[INFO] Including org.apache.tomcat:tomcat-juli:jar:7.0.50 in the shaded jar.
[INFO] Including io.dropwizard:dropwizard-jackson:jar:0.7.1 in the shaded jar.
[INFO] Including com.fasterxml.jackson.module:jackson-module-afterburner:jar:2.6.4 in the shaded jar.
[INFO] Including com.fasterxml.jackson.datatype:jackson-datatype-joda:jar:2.6.4 in the shaded jar.
[INFO] Including io.dropwizard:dropwizard-jersey:jar:0.7.1 in the shaded jar.
[INFO] Including com.codahale.metrics:metrics-jersey:jar:3.0.2 in the shaded jar.
[INFO] Including io.dropwizard:dropwizard-jetty:jar:0.7.1 in the shaded jar.
[INFO] Including com.codahale.metrics:metrics-jetty9:jar:3.0.2 in the shaded jar.
[INFO] Including org.eclipse.jetty:jetty-servlet:jar:9.0.7.v20131107 in the shaded jar.
[INFO] Including org.eclipse.jetty:jetty-security:jar:9.0.7.v20131107 in the shaded jar.
[INFO] Including io.dropwizard:dropwizard-lifecycle:jar:0.7.1 in the shaded jar.
[INFO] Including io.dropwizard:dropwizard-views:jar:0.7.1 in the shaded jar.
[INFO] Including io.dropwizard:dropwizard-views-mustache:jar:0.7.1 in the shaded jar.
[INFO] Including com.github.spullara.mustache.java:compiler:jar:0.8.15 in the shaded jar.
[INFO] Including com.codahale.metrics:metrics-core:jar:3.0.2 in the shaded jar.
[INFO] Including com.codahale.metrics:metrics-healthchecks:jar:3.0.2 in the shaded jar.
[INFO] Including com.codahale.metrics:metrics-annotation:jar:3.0.2 in the shaded jar.
[INFO] Including com.codahale.metrics:metrics-graphite:jar:3.0.2 in the shaded jar.
[INFO] Including com.palominolabs.metrics:metrics-guice:jar:3.1.1 in the shaded jar.
[INFO] Including com.fasterxml.jackson.core:jackson-annotations:jar:2.6.4 in the shaded jar.
[INFO] Including com.fasterxml.jackson.core:jackson-core:jar:2.6.4 in the shaded jar.
[INFO] Including com.fasterxml.jackson.core:jackson-databind:jar:2.6.4 in the shaded jar.
[INFO] Including com.fasterxml.jackson.dataformat:jackson-dataformat-yaml:jar:2.6.4 in the shaded jar.
[INFO] Including com.fasterxml.jackson.datatype:jackson-datatype-guava:jar:2.6.4 in the shaded jar.
[INFO] Including com.sun.jersey:jersey-core:jar:1.19 in the shaded jar.
[INFO] Including com.sun.jersey:jersey-server:jar:1.19 in the shaded jar.
[INFO] Including org.hibernate:hibernate-validator:jar:5.1.1.Final in the shaded jar.
[INFO] Including org.jboss.logging:jboss-logging:jar:3.1.4.GA in the shaded jar.
[INFO] Including com.fasterxml:classmate:jar:1.0.0 in the shaded jar.
[INFO] Including org.jdbi:jdbi:jar:2.62 in the shaded jar.
[INFO] Including org.antlr:stringtemplate:jar:3.2.1 in the shaded jar.
[INFO] Including antlr:antlr:jar:2.7.7 in the shaded jar.
[INFO] Including mysql:mysql-connector-java:jar:5.1.29 in the shaded jar.
[INFO] Including org.apache.curator:curator-recipes:jar:2.8.0 in the shaded jar.
[INFO] Including org.quartz-scheduler:quartz:jar:2.2.1 in the shaded jar.
[INFO] Including c3p0:c3p0:jar:0.9.1.1 in the shaded jar.
[INFO] Including net.kencochrane.raven:raven:jar:6.0.0 in the shaded jar.
[INFO] Including org.iq80.snappy:snappy:jar:0.3 in the shaded jar.
[INFO] Including net.java.dev.jets3t:jets3t:jar:0.9.0 in the shaded jar.
[INFO] Including commons-codec:commons-codec:jar:1.10 in the shaded jar.
[INFO] Including org.apache.httpcomponents:httpclient:jar:4.5.1 in the shaded jar.
[INFO] Including org.apache.httpcomponents:httpcore:jar:4.4.4 in the shaded jar.
[INFO] Including com.jamesmurty.utils:java-xmlbuilder:jar:0.4 in the shaded jar.
[INFO] Including com.google.code.findbugs:annotations:jar:3.0.1 in the shaded jar.
[INFO] Including com.wordnik:swagger-annotations:jar:1.3.12 in the shaded jar.
[INFO] Including com.hubspot:HorizonCore:jar:0.0.24 in the shaded jar.
[INFO] Including org.xerial.snappy:snappy-java:jar:1.1.2 in the shaded jar.
[INFO] Including org.liquibase:liquibase-core:jar:3.1.1 in the shaded jar.
[INFO] Including org.yaml:snakeyaml:jar:1.13 in the shaded jar.
[INFO] Including org.apache.directory.api:api-all:jar:1.0.0-M28 in the shaded jar.
[INFO] Including org.apache.servicemix.bundles:org.apache.servicemix.bundles.xpp3:jar:1.1.4c_6 in the shaded jar.
[INFO] Including org.apache.servicemix.bundles:org.apache.servicemix.bundles.dom4j:jar:1.6.1_5 in the shaded jar.
[INFO] Including xml-apis:xml-apis:jar:1.0.b2 in the shaded jar.
[INFO] Including commons-pool:commons-pool:jar:1.6 in the shaded jar.
[INFO] Including org.apache.mina:mina-core:jar:2.0.9 in the shaded jar.
[INFO] Including org.dmfs:lib-recur:jar:0.9.4 in the shaded jar.
[INFO] Including org.dmfs:rfc5545-datetime:jar:0.2.2 in the shaded jar.
[INFO] Including joda-time:joda-time:jar:2.7 in the shaded jar.
[INFO] 
[INFO] --- maven-dependency-plugin:2.10:analyze-only (default) @ SingularityService ---
[INFO] No dependency problems found
[INFO] 
[INFO] --- maven-dependency-plugin:2.10:analyze-duplicate (default) @ SingularityService ---
[INFO] No duplicate dependencies found in <dependencies/> or in <dependencyManagement/>
[INFO] 
[INFO] --- maven-dependency-plugin:2.10:analyze-dep-mgt (default) @ SingularityService ---
[INFO] Found Resolved Dependency / DependencyManagement mismatches:
[INFO] 	Ignoring Direct Dependencies.
[INFO] org.yaml:snakeyaml:jar was excluded in DepMgt, but version 1.13 has been found in the dependency tree.
[INFO] io.netty:netty:jar was excluded in DepMgt, but version 3.9.2.Final has been found in the dependency tree.
[WARNING] Potential problems found in Dependency Management 
[INFO] 
[INFO] --- duplicate-finder-maven-plugin:1.2.1:check (default) @ SingularityService ---
[INFO] Checking compile classpath
[INFO] Checking runtime classpath
[INFO] Checking test classpath
[INFO] 
[INFO] >>> findbugs-maven-plugin:3.0.3:check (default) > :findbugs @ SingularityService >>>
[INFO] 
[INFO] --- findbugs-maven-plugin:3.0.3:findbugs (findbugs) @ SingularityService ---
[INFO] Fork Value is true
[INFO] Done FindBugs Analysis....
[INFO] 
[INFO] <<< findbugs-maven-plugin:3.0.3:check (default) < :findbugs @ SingularityService <<<
[INFO] 
[INFO] --- findbugs-maven-plugin:3.0.3:check (default) @ SingularityService ---
[INFO] BugInstance size is 0
[INFO] Error size is 0
[INFO] No errors/warnings found
[INFO] 
[INFO] >>> maven-pmd-plugin:3.6:check (default) > :pmd @ SingularityService >>>
[INFO] 
[INFO] --- maven-pmd-plugin:3.6:pmd (pmd) @ SingularityService ---
[WARNING] Unable to locate Source XRef to link to - DISABLED
[WARNING] Unable to locate Source XRef to link to - DISABLED
[INFO] 
[INFO] <<< maven-pmd-plugin:3.6:check (default) < :pmd @ SingularityService <<<
[INFO] 
[INFO] --- maven-pmd-plugin:3.6:check (default) @ SingularityService ---
[INFO] 
[INFO] 
[INFO] --- license-maven-plugin:2.11:check (default) @ SingularityService ---
[INFO] 
[INFO] --- maven-install-plugin:2.5.2:install (default-install) @ SingularityService ---
[INFO] Installing /root/workspace/HubSpot/Singularity/188564817/SingularityService/target/SingularityService-0.14.0-SNAPSHOT.jar to /root/./workspace/HubSpot/Singularity/188564817/.m2/com/hubspot/SingularityService/0.14.0-SNAPSHOT/SingularityService-0.14.0-SNAPSHOT.jar
[INFO] Installing /root/workspace/HubSpot/Singularity/188564817/SingularityService/pom.xml to /root/./workspace/HubSpot/Singularity/188564817/.m2/com/hubspot/SingularityService/0.14.0-SNAPSHOT/SingularityService-0.14.0-SNAPSHOT.pom
[INFO] Installing /root/workspace/HubSpot/Singularity/188564817/SingularityService/target/SingularityService-0.14.0-SNAPSHOT-tests.jar to /root/./workspace/HubSpot/Singularity/188564817/.m2/com/hubspot/SingularityService/0.14.0-SNAPSHOT/SingularityService-0.14.0-SNAPSHOT-tests.jar
[INFO] Installing /root/workspace/HubSpot/Singularity/188564817/SingularityService/target/SingularityService-0.14.0-SNAPSHOT-sources.jar to /root/./workspace/HubSpot/Singularity/188564817/.m2/com/hubspot/SingularityService/0.14.0-SNAPSHOT/SingularityService-0.14.0-SNAPSHOT-sources.jar
[INFO] Installing /root/workspace/HubSpot/Singularity/188564817/SingularityService/target/SingularityService-0.14.0-SNAPSHOT-test-sources.jar to /root/./workspace/HubSpot/Singularity/188564817/.m2/com/hubspot/SingularityService/0.14.0-SNAPSHOT/SingularityService-0.14.0-SNAPSHOT-test-sources.jar
[INFO]                                                                         
[INFO] ------------------------------------------------------------------------
[INFO] Building SingularityRunnerBase 0.14.0-SNAPSHOT
[INFO] ------------------------------------------------------------------------
[INFO] 
[INFO] --- property-helper-maven-plugin:2.0:get (get-build-id) @ SingularityRunnerBase ---
[INFO] 
[INFO] --- maven-enforcer-plugin:1.4.1:enforce (default) @ SingularityRunnerBase ---
[INFO] 
[INFO] --- maven-dependency-versions-check-plugin:2.0.2:check (default) @ SingularityRunnerBase ---
[INFO] Checking dependency versions
[INFO] 
[INFO] --- maven-checkstyle-plugin:2.17:check (default) @ SingularityRunnerBase ---
[INFO] Starting audit...
[WARN] /root/workspace/HubSpot/Singularity/188564817/SingularityRunnerBase/src/main/java/com/hubspot/singularity/runner/base/shared/SimpleProcessManager.java:108:5: Redundant 'public' modifier. [RedundantModifier]
[WARN] /root/workspace/HubSpot/Singularity/188564817/SingularityRunnerBase/src/main/java/com/hubspot/singularity/runner/base/shared/Signal.java:8:3: Redundant 'private' modifier. [RedundantModifier]
Audit done.
[INFO] 
[INFO] --- dependency-management-plugin:0.4:analyze (analyze) @ SingularityRunnerBase ---
[INFO] No dependency management issues found
[INFO] 
[INFO] --- git-commit-id-plugin:2.2.0:revision (default) @ SingularityRunnerBase ---
[INFO] 
[INFO] --- jacoco-maven-plugin:0.7.5.201505241946:prepare-agent (default) @ SingularityRunnerBase ---
[INFO] argLine set to -javaagent:/root/./workspace/HubSpot/Singularity/188564817/.m2/org/jacoco/org.jacoco.agent/0.7.5.201505241946/org.jacoco.agent-0.7.5.201505241946-runtime.jar=destfile=/root/workspace/HubSpot/Singularity/188564817/SingularityRunnerBase/target/jacoco.exec
[INFO] 
[INFO] --- maven-resources-plugin:2.7:resources (default-resources) @ SingularityRunnerBase ---
[INFO] Using 'UTF-8' encoding to copy filtered resources.
[INFO] skip non existing resourceDirectory /root/workspace/HubSpot/Singularity/188564817/SingularityRunnerBase/src/main/resources
[INFO] 
[INFO] --- maven-compiler-plugin:3.3:compile (default-compile) @ SingularityRunnerBase ---
[INFO] Nothing to compile - all classes are up to date
[INFO] 
[INFO] --- maven-resources-plugin:2.7:testResources (default-testResources) @ SingularityRunnerBase ---
[INFO] Using 'UTF-8' encoding to copy filtered resources.
[INFO] skip non existing resourceDirectory /root/workspace/HubSpot/Singularity/188564817/SingularityRunnerBase/src/test/resources
[INFO] 
[INFO] --- maven-compiler-plugin:3.3:testCompile (default-testCompile) @ SingularityRunnerBase ---
[INFO] No sources to compile
[INFO] 
[INFO] --- maven-surefire-plugin:2.19:test (default-test) @ SingularityRunnerBase ---
[INFO] Tests are skipped.
[INFO] 
[INFO] --- maven-jar-plugin:2.6:jar (default-jar) @ SingularityRunnerBase ---
[INFO] Building jar: /root/workspace/HubSpot/Singularity/188564817/SingularityRunnerBase/target/SingularityRunnerBase-0.14.0-SNAPSHOT.jar
[INFO] 
[INFO] --- maven-jar-plugin:2.6:test-jar (attach-tests) @ SingularityRunnerBase ---
[INFO] Skipping packaging of the test-jar
[INFO] 
[INFO] --- maven-source-plugin:2.4:jar-no-fork (attach-sources) @ SingularityRunnerBase ---
[INFO] Building jar: /root/workspace/HubSpot/Singularity/188564817/SingularityRunnerBase/target/SingularityRunnerBase-0.14.0-SNAPSHOT-sources.jar
[INFO] 
[INFO] --- maven-source-plugin:2.4:test-jar-no-fork (attach-sources) @ SingularityRunnerBase ---
[INFO] No sources in project. Archive not created.
[INFO] 
[INFO] --- maven-dependency-plugin:2.10:analyze-only (default) @ SingularityRunnerBase ---
[INFO] No dependency problems found
[INFO] 
[INFO] --- maven-dependency-plugin:2.10:analyze-duplicate (default) @ SingularityRunnerBase ---
[INFO] No duplicate dependencies found in <dependencies/> or in <dependencyManagement/>
[INFO] 
[INFO] --- maven-dependency-plugin:2.10:analyze-dep-mgt (default) @ SingularityRunnerBase ---
[INFO] Found Resolved Dependency / DependencyManagement mismatches:
[INFO] 	Ignoring Direct Dependencies.
[INFO] aopalliance:aopalliance:jar was excluded in DepMgt, but version 1.0 has been found in the dependency tree.
[INFO] joda-time:joda-time:jar was excluded in DepMgt, but version 2.7 has been found in the dependency tree.
[WARNING] Potential problems found in Dependency Management 
[INFO] 
[INFO] --- duplicate-finder-maven-plugin:1.2.1:check (default) @ SingularityRunnerBase ---
[INFO] Checking compile classpath
[INFO] Checking runtime classpath
[INFO] Checking test classpath
[INFO] 
[INFO] >>> findbugs-maven-plugin:3.0.3:check (default) > :findbugs @ SingularityRunnerBase >>>
[INFO] 
[INFO] --- findbugs-maven-plugin:3.0.3:findbugs (findbugs) @ SingularityRunnerBase ---
[INFO] Fork Value is true
[INFO] Done FindBugs Analysis....
[INFO] 
[INFO] <<< findbugs-maven-plugin:3.0.3:check (default) < :findbugs @ SingularityRunnerBase <<<
[INFO] 
[INFO] --- findbugs-maven-plugin:3.0.3:check (default) @ SingularityRunnerBase ---
[INFO] BugInstance size is 0
[INFO] Error size is 0
[INFO] No errors/warnings found
[INFO] 
[INFO] >>> maven-pmd-plugin:3.6:check (default) > :pmd @ SingularityRunnerBase >>>
[INFO] 
[INFO] --- maven-pmd-plugin:3.6:pmd (pmd) @ SingularityRunnerBase ---
[WARNING] Unable to locate Source XRef to link to - DISABLED
[WARNING] Unable to locate Source XRef to link to - DISABLED
[INFO] 
[INFO] <<< maven-pmd-plugin:3.6:check (default) < :pmd @ SingularityRunnerBase <<<
[INFO] 
[INFO] --- maven-pmd-plugin:3.6:check (default) @ SingularityRunnerBase ---
[INFO] 
[INFO] 
[INFO] --- license-maven-plugin:2.11:check (default) @ SingularityRunnerBase ---
[INFO] 
[INFO] --- maven-install-plugin:2.5.2:install (default-install) @ SingularityRunnerBase ---
[INFO] Installing /root/workspace/HubSpot/Singularity/188564817/SingularityRunnerBase/target/SingularityRunnerBase-0.14.0-SNAPSHOT.jar to /root/./workspace/HubSpot/Singularity/188564817/.m2/com/hubspot/SingularityRunnerBase/0.14.0-SNAPSHOT/SingularityRunnerBase-0.14.0-SNAPSHOT.jar
[INFO] Installing /root/workspace/HubSpot/Singularity/188564817/SingularityRunnerBase/pom.xml to /root/./workspace/HubSpot/Singularity/188564817/.m2/com/hubspot/SingularityRunnerBase/0.14.0-SNAPSHOT/SingularityRunnerBase-0.14.0-SNAPSHOT.pom
[INFO] Installing /root/workspace/HubSpot/Singularity/188564817/SingularityRunnerBase/target/SingularityRunnerBase-0.14.0-SNAPSHOT-sources.jar to /root/./workspace/HubSpot/Singularity/188564817/.m2/com/hubspot/SingularityRunnerBase/0.14.0-SNAPSHOT/SingularityRunnerBase-0.14.0-SNAPSHOT-sources.jar
[INFO]                                                                         
[INFO] ------------------------------------------------------------------------
[INFO] Building SingularityS3Base 0.14.0-SNAPSHOT
[INFO] ------------------------------------------------------------------------
[INFO] 
[INFO] --- property-helper-maven-plugin:2.0:get (get-build-id) @ SingularityS3Base ---
[INFO] 
[INFO] --- maven-enforcer-plugin:1.4.1:enforce (default) @ SingularityS3Base ---
[INFO] 
[INFO] --- maven-dependency-versions-check-plugin:2.0.2:check (default) @ SingularityS3Base ---
[INFO] Checking dependency versions
[INFO] 
[INFO] --- maven-checkstyle-plugin:2.17:check (default) @ SingularityS3Base ---
[INFO] Starting audit...
Audit done.
[INFO] 
[INFO] --- dependency-management-plugin:0.4:analyze (analyze) @ SingularityS3Base ---
[INFO] No dependency management issues found
[INFO] 
[INFO] --- git-commit-id-plugin:2.2.0:revision (default) @ SingularityS3Base ---
[INFO] 
[INFO] --- jacoco-maven-plugin:0.7.5.201505241946:prepare-agent (default) @ SingularityS3Base ---
[INFO] argLine set to -javaagent:/root/./workspace/HubSpot/Singularity/188564817/.m2/org/jacoco/org.jacoco.agent/0.7.5.201505241946/org.jacoco.agent-0.7.5.201505241946-runtime.jar=destfile=/root/workspace/HubSpot/Singularity/188564817/SingularityS3Base/target/jacoco.exec
[INFO] 
[INFO] --- maven-resources-plugin:2.7:resources (default-resources) @ SingularityS3Base ---
[INFO] Using 'UTF-8' encoding to copy filtered resources.
[INFO] skip non existing resourceDirectory /root/workspace/HubSpot/Singularity/188564817/SingularityS3Base/src/main/resources
[INFO] 
[INFO] --- maven-compiler-plugin:3.3:compile (default-compile) @ SingularityS3Base ---
[INFO] Nothing to compile - all classes are up to date
[INFO] 
[INFO] --- maven-resources-plugin:2.7:testResources (default-testResources) @ SingularityS3Base ---
[INFO] Using 'UTF-8' encoding to copy filtered resources.
[INFO] skip non existing resourceDirectory /root/workspace/HubSpot/Singularity/188564817/SingularityS3Base/src/test/resources
[INFO] 
[INFO] --- maven-compiler-plugin:3.3:testCompile (default-testCompile) @ SingularityS3Base ---
[INFO] No sources to compile
[INFO] 
[INFO] --- maven-surefire-plugin:2.19:test (default-test) @ SingularityS3Base ---
[INFO] Tests are skipped.
[INFO] 
[INFO] --- maven-jar-plugin:2.6:jar (default-jar) @ SingularityS3Base ---
[INFO] Building jar: /root/workspace/HubSpot/Singularity/188564817/SingularityS3Base/target/SingularityS3Base-0.14.0-SNAPSHOT.jar
[INFO] 
[INFO] --- maven-jar-plugin:2.6:test-jar (attach-tests) @ SingularityS3Base ---
[INFO] Skipping packaging of the test-jar
[INFO] 
[INFO] --- maven-source-plugin:2.4:jar-no-fork (attach-sources) @ SingularityS3Base ---
[INFO] Building jar: /root/workspace/HubSpot/Singularity/188564817/SingularityS3Base/target/SingularityS3Base-0.14.0-SNAPSHOT-sources.jar
[INFO] 
[INFO] --- maven-source-plugin:2.4:test-jar-no-fork (attach-sources) @ SingularityS3Base ---
[INFO] No sources in project. Archive not created.
[INFO] 
[INFO] --- maven-dependency-plugin:2.10:analyze-only (default) @ SingularityS3Base ---
[INFO] No dependency problems found
[INFO] 
[INFO] --- maven-dependency-plugin:2.10:analyze-duplicate (default) @ SingularityS3Base ---
[INFO] No duplicate dependencies found in <dependencies/> or in <dependencyManagement/>
[INFO] 
[INFO] --- maven-dependency-plugin:2.10:analyze-dep-mgt (default) @ SingularityS3Base ---
[INFO] Found Resolved Dependency / DependencyManagement mismatches:
[INFO] 	Ignoring Direct Dependencies.
[INFO] aopalliance:aopalliance:jar was excluded in DepMgt, but version 1.0 has been found in the dependency tree.
[INFO] com.google.inject:guice:jar was excluded in DepMgt, but version 4.0 has been found in the dependency tree.
[INFO] com.fasterxml.jackson.core:jackson-databind:jar was excluded in DepMgt, but version 2.6.4 has been found in the dependency tree.
[INFO] joda-time:joda-time:jar was excluded in DepMgt, but version 2.7 has been found in the dependency tree.
[INFO] com.fasterxml.jackson.core:jackson-core:jar was excluded in DepMgt, but version 2.6.4 has been found in the dependency tree.
[WARNING] Potential problems found in Dependency Management 
[INFO] 
[INFO] --- duplicate-finder-maven-plugin:1.2.1:check (default) @ SingularityS3Base ---
[INFO] Checking compile classpath
[INFO] Checking runtime classpath
[INFO] Checking test classpath
[INFO] 
[INFO] >>> findbugs-maven-plugin:3.0.3:check (default) > :findbugs @ SingularityS3Base >>>
[INFO] 
[INFO] --- findbugs-maven-plugin:3.0.3:findbugs (findbugs) @ SingularityS3Base ---
[INFO] Fork Value is true
[INFO] Done FindBugs Analysis....
[INFO] 
[INFO] <<< findbugs-maven-plugin:3.0.3:check (default) < :findbugs @ SingularityS3Base <<<
[INFO] 
[INFO] --- findbugs-maven-plugin:3.0.3:check (default) @ SingularityS3Base ---
[INFO] BugInstance size is 0
[INFO] Error size is 0
[INFO] No errors/warnings found
[INFO] 
[INFO] >>> maven-pmd-plugin:3.6:check (default) > :pmd @ SingularityS3Base >>>
[INFO] 
[INFO] --- maven-pmd-plugin:3.6:pmd (pmd) @ SingularityS3Base ---
[WARNING] Unable to locate Source XRef to link to - DISABLED
[WARNING] Unable to locate Source XRef to link to - DISABLED
[INFO] 
[INFO] <<< maven-pmd-plugin:3.6:check (default) < :pmd @ SingularityS3Base <<<
[INFO] 
[INFO] --- maven-pmd-plugin:3.6:check (default) @ SingularityS3Base ---
[INFO] 
[INFO] 
[INFO] --- license-maven-plugin:2.11:check (default) @ SingularityS3Base ---
[INFO] 
[INFO] --- maven-install-plugin:2.5.2:install (default-install) @ SingularityS3Base ---
[INFO] Installing /root/workspace/HubSpot/Singularity/188564817/SingularityS3Base/target/SingularityS3Base-0.14.0-SNAPSHOT.jar to /root/./workspace/HubSpot/Singularity/188564817/.m2/com/hubspot/SingularityS3Base/0.14.0-SNAPSHOT/SingularityS3Base-0.14.0-SNAPSHOT.jar
[INFO] Installing /root/workspace/HubSpot/Singularity/188564817/SingularityS3Base/pom.xml to /root/./workspace/HubSpot/Singularity/188564817/.m2/com/hubspot/SingularityS3Base/0.14.0-SNAPSHOT/SingularityS3Base-0.14.0-SNAPSHOT.pom
[INFO] Installing /root/workspace/HubSpot/Singularity/188564817/SingularityS3Base/target/SingularityS3Base-0.14.0-SNAPSHOT-sources.jar to /root/./workspace/HubSpot/Singularity/188564817/.m2/com/hubspot/SingularityS3Base/0.14.0-SNAPSHOT/SingularityS3Base-0.14.0-SNAPSHOT-sources.jar
[INFO]                                                                         
[INFO] ------------------------------------------------------------------------
[INFO] Building SingularityClient 0.14.0-SNAPSHOT
[INFO] ------------------------------------------------------------------------
[INFO] 
[INFO] --- property-helper-maven-plugin:2.0:get (get-build-id) @ SingularityClient ---
[INFO] 
[INFO] --- maven-enforcer-plugin:1.4.1:enforce (default) @ SingularityClient ---
[INFO] 
[INFO] --- maven-dependency-versions-check-plugin:2.0.2:check (default) @ SingularityClient ---
[INFO] Checking dependency versions
[INFO] 
[INFO] --- maven-checkstyle-plugin:2.17:check (default) @ SingularityClient ---
[INFO] Starting audit...
Audit done.
[INFO] 
[INFO] --- dependency-management-plugin:0.4:analyze (analyze) @ SingularityClient ---
[INFO] No dependency management issues found
[INFO] 
[INFO] --- git-commit-id-plugin:2.2.0:revision (default) @ SingularityClient ---
[INFO] 
[INFO] --- jacoco-maven-plugin:0.7.5.201505241946:prepare-agent (default) @ SingularityClient ---
[INFO] argLine set to -javaagent:/root/./workspace/HubSpot/Singularity/188564817/.m2/org/jacoco/org.jacoco.agent/0.7.5.201505241946/org.jacoco.agent-0.7.5.201505241946-runtime.jar=destfile=/root/workspace/HubSpot/Singularity/188564817/SingularityClient/target/jacoco.exec
[INFO] 
[INFO] --- maven-resources-plugin:2.7:resources (default-resources) @ SingularityClient ---
[INFO] Using 'UTF-8' encoding to copy filtered resources.
[INFO] skip non existing resourceDirectory /root/workspace/HubSpot/Singularity/188564817/SingularityClient/src/main/resources
[INFO] 
[INFO] --- maven-compiler-plugin:3.3:compile (default-compile) @ SingularityClient ---
[INFO] Nothing to compile - all classes are up to date
[INFO] 
[INFO] --- maven-resources-plugin:2.7:testResources (default-testResources) @ SingularityClient ---
[INFO] Using 'UTF-8' encoding to copy filtered resources.
[INFO] skip non existing resourceDirectory /root/workspace/HubSpot/Singularity/188564817/SingularityClient/src/test/resources
[INFO] 
[INFO] --- maven-compiler-plugin:3.3:testCompile (default-testCompile) @ SingularityClient ---
[INFO] Nothing to compile - all classes are up to date
[INFO] 
[INFO] --- maven-surefire-plugin:2.19:test (default-test) @ SingularityClient ---
[INFO] Tests are skipped.
[INFO] 
[INFO] --- maven-jar-plugin:2.6:jar (default-jar) @ SingularityClient ---
[INFO] Building jar: /root/workspace/HubSpot/Singularity/188564817/SingularityClient/target/SingularityClient-0.14.0-SNAPSHOT.jar
[INFO] 
[INFO] --- maven-jar-plugin:2.6:test-jar (attach-tests) @ SingularityClient ---
[INFO] Building jar: /root/workspace/HubSpot/Singularity/188564817/SingularityClient/target/SingularityClient-0.14.0-SNAPSHOT-tests.jar
[INFO] 
[INFO] --- maven-source-plugin:2.4:jar-no-fork (attach-sources) @ SingularityClient ---
[INFO] Building jar: /root/workspace/HubSpot/Singularity/188564817/SingularityClient/target/SingularityClient-0.14.0-SNAPSHOT-sources.jar
[INFO] 
[INFO] --- maven-source-plugin:2.4:test-jar-no-fork (attach-sources) @ SingularityClient ---
[INFO] Building jar: /root/workspace/HubSpot/Singularity/188564817/SingularityClient/target/SingularityClient-0.14.0-SNAPSHOT-test-sources.jar
[INFO] 
[INFO] --- maven-shade-plugin:2.4.2:shade (default) @ SingularityClient ---
[INFO] Excluding com.hubspot:SingularityBase:jar:0.14.0-SNAPSHOT from the shaded jar.
[INFO] Excluding com.hubspot:BaragonCore:jar:0.4.0 from the shaded jar.
[INFO] Excluding com.amazonaws:aws-java-sdk-core:jar:1.9.37 from the shaded jar.
[INFO] Excluding org.apache.httpcomponents:httpclient:jar:4.5.1 from the shaded jar.
[INFO] Excluding org.apache.httpcomponents:httpcore:jar:4.4.4 from the shaded jar.
[INFO] Excluding com.fasterxml.jackson.core:jackson-annotations:jar:2.6.4 from the shaded jar.
[INFO] Excluding com.hubspot.jackson:jackson-datatype-protobuf:jar:0.9.2 from the shaded jar.
[INFO] Excluding com.google.protobuf:protobuf-java:jar:2.5.0 from the shaded jar.
[INFO] Excluding com.fasterxml.jackson.datatype:jackson-datatype-guava:jar:2.6.4 from the shaded jar.
[INFO] Excluding org.apache.mesos:mesos:jar:0.28.2 from the shaded jar.
[INFO] Excluding org.apache.commons:commons-lang3:jar:3.4 from the shaded jar.
[INFO] Excluding com.wordnik:swagger-annotations:jar:1.3.12 from the shaded jar.
[INFO] Excluding com.google.code.findbugs:annotations:jar:3.0.1 from the shaded jar.
[INFO] Excluding javax.validation:validation-api:jar:1.1.0.Final from the shaded jar.
[INFO] Including com.google.guava:guava:jar:17.0 in the shaded jar.
[INFO] Excluding org.slf4j:slf4j-api:jar:1.7.12 from the shaded jar.
[INFO] Excluding com.google.inject:guice:jar:4.0 from the shaded jar.
[INFO] Excluding aopalliance:aopalliance:jar:1.0 from the shaded jar.
[INFO] Excluding com.fasterxml.jackson.core:jackson-core:jar:2.6.4 from the shaded jar.
[INFO] Excluding com.fasterxml.jackson.core:jackson-databind:jar:2.6.4 from the shaded jar.
[INFO] Excluding org.apache.curator:curator-client:jar:2.8.0 from the shaded jar.
[INFO] Excluding org.apache.curator:curator-framework:jar:2.8.0 from the shaded jar.
[INFO] Excluding org.apache.zookeeper:zookeeper:jar:3.4.6 from the shaded jar.
[INFO] Excluding com.hubspot:HorizonCore:jar:0.0.24 from the shaded jar.
[INFO] Excluding commons-codec:commons-codec:jar:1.10 from the shaded jar.
[INFO] Excluding org.slf4j:jcl-over-slf4j:jar:1.7.12 from the shaded jar.
[INFO] Excluding org.xerial.snappy:snappy-java:jar:1.1.2 from the shaded jar.
[INFO] Excluding com.hubspot:HorizonNing:jar:0.0.24 from the shaded jar.
[INFO] Excluding javax.inject:javax.inject:jar:1 from the shaded jar.
[INFO] Minimizing jar com.hubspot:SingularityClient:jar:0.14.0-SNAPSHOT
[INFO] Minimized 1718 -> 1167 (67%)
[INFO] Attaching shaded artifact.
[INFO] 
[INFO] --- maven-dependency-plugin:2.10:analyze-only (default) @ SingularityClient ---
[INFO] No dependency problems found
[INFO] 
[INFO] --- maven-dependency-plugin:2.10:analyze-duplicate (default) @ SingularityClient ---
[INFO] No duplicate dependencies found in <dependencies/> or in <dependencyManagement/>
[INFO] 
[INFO] --- maven-dependency-plugin:2.10:analyze-dep-mgt (default) @ SingularityClient ---
[INFO] Found Resolved Dependency / DependencyManagement mismatches:
[INFO] 	Ignoring Direct Dependencies.
[INFO] aopalliance:aopalliance:jar was excluded in DepMgt, but version 1.0 has been found in the dependency tree.
[WARNING] Potential problems found in Dependency Management 
[INFO] 
[INFO] --- duplicate-finder-maven-plugin:1.2.1:check (default) @ SingularityClient ---
[INFO] Checking compile classpath
[INFO] Checking runtime classpath
[INFO] Checking test classpath
[INFO] 
[INFO] >>> findbugs-maven-plugin:3.0.3:check (default) > :findbugs @ SingularityClient >>>
[INFO] 
[INFO] --- findbugs-maven-plugin:3.0.3:findbugs (findbugs) @ SingularityClient ---
[INFO] Fork Value is true
[INFO] Done FindBugs Analysis....
[INFO] 
[INFO] <<< findbugs-maven-plugin:3.0.3:check (default) < :findbugs @ SingularityClient <<<
[INFO] 
[INFO] --- findbugs-maven-plugin:3.0.3:check (default) @ SingularityClient ---
[INFO] BugInstance size is 0
[INFO] Error size is 0
[INFO] No errors/warnings found
[INFO] 
[INFO] >>> maven-pmd-plugin:3.6:check (default) > :pmd @ SingularityClient >>>
[INFO] 
[INFO] --- maven-pmd-plugin:3.6:pmd (pmd) @ SingularityClient ---
[WARNING] Unable to locate Source XRef to link to - DISABLED
[WARNING] Unable to locate Source XRef to link to - DISABLED
[INFO] 
[INFO] <<< maven-pmd-plugin:3.6:check (default) < :pmd @ SingularityClient <<<
[INFO] 
[INFO] --- maven-pmd-plugin:3.6:check (default) @ SingularityClient ---
[INFO] 
[INFO] 
[INFO] --- license-maven-plugin:2.11:check (default) @ SingularityClient ---
[INFO] 
[INFO] --- maven-install-plugin:2.5.2:install (default-install) @ SingularityClient ---
[INFO] Installing /root/workspace/HubSpot/Singularity/188564817/SingularityClient/target/SingularityClient-0.14.0-SNAPSHOT.jar to /root/./workspace/HubSpot/Singularity/188564817/.m2/com/hubspot/SingularityClient/0.14.0-SNAPSHOT/SingularityClient-0.14.0-SNAPSHOT.jar
[INFO] Installing /root/workspace/HubSpot/Singularity/188564817/SingularityClient/pom.xml to /root/./workspace/HubSpot/Singularity/188564817/.m2/com/hubspot/SingularityClient/0.14.0-SNAPSHOT/SingularityClient-0.14.0-SNAPSHOT.pom
[INFO] Installing /root/workspace/HubSpot/Singularity/188564817/SingularityClient/target/SingularityClient-0.14.0-SNAPSHOT-tests.jar to /root/./workspace/HubSpot/Singularity/188564817/.m2/com/hubspot/SingularityClient/0.14.0-SNAPSHOT/SingularityClient-0.14.0-SNAPSHOT-tests.jar
[INFO] Installing /root/workspace/HubSpot/Singularity/188564817/SingularityClient/target/SingularityClient-0.14.0-SNAPSHOT-sources.jar to /root/./workspace/HubSpot/Singularity/188564817/.m2/com/hubspot/SingularityClient/0.14.0-SNAPSHOT/SingularityClient-0.14.0-SNAPSHOT-sources.jar
[INFO] Installing /root/workspace/HubSpot/Singularity/188564817/SingularityClient/target/SingularityClient-0.14.0-SNAPSHOT-test-sources.jar to /root/./workspace/HubSpot/Singularity/188564817/.m2/com/hubspot/SingularityClient/0.14.0-SNAPSHOT/SingularityClient-0.14.0-SNAPSHOT-test-sources.jar
[INFO] Installing /root/workspace/HubSpot/Singularity/188564817/SingularityClient/target/SingularityClient-0.14.0-SNAPSHOT-shaded.jar to /root/./workspace/HubSpot/Singularity/188564817/.m2/com/hubspot/SingularityClient/0.14.0-SNAPSHOT/SingularityClient-0.14.0-SNAPSHOT-shaded.jar
[INFO]                                                                         
[INFO] ------------------------------------------------------------------------
[INFO] Building SingularityExecutor 0.14.0-SNAPSHOT
[INFO] ------------------------------------------------------------------------
[INFO] 
[INFO] --- property-helper-maven-plugin:2.0:get (get-build-id) @ SingularityExecutor ---
[INFO] 
[INFO] --- maven-enforcer-plugin:1.4.1:enforce (default) @ SingularityExecutor ---
[INFO] 
[INFO] --- maven-dependency-versions-check-plugin:2.0.2:check (default) @ SingularityExecutor ---
[INFO] Checking dependency versions
[INFO] 
[INFO] --- maven-checkstyle-plugin:2.17:check (default) @ SingularityExecutor ---
[INFO] Starting audit...
[WARN] /root/workspace/HubSpot/Singularity/188564817/SingularityExecutor/src/main/java/com/hubspot/singularity/executor/task/SingularityExecutorArtifactFetcher.java:134:7: Redundant 'public' modifier. [RedundantModifier]
[WARN] /root/workspace/HubSpot/Singularity/188564817/SingularityExecutor/src/main/java/com/hubspot/singularity/executor/SingularityExecutorMonitor.java:485:5: Redundant 'public' modifier. [RedundantModifier]
[WARN] /root/workspace/HubSpot/Singularity/188564817/SingularityExecutor/src/main/java/com/hubspot/singularity/executor/shells/SingularityExecutorShellCommandRunner.java:39:5: Redundant 'public' modifier. [RedundantModifier]
Audit done.
[INFO] 
[INFO] --- dependency-management-plugin:0.4:analyze (analyze) @ SingularityExecutor ---
[INFO] No dependency management issues found
[INFO] 
[INFO] --- git-commit-id-plugin:2.2.0:revision (default) @ SingularityExecutor ---
[INFO] 
[INFO] --- jacoco-maven-plugin:0.7.5.201505241946:prepare-agent (default) @ SingularityExecutor ---
[INFO] argLine set to -javaagent:/root/./workspace/HubSpot/Singularity/188564817/.m2/org/jacoco/org.jacoco.agent/0.7.5.201505241946/org.jacoco.agent-0.7.5.201505241946-runtime.jar=destfile=/root/workspace/HubSpot/Singularity/188564817/SingularityExecutor/target/jacoco.exec
[INFO] 
[INFO] --- maven-resources-plugin:2.7:resources (default-resources) @ SingularityExecutor ---
[INFO] Using 'UTF-8' encoding to copy filtered resources.
[INFO] Copying 5 resources
[INFO] 
[INFO] --- maven-compiler-plugin:3.3:compile (default-compile) @ SingularityExecutor ---
[INFO] Nothing to compile - all classes are up to date
[INFO] 
[INFO] --- maven-resources-plugin:2.7:testResources (default-testResources) @ SingularityExecutor ---
[INFO] Using 'UTF-8' encoding to copy filtered resources.
[INFO] Copying 1 resource
[INFO] 
[INFO] --- maven-compiler-plugin:3.3:testCompile (default-testCompile) @ SingularityExecutor ---
[INFO] Nothing to compile - all classes are up to date
[INFO] 
[INFO] --- maven-surefire-plugin:2.19:test (default-test) @ SingularityExecutor ---
[INFO] Tests are skipped.
[INFO] 
[INFO] --- maven-jar-plugin:2.6:jar (default-jar) @ SingularityExecutor ---
[INFO] Building jar: /root/workspace/HubSpot/Singularity/188564817/SingularityExecutor/target/SingularityExecutor-0.14.0-SNAPSHOT.jar
[INFO] 
[INFO] --- maven-jar-plugin:2.6:test-jar (attach-tests) @ SingularityExecutor ---
[INFO] Building jar: /root/workspace/HubSpot/Singularity/188564817/SingularityExecutor/target/SingularityExecutor-0.14.0-SNAPSHOT-tests.jar
[INFO] 
[INFO] --- maven-source-plugin:2.4:jar-no-fork (attach-sources) @ SingularityExecutor ---
[INFO] Building jar: /root/workspace/HubSpot/Singularity/188564817/SingularityExecutor/target/SingularityExecutor-0.14.0-SNAPSHOT-sources.jar
[INFO] 
[INFO] --- maven-source-plugin:2.4:test-jar-no-fork (attach-sources) @ SingularityExecutor ---
[INFO] Building jar: /root/workspace/HubSpot/Singularity/188564817/SingularityExecutor/target/SingularityExecutor-0.14.0-SNAPSHOT-test-sources.jar
[INFO] 
[INFO] --- maven-shade-plugin:2.4.2:shade (default) @ SingularityExecutor ---
[INFO] Including com.hubspot:SingularityBase:jar:0.14.0-SNAPSHOT in the shaded jar.
[INFO] Including com.hubspot:BaragonCore:jar:0.4.0 in the shaded jar.
[INFO] Including com.amazonaws:aws-java-sdk-core:jar:1.9.37 in the shaded jar.
[INFO] Including com.hubspot.jackson:jackson-datatype-protobuf:jar:0.9.2 in the shaded jar.
[INFO] Including com.fasterxml.jackson.datatype:jackson-datatype-guava:jar:2.6.4 in the shaded jar.
[INFO] Including org.apache.commons:commons-lang3:jar:3.4 in the shaded jar.
[INFO] Including com.wordnik:swagger-annotations:jar:1.3.12 in the shaded jar.
[INFO] Including com.hubspot:SingularityRunnerBase:jar:0.14.0-SNAPSHOT in the shaded jar.
[INFO] Including ch.qos.logback:logback-core:jar:1.1.3 in the shaded jar.
[INFO] Including com.codahale.metrics:metrics-core:jar:3.0.2 in the shaded jar.
[INFO] Including io.dropwizard:dropwizard-configuration:jar:0.7.1 in the shaded jar.
[INFO] Including io.dropwizard:dropwizard-jackson:jar:0.7.1 in the shaded jar.
[INFO] Including io.dropwizard:dropwizard-util:jar:0.7.1 in the shaded jar.
[INFO] Including joda-time:joda-time:jar:2.7 in the shaded jar.
[INFO] Including com.fasterxml.jackson.module:jackson-module-afterburner:jar:2.6.4 in the shaded jar.
[INFO] Including com.fasterxml.jackson.datatype:jackson-datatype-joda:jar:2.6.4 in the shaded jar.
[INFO] Including io.dropwizard:dropwizard-validation:jar:0.7.1 in the shaded jar.
[INFO] Including org.glassfish.web:javax.el:jar:2.2.6 in the shaded jar.
[INFO] Including javax.el:javax.el-api:jar:2.2.5 in the shaded jar.
[INFO] Including com.fasterxml.jackson.dataformat:jackson-dataformat-yaml:jar:2.6.4 in the shaded jar.
[INFO] Including com.google.inject.extensions:guice-multibindings:jar:4.0 in the shaded jar.
[INFO] Including net.kencochrane.raven:raven:jar:6.0.0 in the shaded jar.
[INFO] Including com.hubspot:SingularityS3Base:jar:0.14.0-SNAPSHOT in the shaded jar.
[INFO] Including org.slf4j:jcl-over-slf4j:jar:1.7.12 in the shaded jar.
[INFO] Including net.java.dev.jets3t:jets3t:jar:0.9.0 in the shaded jar.
[INFO] Including commons-codec:commons-codec:jar:1.10 in the shaded jar.
[INFO] Including org.apache.httpcomponents:httpcore:jar:4.4.4 in the shaded jar.
[INFO] Including com.jamesmurty.utils:java-xmlbuilder:jar:0.4 in the shaded jar.
[INFO] Including com.google.inject:guice:jar:4.0 in the shaded jar.
[INFO] Including javax.inject:javax.inject:jar:1 in the shaded jar.
[INFO] Including aopalliance:aopalliance:jar:1.0 in the shaded jar.
[INFO] Including com.google.guava:guava:jar:17.0 in the shaded jar.
[INFO] Including com.github.rholder:guava-retrying:jar:1.0.7 in the shaded jar.
[INFO] Including org.slf4j:slf4j-api:jar:1.7.12 in the shaded jar.
[INFO] Including ch.qos.logback:logback-classic:jar:1.1.3 in the shaded jar.
[INFO] Including org.apache.mesos:mesos:jar:0.28.2 in the shaded jar.
[INFO] Including com.fasterxml.jackson.core:jackson-annotations:jar:2.6.4 in the shaded jar.
[INFO] Including com.fasterxml.jackson.core:jackson-core:jar:2.6.4 in the shaded jar.
[INFO] Including com.fasterxml.jackson.core:jackson-databind:jar:2.6.4 in the shaded jar.
[INFO] Including com.google.protobuf:protobuf-java:jar:2.5.0 in the shaded jar.
[INFO] Including com.github.jknack:handlebars:jar:1.3.1 in the shaded jar.
[INFO] Including org.antlr:antlr4-runtime:jar:4.2.2 in the shaded jar.
[INFO] Including org.antlr:antlr4-annotations:jar:4.2.2 in the shaded jar.
[INFO] Including org.mozilla:rhino:jar:1.7R4 in the shaded jar.
[INFO] Including com.spotify:docker-client:jar:3.1.5 in the shaded jar.
[INFO] Including com.fasterxml.jackson.jaxrs:jackson-jaxrs-json-provider:jar:2.6.4 in the shaded jar.
[INFO] Including com.fasterxml.jackson.jaxrs:jackson-jaxrs-base:jar:2.6.4 in the shaded jar.
[INFO] Including com.fasterxml.jackson.module:jackson-module-jaxb-annotations:jar:2.6.4 in the shaded jar.
[INFO] Including org.glassfish.jersey.core:jersey-client:jar:2.13 in the shaded jar.
[INFO] Including org.glassfish.jersey.core:jersey-common:jar:2.13 in the shaded jar.
[INFO] Including javax.annotation:javax.annotation-api:jar:1.2 in the shaded jar.
[INFO] Including org.glassfish.jersey.bundles.repackaged:jersey-guava:jar:2.13 in the shaded jar.
[INFO] Including org.glassfish.hk2:osgi-resource-locator:jar:1.0.1 in the shaded jar.
[INFO] Including javax.ws.rs:javax.ws.rs-api:jar:2.0.1 in the shaded jar.
[INFO] Including org.glassfish.hk2:hk2-api:jar:2.3.0-b10 in the shaded jar.
[INFO] Including org.glassfish.hk2:hk2-utils:jar:2.3.0-b10 in the shaded jar.
[INFO] Including org.glassfish.hk2:hk2-locator:jar:2.3.0-b10 in the shaded jar.
[INFO] Including org.javassist:javassist:jar:3.18.2-GA in the shaded jar.
[INFO] Including org.glassfish.jersey.connectors:jersey-apache-connector:jar:2.13 in the shaded jar.
[INFO] Including org.glassfish.jersey.media:jersey-media-json-jackson:jar:2.13 in the shaded jar.
[INFO] Including org.apache.commons:commons-compress:jar:1.8.1 in the shaded jar.
[INFO] Including org.apache.httpcomponents:httpclient:jar:4.5.1 in the shaded jar.
[INFO] Including com.github.jnr:jnr-unixsocket:jar:0.4 in the shaded jar.
[INFO] Including com.github.jnr:jnr-ffi:jar:2.0.0 in the shaded jar.
[INFO] Including com.github.jnr:jffi:jar:1.2.7 in the shaded jar.
[INFO] Including com.github.jnr:jffi:jar:native:1.2.7 in the shaded jar.
[INFO] Including org.ow2.asm:asm:jar:5.0.4 in the shaded jar.
[INFO] Including org.ow2.asm:asm-commons:jar:4.0 in the shaded jar.
[INFO] Including org.ow2.asm:asm-analysis:jar:4.0 in the shaded jar.
[INFO] Including org.ow2.asm:asm-tree:jar:4.0 in the shaded jar.
[INFO] Including org.ow2.asm:asm-util:jar:4.0 in the shaded jar.
[INFO] Including com.github.jnr:jnr-x86asm:jar:1.0.2 in the shaded jar.
[INFO] Including com.github.jnr:jnr-constants:jar:0.8.6 in the shaded jar.
[INFO] Including com.github.jnr:jnr-enxio:jar:0.5 in the shaded jar.
[INFO] Including com.github.jnr:jnr-posix:jar:3.0.8 in the shaded jar.
[INFO] Including commons-lang:commons-lang:jar:2.6 in the shaded jar.
[INFO] Including org.bouncycastle:bcpkix-jdk15on:jar:1.51 in the shaded jar.
[INFO] Including org.bouncycastle:bcprov-jdk15on:jar:1.51 in the shaded jar.
[INFO] Including com.ning:async-http-client:jar:1.8.12 in the shaded jar.
[INFO] Including io.netty:netty:jar:3.9.2.Final in the shaded jar.
[INFO] Including com.google.code.findbugs:annotations:jar:3.0.1 in the shaded jar.
[INFO] Including org.hibernate:hibernate-validator:jar:5.1.1.Final in the shaded jar.
[INFO] Including org.jboss.logging:jboss-logging:jar:3.1.4.GA in the shaded jar.
[INFO] Including com.fasterxml:classmate:jar:1.0.0 in the shaded jar.
[INFO] Including javax.validation:validation-api:jar:1.1.0.Final in the shaded jar.
[INFO] Including org.hamcrest:hamcrest-core:jar:1.3 in the shaded jar.
[INFO] Including org.mockito:mockito-core:jar:1.10.19 in the shaded jar.
[INFO] Including org.objenesis:objenesis:jar:2.1 in the shaded jar.
[INFO] 
[INFO] --- maven-dependency-plugin:2.10:analyze-only (default) @ SingularityExecutor ---
[INFO] No dependency problems found
[INFO] 
[INFO] --- maven-dependency-plugin:2.10:analyze-duplicate (default) @ SingularityExecutor ---
[INFO] No duplicate dependencies found in <dependencies/> or in <dependencyManagement/>
[INFO] 
[INFO] --- maven-dependency-plugin:2.10:analyze-dep-mgt (default) @ SingularityExecutor ---
[INFO] Found Resolved Dependency / DependencyManagement mismatches:
[INFO] 	Ignoring Direct Dependencies.
[INFO] aopalliance:aopalliance:jar was excluded in DepMgt, but version 1.0 has been found in the dependency tree.
[INFO] joda-time:joda-time:jar was excluded in DepMgt, but version 2.7 has been found in the dependency tree.
[INFO] io.netty:netty:jar was excluded in DepMgt, but version 3.9.2.Final has been found in the dependency tree.
[WARNING] Potential problems found in Dependency Management 
[INFO] 
[INFO] --- duplicate-finder-maven-plugin:1.2.1:check (default) @ SingularityExecutor ---
[INFO] Checking compile classpath
[INFO] Checking runtime classpath
[INFO] Checking test classpath
[INFO] 
[INFO] >>> findbugs-maven-plugin:3.0.3:check (default) > :findbugs @ SingularityExecutor >>>
[INFO] 
[INFO] --- findbugs-maven-plugin:3.0.3:findbugs (findbugs) @ SingularityExecutor ---
[INFO] Fork Value is true
[INFO] Done FindBugs Analysis....
[INFO] 
[INFO] <<< findbugs-maven-plugin:3.0.3:check (default) < :findbugs @ SingularityExecutor <<<
[INFO] 
[INFO] --- findbugs-maven-plugin:3.0.3:check (default) @ SingularityExecutor ---
[INFO] BugInstance size is 0
[INFO] Error size is 0
[INFO] No errors/warnings found
[INFO] 
[INFO] >>> maven-pmd-plugin:3.6:check (default) > :pmd @ SingularityExecutor >>>
[INFO] 
[INFO] --- maven-pmd-plugin:3.6:pmd (pmd) @ SingularityExecutor ---
[WARNING] Unable to locate Source XRef to link to - DISABLED
[WARNING] Unable to locate Source XRef to link to - DISABLED
[INFO] 
[INFO] <<< maven-pmd-plugin:3.6:check (default) < :pmd @ SingularityExecutor <<<
[INFO] 
[INFO] --- maven-pmd-plugin:3.6:check (default) @ SingularityExecutor ---
[INFO] 
[INFO] 
[INFO] --- license-maven-plugin:2.11:check (default) @ SingularityExecutor ---
[INFO] 
[INFO] --- maven-install-plugin:2.5.2:install (default-install) @ SingularityExecutor ---
[INFO] Installing /root/workspace/HubSpot/Singularity/188564817/SingularityExecutor/target/SingularityExecutor-0.14.0-SNAPSHOT.jar to /root/./workspace/HubSpot/Singularity/188564817/.m2/com/hubspot/SingularityExecutor/0.14.0-SNAPSHOT/SingularityExecutor-0.14.0-SNAPSHOT.jar
[INFO] Installing /root/workspace/HubSpot/Singularity/188564817/SingularityExecutor/pom.xml to /root/./workspace/HubSpot/Singularity/188564817/.m2/com/hubspot/SingularityExecutor/0.14.0-SNAPSHOT/SingularityExecutor-0.14.0-SNAPSHOT.pom
[INFO] Installing /root/workspace/HubSpot/Singularity/188564817/SingularityExecutor/target/SingularityExecutor-0.14.0-SNAPSHOT-tests.jar to /root/./workspace/HubSpot/Singularity/188564817/.m2/com/hubspot/SingularityExecutor/0.14.0-SNAPSHOT/SingularityExecutor-0.14.0-SNAPSHOT-tests.jar
[INFO] Installing /root/workspace/HubSpot/Singularity/188564817/SingularityExecutor/target/SingularityExecutor-0.14.0-SNAPSHOT-sources.jar to /root/./workspace/HubSpot/Singularity/188564817/.m2/com/hubspot/SingularityExecutor/0.14.0-SNAPSHOT/SingularityExecutor-0.14.0-SNAPSHOT-sources.jar
[INFO] Installing /root/workspace/HubSpot/Singularity/188564817/SingularityExecutor/target/SingularityExecutor-0.14.0-SNAPSHOT-test-sources.jar to /root/./workspace/HubSpot/Singularity/188564817/.m2/com/hubspot/SingularityExecutor/0.14.0-SNAPSHOT/SingularityExecutor-0.14.0-SNAPSHOT-test-sources.jar
[INFO]                                                                         
[INFO] ------------------------------------------------------------------------
[INFO] Building SingularityExecutorCleanup 0.14.0-SNAPSHOT
[INFO] ------------------------------------------------------------------------
[INFO] 
[INFO] --- property-helper-maven-plugin:2.0:get (get-build-id) @ SingularityExecutorCleanup ---
[INFO] 
[INFO] --- maven-enforcer-plugin:1.4.1:enforce (default) @ SingularityExecutorCleanup ---
[INFO] 
[INFO] --- maven-dependency-versions-check-plugin:2.0.2:check (default) @ SingularityExecutorCleanup ---
[INFO] Checking dependency versions
[INFO] 
[INFO] --- maven-checkstyle-plugin:2.17:check (default) @ SingularityExecutorCleanup ---
[INFO] Starting audit...
Audit done.
[INFO] 
[INFO] --- dependency-management-plugin:0.4:analyze (analyze) @ SingularityExecutorCleanup ---
[INFO] No dependency management issues found
[INFO] 
[INFO] --- git-commit-id-plugin:2.2.0:revision (default) @ SingularityExecutorCleanup ---
[INFO] 
[INFO] --- jacoco-maven-plugin:0.7.5.201505241946:prepare-agent (default) @ SingularityExecutorCleanup ---
[INFO] argLine set to -javaagent:/root/./workspace/HubSpot/Singularity/188564817/.m2/org/jacoco/org.jacoco.agent/0.7.5.201505241946/org.jacoco.agent-0.7.5.201505241946-runtime.jar=destfile=/root/workspace/HubSpot/Singularity/188564817/SingularityExecutorCleanup/target/jacoco.exec
[INFO] 
[INFO] --- maven-resources-plugin:2.7:resources (default-resources) @ SingularityExecutorCleanup ---
[INFO] Using 'UTF-8' encoding to copy filtered resources.
[INFO] skip non existing resourceDirectory /root/workspace/HubSpot/Singularity/188564817/SingularityExecutorCleanup/src/main/resources
[INFO] 
[INFO] --- maven-compiler-plugin:3.3:compile (default-compile) @ SingularityExecutorCleanup ---
[INFO] Nothing to compile - all classes are up to date
[INFO] 
[INFO] --- maven-resources-plugin:2.7:testResources (default-testResources) @ SingularityExecutorCleanup ---
[INFO] Using 'UTF-8' encoding to copy filtered resources.
[INFO] skip non existing resourceDirectory /root/workspace/HubSpot/Singularity/188564817/SingularityExecutorCleanup/src/test/resources
[INFO] 
[INFO] --- maven-compiler-plugin:3.3:testCompile (default-testCompile) @ SingularityExecutorCleanup ---
[INFO] No sources to compile
[INFO] 
[INFO] --- maven-surefire-plugin:2.19:test (default-test) @ SingularityExecutorCleanup ---
[INFO] Tests are skipped.
[INFO] 
[INFO] --- maven-jar-plugin:2.6:jar (default-jar) @ SingularityExecutorCleanup ---
[INFO] Building jar: /root/workspace/HubSpot/Singularity/188564817/SingularityExecutorCleanup/target/SingularityExecutorCleanup-0.14.0-SNAPSHOT.jar
[INFO] 
[INFO] --- maven-jar-plugin:2.6:test-jar (attach-tests) @ SingularityExecutorCleanup ---
[INFO] Skipping packaging of the test-jar
[INFO] 
[INFO] --- maven-source-plugin:2.4:jar-no-fork (attach-sources) @ SingularityExecutorCleanup ---
[INFO] Building jar: /root/workspace/HubSpot/Singularity/188564817/SingularityExecutorCleanup/target/SingularityExecutorCleanup-0.14.0-SNAPSHOT-sources.jar
[INFO] 
[INFO] --- maven-source-plugin:2.4:test-jar-no-fork (attach-sources) @ SingularityExecutorCleanup ---
[INFO] No sources in project. Archive not created.
[INFO] 
[INFO] --- maven-shade-plugin:2.4.2:shade (default) @ SingularityExecutorCleanup ---
[INFO] Including com.hubspot:SingularityBase:jar:0.14.0-SNAPSHOT in the shaded jar.
[INFO] Including com.hubspot:BaragonCore:jar:0.4.0 in the shaded jar.
[INFO] Including com.amazonaws:aws-java-sdk-core:jar:1.9.37 in the shaded jar.
[INFO] Including com.fasterxml.jackson.core:jackson-databind:jar:2.6.4 in the shaded jar.
[INFO] Including com.hubspot.jackson:jackson-datatype-protobuf:jar:0.9.2 in the shaded jar.
[INFO] Including com.fasterxml.jackson.datatype:jackson-datatype-guava:jar:2.6.4 in the shaded jar.
[INFO] Including org.apache.commons:commons-lang3:jar:3.4 in the shaded jar.
[INFO] Including com.wordnik:swagger-annotations:jar:1.3.12 in the shaded jar.
[INFO] Including com.google.code.findbugs:annotations:jar:3.0.1 in the shaded jar.
[INFO] Including com.hubspot:SingularityRunnerBase:jar:0.14.0-SNAPSHOT in the shaded jar.
[INFO] Including ch.qos.logback:logback-core:jar:1.1.3 in the shaded jar.
[INFO] Including com.codahale.metrics:metrics-core:jar:3.0.2 in the shaded jar.
[INFO] Including io.dropwizard:dropwizard-configuration:jar:0.7.1 in the shaded jar.
[INFO] Including io.dropwizard:dropwizard-jackson:jar:0.7.1 in the shaded jar.
[INFO] Including io.dropwizard:dropwizard-util:jar:0.7.1 in the shaded jar.
[INFO] Including joda-time:joda-time:jar:2.7 in the shaded jar.
[INFO] Including com.fasterxml.jackson.module:jackson-module-afterburner:jar:2.6.4 in the shaded jar.
[INFO] Including com.fasterxml.jackson.datatype:jackson-datatype-joda:jar:2.6.4 in the shaded jar.
[INFO] Including io.dropwizard:dropwizard-validation:jar:0.7.1 in the shaded jar.
[INFO] Including org.glassfish.web:javax.el:jar:2.2.6 in the shaded jar.
[INFO] Including javax.el:javax.el-api:jar:2.2.5 in the shaded jar.
[INFO] Including com.fasterxml.jackson.dataformat:jackson-dataformat-yaml:jar:2.6.4 in the shaded jar.
[INFO] Including com.google.inject.extensions:guice-multibindings:jar:4.0 in the shaded jar.
[INFO] Including com.fasterxml.jackson.core:jackson-core:jar:2.6.4 in the shaded jar.
[INFO] Including net.kencochrane.raven:raven:jar:6.0.0 in the shaded jar.
[INFO] Including com.hubspot:SingularityExecutor:jar:0.14.0-SNAPSHOT in the shaded jar.
[INFO] Including com.github.rholder:guava-retrying:jar:1.0.7 in the shaded jar.
[INFO] Including com.google.protobuf:protobuf-java:jar:2.5.0 in the shaded jar.
[INFO] Including com.github.jknack:handlebars:jar:1.3.1 in the shaded jar.
[INFO] Including org.antlr:antlr4-runtime:jar:4.2.2 in the shaded jar.
[INFO] Including org.antlr:antlr4-annotations:jar:4.2.2 in the shaded jar.
[INFO] Including org.mozilla:rhino:jar:1.7R4 in the shaded jar.
[INFO] Including com.ning:async-http-client:jar:1.8.12 in the shaded jar.
[INFO] Including io.netty:netty:jar:3.9.2.Final in the shaded jar.
[INFO] Including org.mockito:mockito-core:jar:1.10.19 in the shaded jar.
[INFO] Including org.hamcrest:hamcrest-core:jar:1.3 in the shaded jar.
[INFO] Including org.objenesis:objenesis:jar:2.1 in the shaded jar.
[INFO] Including com.hubspot:SingularityClient:jar:0.14.0-SNAPSHOT in the shaded jar.
[INFO] Including org.apache.curator:curator-client:jar:2.8.0 in the shaded jar.
[INFO] Including org.apache.curator:curator-framework:jar:2.8.0 in the shaded jar.
[INFO] Including org.apache.zookeeper:zookeeper:jar:3.4.6 in the shaded jar.
[INFO] Including com.hubspot:HorizonCore:jar:0.0.24 in the shaded jar.
[INFO] Including commons-codec:commons-codec:jar:1.10 in the shaded jar.
[INFO] Including org.xerial.snappy:snappy-java:jar:1.1.2 in the shaded jar.
[INFO] Including com.hubspot:HorizonNing:jar:0.0.24 in the shaded jar.
[INFO] Including javax.inject:javax.inject:jar:1 in the shaded jar.
[INFO] Including com.hubspot:SingularityMesosClient:jar:0.14.0-SNAPSHOT in the shaded jar.
[INFO] Including org.apache.mesos:mesos:jar:0.28.2 in the shaded jar.
[INFO] Including com.google.inject:guice:jar:4.0 in the shaded jar.
[INFO] Including aopalliance:aopalliance:jar:1.0 in the shaded jar.
[INFO] Including com.google.guava:guava:jar:17.0 in the shaded jar.
[INFO] Including org.slf4j:slf4j-api:jar:1.7.12 in the shaded jar.
[INFO] Including ch.qos.logback:logback-classic:jar:1.1.3 in the shaded jar.
[INFO] Including com.spotify:docker-client:jar:3.1.5 in the shaded jar.
[INFO] Including com.fasterxml.jackson.jaxrs:jackson-jaxrs-json-provider:jar:2.6.4 in the shaded jar.
[INFO] Including com.fasterxml.jackson.jaxrs:jackson-jaxrs-base:jar:2.6.4 in the shaded jar.
[INFO] Including com.fasterxml.jackson.module:jackson-module-jaxb-annotations:jar:2.6.4 in the shaded jar.
[INFO] Including org.glassfish.jersey.core:jersey-client:jar:2.13 in the shaded jar.
[INFO] Including org.glassfish.jersey.core:jersey-common:jar:2.13 in the shaded jar.
[INFO] Including javax.annotation:javax.annotation-api:jar:1.2 in the shaded jar.
[INFO] Including org.glassfish.jersey.bundles.repackaged:jersey-guava:jar:2.13 in the shaded jar.
[INFO] Including org.glassfish.hk2:osgi-resource-locator:jar:1.0.1 in the shaded jar.
[INFO] Including javax.ws.rs:javax.ws.rs-api:jar:2.0.1 in the shaded jar.
[INFO] Including org.glassfish.hk2:hk2-api:jar:2.3.0-b10 in the shaded jar.
[INFO] Including org.glassfish.hk2:hk2-utils:jar:2.3.0-b10 in the shaded jar.
[INFO] Including org.glassfish.hk2:hk2-locator:jar:2.3.0-b10 in the shaded jar.
[INFO] Including org.javassist:javassist:jar:3.18.2-GA in the shaded jar.
[INFO] Including org.glassfish.jersey.connectors:jersey-apache-connector:jar:2.13 in the shaded jar.
[INFO] Including org.glassfish.jersey.media:jersey-media-json-jackson:jar:2.13 in the shaded jar.
[INFO] Including org.apache.commons:commons-compress:jar:1.8.1 in the shaded jar.
[INFO] Including org.apache.httpcomponents:httpclient:jar:4.5.1 in the shaded jar.
[INFO] Including org.apache.httpcomponents:httpcore:jar:4.4.4 in the shaded jar.
[INFO] Including com.github.jnr:jnr-unixsocket:jar:0.4 in the shaded jar.
[INFO] Including com.github.jnr:jnr-ffi:jar:2.0.0 in the shaded jar.
[INFO] Including com.github.jnr:jffi:jar:1.2.7 in the shaded jar.
[INFO] Including com.github.jnr:jffi:jar:native:1.2.7 in the shaded jar.
[INFO] Including org.ow2.asm:asm:jar:5.0.4 in the shaded jar.
[INFO] Including org.ow2.asm:asm-commons:jar:4.0 in the shaded jar.
[INFO] Including org.ow2.asm:asm-analysis:jar:4.0 in the shaded jar.
[INFO] Including org.ow2.asm:asm-tree:jar:4.0 in the shaded jar.
[INFO] Including org.ow2.asm:asm-util:jar:4.0 in the shaded jar.
[INFO] Including com.github.jnr:jnr-x86asm:jar:1.0.2 in the shaded jar.
[INFO] Including com.github.jnr:jnr-constants:jar:0.8.6 in the shaded jar.
[INFO] Including com.github.jnr:jnr-enxio:jar:0.5 in the shaded jar.
[INFO] Including com.github.jnr:jnr-posix:jar:3.0.8 in the shaded jar.
[INFO] Including commons-lang:commons-lang:jar:2.6 in the shaded jar.
[INFO] Including org.bouncycastle:bcpkix-jdk15on:jar:1.51 in the shaded jar.
[INFO] Including org.bouncycastle:bcprov-jdk15on:jar:1.51 in the shaded jar.
[INFO] Including org.hibernate:hibernate-validator:jar:5.1.1.Final in the shaded jar.
[INFO] Including org.jboss.logging:jboss-logging:jar:3.1.4.GA in the shaded jar.
[INFO] Including com.fasterxml:classmate:jar:1.0.0 in the shaded jar.
[INFO] Including javax.validation:validation-api:jar:1.1.0.Final in the shaded jar.
[INFO] Including com.fasterxml.jackson.core:jackson-annotations:jar:2.6.4 in the shaded jar.
[INFO] Including com.hubspot:SingularityS3Base:jar:0.14.0-SNAPSHOT in the shaded jar.
[INFO] Including org.slf4j:jcl-over-slf4j:jar:1.7.12 in the shaded jar.
[INFO] Including net.java.dev.jets3t:jets3t:jar:0.9.0 in the shaded jar.
[INFO] Including com.jamesmurty.utils:java-xmlbuilder:jar:0.4 in the shaded jar.
[INFO] 
[INFO] --- maven-dependency-plugin:2.10:analyze-only (default) @ SingularityExecutorCleanup ---
[INFO] No dependency problems found
[INFO] 
[INFO] --- maven-dependency-plugin:2.10:analyze-duplicate (default) @ SingularityExecutorCleanup ---
[INFO] No duplicate dependencies found in <dependencies/> or in <dependencyManagement/>
[INFO] 
[INFO] --- maven-dependency-plugin:2.10:analyze-dep-mgt (default) @ SingularityExecutorCleanup ---
[INFO] Found Resolved Dependency / DependencyManagement mismatches:
[INFO] 	Ignoring Direct Dependencies.
[INFO] aopalliance:aopalliance:jar was excluded in DepMgt, but version 1.0 has been found in the dependency tree.
[INFO] com.fasterxml.jackson.core:jackson-databind:jar was excluded in DepMgt, but version 2.6.4 has been found in the dependency tree.
[INFO] joda-time:joda-time:jar was excluded in DepMgt, but version 2.7 has been found in the dependency tree.
[INFO] io.netty:netty:jar was excluded in DepMgt, but version 3.9.2.Final has been found in the dependency tree.
[INFO] com.fasterxml.jackson.core:jackson-core:jar was excluded in DepMgt, but version 2.6.4 has been found in the dependency tree.
[WARNING] Potential problems found in Dependency Management 
[INFO] 
[INFO] --- duplicate-finder-maven-plugin:1.2.1:check (default) @ SingularityExecutorCleanup ---
[INFO] Checking compile classpath
[INFO] Checking runtime classpath
[INFO] Checking test classpath
[INFO] 
[INFO] >>> findbugs-maven-plugin:3.0.3:check (default) > :findbugs @ SingularityExecutorCleanup >>>
[INFO] 
[INFO] --- findbugs-maven-plugin:3.0.3:findbugs (findbugs) @ SingularityExecutorCleanup ---
[INFO] Fork Value is true
[INFO] Done FindBugs Analysis....
[INFO] 
[INFO] <<< findbugs-maven-plugin:3.0.3:check (default) < :findbugs @ SingularityExecutorCleanup <<<
[INFO] 
[INFO] --- findbugs-maven-plugin:3.0.3:check (default) @ SingularityExecutorCleanup ---
[INFO] BugInstance size is 0
[INFO] Error size is 0
[INFO] No errors/warnings found
[INFO] 
[INFO] >>> maven-pmd-plugin:3.6:check (default) > :pmd @ SingularityExecutorCleanup >>>
[INFO] 
[INFO] --- maven-pmd-plugin:3.6:pmd (pmd) @ SingularityExecutorCleanup ---
[WARNING] Unable to locate Source XRef to link to - DISABLED
[WARNING] Unable to locate Source XRef to link to - DISABLED
[INFO] 
[INFO] <<< maven-pmd-plugin:3.6:check (default) < :pmd @ SingularityExecutorCleanup <<<
[INFO] 
[INFO] --- maven-pmd-plugin:3.6:check (default) @ SingularityExecutorCleanup ---
[INFO] 
[INFO] 
[INFO] --- license-maven-plugin:2.11:check (default) @ SingularityExecutorCleanup ---
[INFO] 
[INFO] --- maven-install-plugin:2.5.2:install (default-install) @ SingularityExecutorCleanup ---
[INFO] Installing /root/workspace/HubSpot/Singularity/188564817/SingularityExecutorCleanup/target/SingularityExecutorCleanup-0.14.0-SNAPSHOT.jar to /root/./workspace/HubSpot/Singularity/188564817/.m2/com/hubspot/SingularityExecutorCleanup/0.14.0-SNAPSHOT/SingularityExecutorCleanup-0.14.0-SNAPSHOT.jar
[INFO] Installing /root/workspace/HubSpot/Singularity/188564817/SingularityExecutorCleanup/pom.xml to /root/./workspace/HubSpot/Singularity/188564817/.m2/com/hubspot/SingularityExecutorCleanup/0.14.0-SNAPSHOT/SingularityExecutorCleanup-0.14.0-SNAPSHOT.pom
[INFO] Installing /root/workspace/HubSpot/Singularity/188564817/SingularityExecutorCleanup/target/SingularityExecutorCleanup-0.14.0-SNAPSHOT-sources.jar to /root/./workspace/HubSpot/Singularity/188564817/.m2/com/hubspot/SingularityExecutorCleanup/0.14.0-SNAPSHOT/SingularityExecutorCleanup-0.14.0-SNAPSHOT-sources.jar
[INFO]                                                                         
[INFO] ------------------------------------------------------------------------
[INFO] Building SingularityS3Uploader 0.14.0-SNAPSHOT
[INFO] ------------------------------------------------------------------------
[INFO] 
[INFO] --- property-helper-maven-plugin:2.0:get (get-build-id) @ SingularityS3Uploader ---
[INFO] 
[INFO] --- maven-enforcer-plugin:1.4.1:enforce (default) @ SingularityS3Uploader ---
[INFO] 
[INFO] --- maven-dependency-versions-check-plugin:2.0.2:check (default) @ SingularityS3Uploader ---
[INFO] Checking dependency versions
[INFO] 
[INFO] --- maven-checkstyle-plugin:2.17:check (default) @ SingularityS3Uploader ---
[INFO] Starting audit...
[WARN] /root/workspace/HubSpot/Singularity/188564817/SingularityS3Uploader/src/main/java/com/hubspot/singularity/s3uploader/SingularityS3Uploader.java:219:5: Redundant 'public' modifier. [RedundantModifier]
Audit done.
[INFO] 
[INFO] --- dependency-management-plugin:0.4:analyze (analyze) @ SingularityS3Uploader ---
[INFO] No dependency management issues found
[INFO] 
[INFO] --- git-commit-id-plugin:2.2.0:revision (default) @ SingularityS3Uploader ---
[INFO] 
[INFO] --- jacoco-maven-plugin:0.7.5.201505241946:prepare-agent (default) @ SingularityS3Uploader ---
[INFO] argLine set to -javaagent:/root/./workspace/HubSpot/Singularity/188564817/.m2/org/jacoco/org.jacoco.agent/0.7.5.201505241946/org.jacoco.agent-0.7.5.201505241946-runtime.jar=destfile=/root/workspace/HubSpot/Singularity/188564817/SingularityS3Uploader/target/jacoco.exec
[INFO] 
[INFO] --- maven-resources-plugin:2.7:resources (default-resources) @ SingularityS3Uploader ---
[INFO] Using 'UTF-8' encoding to copy filtered resources.
[INFO] skip non existing resourceDirectory /root/workspace/HubSpot/Singularity/188564817/SingularityS3Uploader/src/main/resources
[INFO] 
[INFO] --- maven-compiler-plugin:3.3:compile (default-compile) @ SingularityS3Uploader ---
[INFO] Nothing to compile - all classes are up to date
[INFO] 
[INFO] --- maven-resources-plugin:2.7:testResources (default-testResources) @ SingularityS3Uploader ---
[INFO] Using 'UTF-8' encoding to copy filtered resources.
[INFO] skip non existing resourceDirectory /root/workspace/HubSpot/Singularity/188564817/SingularityS3Uploader/src/test/resources
[INFO] 
[INFO] --- maven-compiler-plugin:3.3:testCompile (default-testCompile) @ SingularityS3Uploader ---
[INFO] No sources to compile
[INFO] 
[INFO] --- maven-surefire-plugin:2.19:test (default-test) @ SingularityS3Uploader ---
[INFO] Tests are skipped.
[INFO] 
[INFO] --- maven-jar-plugin:2.6:jar (default-jar) @ SingularityS3Uploader ---
[INFO] Building jar: /root/workspace/HubSpot/Singularity/188564817/SingularityS3Uploader/target/SingularityS3Uploader-0.14.0-SNAPSHOT.jar
[INFO] 
[INFO] --- maven-jar-plugin:2.6:test-jar (attach-tests) @ SingularityS3Uploader ---
[INFO] Skipping packaging of the test-jar
[INFO] 
[INFO] --- maven-source-plugin:2.4:jar-no-fork (attach-sources) @ SingularityS3Uploader ---
[INFO] Building jar: /root/workspace/HubSpot/Singularity/188564817/SingularityS3Uploader/target/SingularityS3Uploader-0.14.0-SNAPSHOT-sources.jar
[INFO] 
[INFO] --- maven-source-plugin:2.4:test-jar-no-fork (attach-sources) @ SingularityS3Uploader ---
[INFO] No sources in project. Archive not created.
[INFO] 
[INFO] --- maven-shade-plugin:2.4.2:shade (default) @ SingularityS3Uploader ---
[INFO] Including com.hubspot:SingularityRunnerBase:jar:0.14.0-SNAPSHOT in the shaded jar.
[INFO] Including ch.qos.logback:logback-core:jar:1.1.3 in the shaded jar.
[INFO] Including com.fasterxml.jackson.core:jackson-databind:jar:2.6.4 in the shaded jar.
[INFO] Including com.google.code.findbugs:annotations:jar:3.0.1 in the shaded jar.
[INFO] Including io.dropwizard:dropwizard-configuration:jar:0.7.1 in the shaded jar.
[INFO] Including io.dropwizard:dropwizard-jackson:jar:0.7.1 in the shaded jar.
[INFO] Including io.dropwizard:dropwizard-util:jar:0.7.1 in the shaded jar.
[INFO] Including joda-time:joda-time:jar:2.7 in the shaded jar.
[INFO] Including com.fasterxml.jackson.module:jackson-module-afterburner:jar:2.6.4 in the shaded jar.
[INFO] Including com.fasterxml.jackson.datatype:jackson-datatype-joda:jar:2.6.4 in the shaded jar.
[INFO] Including io.dropwizard:dropwizard-validation:jar:0.7.1 in the shaded jar.
[INFO] Including org.glassfish.web:javax.el:jar:2.2.6 in the shaded jar.
[INFO] Including javax.el:javax.el-api:jar:2.2.5 in the shaded jar.
[INFO] Including commons-lang:commons-lang:jar:2.6 in the shaded jar.
[INFO] Including com.fasterxml.jackson.dataformat:jackson-dataformat-yaml:jar:2.6.4 in the shaded jar.
[INFO] Including com.google.inject.extensions:guice-multibindings:jar:4.0 in the shaded jar.
[INFO] Including com.hubspot.jackson:jackson-datatype-protobuf:jar:0.9.2 in the shaded jar.
[INFO] Including com.google.protobuf:protobuf-java:jar:2.5.0 in the shaded jar.
[INFO] Including com.fasterxml.jackson.core:jackson-core:jar:2.6.4 in the shaded jar.
[INFO] Including com.fasterxml.jackson.datatype:jackson-datatype-guava:jar:2.6.4 in the shaded jar.
[INFO] Including net.kencochrane.raven:raven:jar:6.0.0 in the shaded jar.
[INFO] Including com.hubspot:SingularityBase:jar:0.14.0-SNAPSHOT in the shaded jar.
[INFO] Including com.hubspot:BaragonCore:jar:0.4.0 in the shaded jar.
[INFO] Including com.amazonaws:aws-java-sdk-core:jar:1.9.37 in the shaded jar.
[INFO] Including org.apache.mesos:mesos:jar:0.28.2 in the shaded jar.
[INFO] Including org.apache.commons:commons-lang3:jar:3.4 in the shaded jar.
[INFO] Including com.wordnik:swagger-annotations:jar:1.3.12 in the shaded jar.
[INFO] Including com.hubspot:SingularityS3Base:jar:0.14.0-SNAPSHOT in the shaded jar.
[INFO] Including com.google.inject:guice:jar:4.0 in the shaded jar.
[INFO] Including javax.inject:javax.inject:jar:1 in the shaded jar.
[INFO] Including aopalliance:aopalliance:jar:1.0 in the shaded jar.
[INFO] Including com.google.guava:guava:jar:17.0 in the shaded jar.
[INFO] Including com.github.rholder:guava-retrying:jar:1.0.7 in the shaded jar.
[INFO] Including org.slf4j:slf4j-api:jar:1.7.12 in the shaded jar.
[INFO] Including org.slf4j:jcl-over-slf4j:jar:1.7.12 in the shaded jar.
[INFO] Including ch.qos.logback:logback-classic:jar:1.1.3 in the shaded jar.
[INFO] Including com.codahale.metrics:metrics-core:jar:3.0.2 in the shaded jar.
[INFO] Including net.java.dev.jets3t:jets3t:jar:0.9.0 in the shaded jar.
[INFO] Including commons-codec:commons-codec:jar:1.10 in the shaded jar.
[INFO] Including org.apache.httpcomponents:httpclient:jar:4.5.1 in the shaded jar.
[INFO] Including org.apache.httpcomponents:httpcore:jar:4.4.4 in the shaded jar.
[INFO] Including com.jamesmurty.utils:java-xmlbuilder:jar:0.4 in the shaded jar.
[INFO] Including javax.validation:validation-api:jar:1.1.0.Final in the shaded jar.
[INFO] Including com.fasterxml.jackson.core:jackson-annotations:jar:2.6.4 in the shaded jar.
[INFO] Including org.hibernate:hibernate-validator:jar:5.1.1.Final in the shaded jar.
[INFO] Including org.jboss.logging:jboss-logging:jar:3.1.4.GA in the shaded jar.
[INFO] Including com.fasterxml:classmate:jar:1.0.0 in the shaded jar.
[INFO] 
[INFO] --- maven-dependency-plugin:2.10:analyze-only (default) @ SingularityS3Uploader ---
[INFO] No dependency problems found
[INFO] 
[INFO] --- maven-dependency-plugin:2.10:analyze-duplicate (default) @ SingularityS3Uploader ---
[INFO] No duplicate dependencies found in <dependencies/> or in <dependencyManagement/>
[INFO] 
[INFO] --- maven-dependency-plugin:2.10:analyze-dep-mgt (default) @ SingularityS3Uploader ---
[INFO] Found Resolved Dependency / DependencyManagement mismatches:
[INFO] 	Ignoring Direct Dependencies.
[INFO] aopalliance:aopalliance:jar was excluded in DepMgt, but version 1.0 has been found in the dependency tree.
[INFO] com.fasterxml.jackson.core:jackson-databind:jar was excluded in DepMgt, but version 2.6.4 has been found in the dependency tree.
[INFO] joda-time:joda-time:jar was excluded in DepMgt, but version 2.7 has been found in the dependency tree.
[INFO] com.fasterxml.jackson.core:jackson-core:jar was excluded in DepMgt, but version 2.6.4 has been found in the dependency tree.
[WARNING] Potential problems found in Dependency Management 
[INFO] 
[INFO] --- duplicate-finder-maven-plugin:1.2.1:check (default) @ SingularityS3Uploader ---
[INFO] Checking compile classpath
[INFO] Checking runtime classpath
[INFO] Checking test classpath
[INFO] 
[INFO] >>> findbugs-maven-plugin:3.0.3:check (default) > :findbugs @ SingularityS3Uploader >>>
[INFO] 
[INFO] --- findbugs-maven-plugin:3.0.3:findbugs (findbugs) @ SingularityS3Uploader ---
[INFO] Fork Value is true
[INFO] Done FindBugs Analysis....
[INFO] 
[INFO] <<< findbugs-maven-plugin:3.0.3:check (default) < :findbugs @ SingularityS3Uploader <<<
[INFO] 
[INFO] --- findbugs-maven-plugin:3.0.3:check (default) @ SingularityS3Uploader ---
[INFO] BugInstance size is 0
[INFO] Error size is 0
[INFO] No errors/warnings found
[INFO] 
[INFO] >>> maven-pmd-plugin:3.6:check (default) > :pmd @ SingularityS3Uploader >>>
[INFO] 
[INFO] --- maven-pmd-plugin:3.6:pmd (pmd) @ SingularityS3Uploader ---
[WARNING] Unable to locate Source XRef to link to - DISABLED
[WARNING] Unable to locate Source XRef to link to - DISABLED
[INFO] 
[INFO] <<< maven-pmd-plugin:3.6:check (default) < :pmd @ SingularityS3Uploader <<<
[INFO] 
[INFO] --- maven-pmd-plugin:3.6:check (default) @ SingularityS3Uploader ---
[INFO] 
[INFO] 
[INFO] --- license-maven-plugin:2.11:check (default) @ SingularityS3Uploader ---
[INFO] 
[INFO] --- maven-install-plugin:2.5.2:install (default-install) @ SingularityS3Uploader ---
[INFO] Installing /root/workspace/HubSpot/Singularity/188564817/SingularityS3Uploader/target/SingularityS3Uploader-0.14.0-SNAPSHOT.jar to /root/./workspace/HubSpot/Singularity/188564817/.m2/com/hubspot/SingularityS3Uploader/0.14.0-SNAPSHOT/SingularityS3Uploader-0.14.0-SNAPSHOT.jar
[INFO] Installing /root/workspace/HubSpot/Singularity/188564817/SingularityS3Uploader/pom.xml to /root/./workspace/HubSpot/Singularity/188564817/.m2/com/hubspot/SingularityS3Uploader/0.14.0-SNAPSHOT/SingularityS3Uploader-0.14.0-SNAPSHOT.pom
[INFO] Installing /root/workspace/HubSpot/Singularity/188564817/SingularityS3Uploader/target/SingularityS3Uploader-0.14.0-SNAPSHOT-sources.jar to /root/./workspace/HubSpot/Singularity/188564817/.m2/com/hubspot/SingularityS3Uploader/0.14.0-SNAPSHOT/SingularityS3Uploader-0.14.0-SNAPSHOT-sources.jar
[INFO]                                                                         
[INFO] ------------------------------------------------------------------------
[INFO] Building SingularityS3Downloader 0.14.0-SNAPSHOT
[INFO] ------------------------------------------------------------------------
[INFO] 
[INFO] --- property-helper-maven-plugin:2.0:get (get-build-id) @ SingularityS3Downloader ---
[INFO] 
[INFO] --- maven-enforcer-plugin:1.4.1:enforce (default) @ SingularityS3Downloader ---
[INFO] 
[INFO] --- maven-dependency-versions-check-plugin:2.0.2:check (default) @ SingularityS3Downloader ---
[INFO] Checking dependency versions
[INFO] 
[INFO] --- maven-checkstyle-plugin:2.17:check (default) @ SingularityS3Downloader ---
[INFO] Starting audit...
[WARN] /root/workspace/HubSpot/Singularity/188564817/SingularityS3Downloader/src/main/java/com/hubspot/singularity/s3downloader/server/SingularityS3DownloaderCoordinator.java:75:5: Redundant 'public' modifier. [RedundantModifier]
Audit done.
[INFO] 
[INFO] --- dependency-management-plugin:0.4:analyze (analyze) @ SingularityS3Downloader ---
[INFO] No dependency management issues found
[INFO] 
[INFO] --- git-commit-id-plugin:2.2.0:revision (default) @ SingularityS3Downloader ---
[INFO] 
[INFO] --- jacoco-maven-plugin:0.7.5.201505241946:prepare-agent (default) @ SingularityS3Downloader ---
[INFO] argLine set to -javaagent:/root/./workspace/HubSpot/Singularity/188564817/.m2/org/jacoco/org.jacoco.agent/0.7.5.201505241946/org.jacoco.agent-0.7.5.201505241946-runtime.jar=destfile=/root/workspace/HubSpot/Singularity/188564817/SingularityS3Downloader/target/jacoco.exec
[INFO] 
[INFO] --- maven-resources-plugin:2.7:resources (default-resources) @ SingularityS3Downloader ---
[INFO] Using 'UTF-8' encoding to copy filtered resources.
[INFO] skip non existing resourceDirectory /root/workspace/HubSpot/Singularity/188564817/SingularityS3Downloader/src/main/resources
[INFO] 
[INFO] --- maven-compiler-plugin:3.3:compile (default-compile) @ SingularityS3Downloader ---
[INFO] Nothing to compile - all classes are up to date
[INFO] 
[INFO] --- maven-resources-plugin:2.7:testResources (default-testResources) @ SingularityS3Downloader ---
[INFO] Using 'UTF-8' encoding to copy filtered resources.
[INFO] skip non existing resourceDirectory /root/workspace/HubSpot/Singularity/188564817/SingularityS3Downloader/src/test/resources
[INFO] 
[INFO] --- maven-compiler-plugin:3.3:testCompile (default-testCompile) @ SingularityS3Downloader ---
[INFO] No sources to compile
[INFO] 
[INFO] --- maven-surefire-plugin:2.19:test (default-test) @ SingularityS3Downloader ---
[INFO] Tests are skipped.
[INFO] 
[INFO] --- maven-jar-plugin:2.6:jar (default-jar) @ SingularityS3Downloader ---
[INFO] Building jar: /root/workspace/HubSpot/Singularity/188564817/SingularityS3Downloader/target/SingularityS3Downloader-0.14.0-SNAPSHOT.jar
[INFO] 
[INFO] --- maven-jar-plugin:2.6:test-jar (attach-tests) @ SingularityS3Downloader ---
[INFO] Skipping packaging of the test-jar
[INFO] 
[INFO] --- maven-source-plugin:2.4:jar-no-fork (attach-sources) @ SingularityS3Downloader ---
[INFO] Building jar: /root/workspace/HubSpot/Singularity/188564817/SingularityS3Downloader/target/SingularityS3Downloader-0.14.0-SNAPSHOT-sources.jar
[INFO] 
[INFO] --- maven-source-plugin:2.4:test-jar-no-fork (attach-sources) @ SingularityS3Downloader ---
[INFO] No sources in project. Archive not created.
[INFO] 
[INFO] --- maven-shade-plugin:2.4.2:shade (default) @ SingularityS3Downloader ---
[INFO] Including com.hubspot:SingularityRunnerBase:jar:0.14.0-SNAPSHOT in the shaded jar.
[INFO] Including ch.qos.logback:logback-core:jar:1.1.3 in the shaded jar.
[INFO] Including com.google.code.findbugs:annotations:jar:3.0.1 in the shaded jar.
[INFO] Including io.dropwizard:dropwizard-configuration:jar:0.7.1 in the shaded jar.
[INFO] Including io.dropwizard:dropwizard-jackson:jar:0.7.1 in the shaded jar.
[INFO] Including io.dropwizard:dropwizard-util:jar:0.7.1 in the shaded jar.
[INFO] Including joda-time:joda-time:jar:2.7 in the shaded jar.
[INFO] Including com.fasterxml.jackson.module:jackson-module-afterburner:jar:2.6.4 in the shaded jar.
[INFO] Including com.fasterxml.jackson.datatype:jackson-datatype-joda:jar:2.6.4 in the shaded jar.
[INFO] Including io.dropwizard:dropwizard-validation:jar:0.7.1 in the shaded jar.
[INFO] Including org.glassfish.web:javax.el:jar:2.2.6 in the shaded jar.
[INFO] Including javax.el:javax.el-api:jar:2.2.5 in the shaded jar.
[INFO] Including commons-lang:commons-lang:jar:2.6 in the shaded jar.
[INFO] Including com.fasterxml.jackson.dataformat:jackson-dataformat-yaml:jar:2.6.4 in the shaded jar.
[INFO] Including org.hibernate:hibernate-validator:jar:5.1.1.Final in the shaded jar.
[INFO] Including org.jboss.logging:jboss-logging:jar:3.1.4.GA in the shaded jar.
[INFO] Including com.fasterxml:classmate:jar:1.0.0 in the shaded jar.
[INFO] Including com.google.inject.extensions:guice-multibindings:jar:4.0 in the shaded jar.
[INFO] Including com.hubspot.jackson:jackson-datatype-protobuf:jar:0.9.2 in the shaded jar.
[INFO] Including com.google.protobuf:protobuf-java:jar:2.5.0 in the shaded jar.
[INFO] Including com.fasterxml.jackson.core:jackson-core:jar:2.6.4 in the shaded jar.
[INFO] Including com.fasterxml.jackson.datatype:jackson-datatype-guava:jar:2.6.4 in the shaded jar.
[INFO] Including net.kencochrane.raven:raven:jar:6.0.0 in the shaded jar.
[INFO] Including com.hubspot:SingularityBase:jar:0.14.0-SNAPSHOT in the shaded jar.
[INFO] Including com.hubspot:BaragonCore:jar:0.4.0 in the shaded jar.
[INFO] Including com.amazonaws:aws-java-sdk-core:jar:1.9.37 in the shaded jar.
[INFO] Including org.apache.mesos:mesos:jar:0.28.2 in the shaded jar.
[INFO] Including org.apache.commons:commons-lang3:jar:3.4 in the shaded jar.
[INFO] Including com.wordnik:swagger-annotations:jar:1.3.12 in the shaded jar.
[INFO] Including com.hubspot:SingularityS3Base:jar:0.14.0-SNAPSHOT in the shaded jar.
[INFO] Including org.slf4j:jcl-over-slf4j:jar:1.7.12 in the shaded jar.
[INFO] Including net.java.dev.jets3t:jets3t:jar:0.9.0 in the shaded jar.
[INFO] Including commons-codec:commons-codec:jar:1.10 in the shaded jar.
[INFO] Including org.apache.httpcomponents:httpclient:jar:4.5.1 in the shaded jar.
[INFO] Including org.apache.httpcomponents:httpcore:jar:4.4.4 in the shaded jar.
[INFO] Including com.jamesmurty.utils:java-xmlbuilder:jar:0.4 in the shaded jar.
[INFO] Including javax.servlet:javax.servlet-api:jar:3.1.0 in the shaded jar.
[INFO] Including com.google.inject:guice:jar:4.0 in the shaded jar.
[INFO] Including javax.inject:javax.inject:jar:1 in the shaded jar.
[INFO] Including aopalliance:aopalliance:jar:1.0 in the shaded jar.
[INFO] Including com.google.guava:guava:jar:17.0 in the shaded jar.
[INFO] Including org.slf4j:slf4j-api:jar:1.7.12 in the shaded jar.
[INFO] Including ch.qos.logback:logback-classic:jar:1.1.3 in the shaded jar.
[INFO] Including com.fasterxml.jackson.core:jackson-databind:jar:2.6.4 in the shaded jar.
[INFO] Including org.eclipse.jetty:jetty-server:jar:9.0.7.v20131107 in the shaded jar.
[INFO] Including org.eclipse.jetty:jetty-io:jar:9.0.7.v20131107 in the shaded jar.
[INFO] Including org.eclipse.jetty:jetty-http:jar:9.0.7.v20131107 in the shaded jar.
[INFO] Including org.eclipse.jetty:jetty-util:jar:9.0.7.v20131107 in the shaded jar.
[INFO] Including org.eclipse.jetty:jetty-continuation:jar:9.0.7.v20131107 in the shaded jar.
[INFO] Including com.codahale.metrics:metrics-core:jar:3.0.2 in the shaded jar.
[INFO] Including javax.validation:validation-api:jar:1.1.0.Final in the shaded jar.
[INFO] Including com.fasterxml.jackson.core:jackson-annotations:jar:2.6.4 in the shaded jar.
[INFO] 
[INFO] --- maven-dependency-plugin:2.10:analyze-only (default) @ SingularityS3Downloader ---
[INFO] No dependency problems found
[INFO] 
[INFO] --- maven-dependency-plugin:2.10:analyze-duplicate (default) @ SingularityS3Downloader ---
[INFO] No duplicate dependencies found in <dependencies/> or in <dependencyManagement/>
[INFO] 
[INFO] --- maven-dependency-plugin:2.10:analyze-dep-mgt (default) @ SingularityS3Downloader ---
[INFO] Found Resolved Dependency / DependencyManagement mismatches:
[INFO] 	Ignoring Direct Dependencies.
[INFO] aopalliance:aopalliance:jar was excluded in DepMgt, but version 1.0 has been found in the dependency tree.
[INFO] joda-time:joda-time:jar was excluded in DepMgt, but version 2.7 has been found in the dependency tree.
[INFO] com.fasterxml.jackson.core:jackson-core:jar was excluded in DepMgt, but version 2.6.4 has been found in the dependency tree.
[WARNING] Potential problems found in Dependency Management 
[INFO] 
[INFO] --- duplicate-finder-maven-plugin:1.2.1:check (default) @ SingularityS3Downloader ---
[INFO] Checking compile classpath
[INFO] Checking runtime classpath
[INFO] Checking test classpath
[INFO] 
[INFO] >>> findbugs-maven-plugin:3.0.3:check (default) > :findbugs @ SingularityS3Downloader >>>
[INFO] 
[INFO] --- findbugs-maven-plugin:3.0.3:findbugs (findbugs) @ SingularityS3Downloader ---
[INFO] Fork Value is true
[INFO] Done FindBugs Analysis....
[INFO] 
[INFO] <<< findbugs-maven-plugin:3.0.3:check (default) < :findbugs @ SingularityS3Downloader <<<
[INFO] 
[INFO] --- findbugs-maven-plugin:3.0.3:check (default) @ SingularityS3Downloader ---
[INFO] BugInstance size is 0
[INFO] Error size is 0
[INFO] No errors/warnings found
[INFO] 
[INFO] >>> maven-pmd-plugin:3.6:check (default) > :pmd @ SingularityS3Downloader >>>
[INFO] 
[INFO] --- maven-pmd-plugin:3.6:pmd (pmd) @ SingularityS3Downloader ---
[WARNING] Unable to locate Source XRef to link to - DISABLED
[WARNING] Unable to locate Source XRef to link to - DISABLED
[INFO] 
[INFO] <<< maven-pmd-plugin:3.6:check (default) < :pmd @ SingularityS3Downloader <<<
[INFO] 
[INFO] --- maven-pmd-plugin:3.6:check (default) @ SingularityS3Downloader ---
[INFO] 
[INFO] 
[INFO] --- license-maven-plugin:2.11:check (default) @ SingularityS3Downloader ---
[INFO] 
[INFO] --- maven-install-plugin:2.5.2:install (default-install) @ SingularityS3Downloader ---
[INFO] Installing /root/workspace/HubSpot/Singularity/188564817/SingularityS3Downloader/target/SingularityS3Downloader-0.14.0-SNAPSHOT.jar to /root/./workspace/HubSpot/Singularity/188564817/.m2/com/hubspot/SingularityS3Downloader/0.14.0-SNAPSHOT/SingularityS3Downloader-0.14.0-SNAPSHOT.jar
[INFO] Installing /root/workspace/HubSpot/Singularity/188564817/SingularityS3Downloader/pom.xml to /root/./workspace/HubSpot/Singularity/188564817/.m2/com/hubspot/SingularityS3Downloader/0.14.0-SNAPSHOT/SingularityS3Downloader-0.14.0-SNAPSHOT.pom
[INFO] Installing /root/workspace/HubSpot/Singularity/188564817/SingularityS3Downloader/target/SingularityS3Downloader-0.14.0-SNAPSHOT-sources.jar to /root/./workspace/HubSpot/Singularity/188564817/.m2/com/hubspot/SingularityS3Downloader/0.14.0-SNAPSHOT/SingularityS3Downloader-0.14.0-SNAPSHOT-sources.jar
[INFO]                                                                         
[INFO] ------------------------------------------------------------------------
[INFO] Building EmbedSingularityExample 0.14.0-SNAPSHOT
[INFO] ------------------------------------------------------------------------
[INFO] 
[INFO] --- property-helper-maven-plugin:2.0:get (get-build-id) @ EmbedSingularityExample ---
[INFO] 
[INFO] --- maven-enforcer-plugin:1.4.1:enforce (default) @ EmbedSingularityExample ---
[INFO] 
[INFO] --- maven-dependency-versions-check-plugin:2.0.2:check (default) @ EmbedSingularityExample ---
[INFO] Checking dependency versions
[INFO] 
[INFO] --- maven-checkstyle-plugin:2.17:check (default) @ EmbedSingularityExample ---
[INFO] Starting audit...
Audit done.
[INFO] 
[INFO] --- dependency-management-plugin:0.4:analyze (analyze) @ EmbedSingularityExample ---
[INFO] No dependency management issues found
[INFO] 
[INFO] --- git-commit-id-plugin:2.2.0:revision (default) @ EmbedSingularityExample ---
[INFO] 
[INFO] --- jacoco-maven-plugin:0.7.5.201505241946:prepare-agent (default) @ EmbedSingularityExample ---
[INFO] argLine set to -javaagent:/root/./workspace/HubSpot/Singularity/188564817/.m2/org/jacoco/org.jacoco.agent/0.7.5.201505241946/org.jacoco.agent-0.7.5.201505241946-runtime.jar=destfile=/root/workspace/HubSpot/Singularity/188564817/EmbedSingularityExample/target/jacoco.exec
[INFO] 
[INFO] --- maven-resources-plugin:2.7:resources (default-resources) @ EmbedSingularityExample ---
[INFO] Using 'UTF-8' encoding to copy filtered resources.
[INFO] skip non existing resourceDirectory /root/workspace/HubSpot/Singularity/188564817/EmbedSingularityExample/src/main/resources
[INFO] 
[INFO] --- maven-compiler-plugin:3.3:compile (default-compile) @ EmbedSingularityExample ---
[INFO] Nothing to compile - all classes are up to date
[INFO] 
[INFO] --- maven-resources-plugin:2.7:testResources (default-testResources) @ EmbedSingularityExample ---
[INFO] Using 'UTF-8' encoding to copy filtered resources.
[INFO] skip non existing resourceDirectory /root/workspace/HubSpot/Singularity/188564817/EmbedSingularityExample/src/test/resources
[INFO] 
[INFO] --- maven-compiler-plugin:3.3:testCompile (default-testCompile) @ EmbedSingularityExample ---
[INFO] No sources to compile
[INFO] 
[INFO] --- maven-surefire-plugin:2.19:test (default-test) @ EmbedSingularityExample ---
[INFO] Tests are skipped.
[INFO] 
[INFO] --- maven-jar-plugin:2.6:jar (default-jar) @ EmbedSingularityExample ---
[INFO] Building jar: /root/workspace/HubSpot/Singularity/188564817/EmbedSingularityExample/target/EmbedSingularityExample-0.14.0-SNAPSHOT.jar
[INFO] 
[INFO] --- maven-jar-plugin:2.6:test-jar (attach-tests) @ EmbedSingularityExample ---
[INFO] Skipping packaging of the test-jar
[INFO] 
[INFO] --- maven-source-plugin:2.4:jar-no-fork (attach-sources) @ EmbedSingularityExample ---
[INFO] Building jar: /root/workspace/HubSpot/Singularity/188564817/EmbedSingularityExample/target/EmbedSingularityExample-0.14.0-SNAPSHOT-sources.jar
[INFO] 
[INFO] --- maven-source-plugin:2.4:test-jar-no-fork (attach-sources) @ EmbedSingularityExample ---
[INFO] No sources in project. Archive not created.
[INFO] 
[INFO] --- maven-shade-plugin:2.4.2:shade (default) @ EmbedSingularityExample ---
[INFO] Including com.hubspot:SingularityService:jar:0.14.0-SNAPSHOT in the shaded jar.
[INFO] Including com.hubspot:SingularityBase:jar:0.14.0-SNAPSHOT in the shaded jar.
[INFO] Skipping pom dependency com.hubspot:SingularityUI:pom:0.14.0-SNAPSHOT in the shaded jar.
[INFO] Including com.hubspot:SingularityMesosClient:jar:0.14.0-SNAPSHOT in the shaded jar.
[INFO] Including com.hubspot:HorizonNing:jar:0.0.24 in the shaded jar.
[INFO] Including com.hubspot.jackson:jackson-jaxrs-propertyfiltering:jar:0.7.0 in the shaded jar.
[INFO] Including com.fasterxml.jackson.jaxrs:jackson-jaxrs-json-provider:jar:2.6.4 in the shaded jar.
[INFO] Including com.fasterxml.jackson.jaxrs:jackson-jaxrs-base:jar:2.6.4 in the shaded jar.
[INFO] Including com.fasterxml.jackson.module:jackson-module-jaxb-annotations:jar:2.6.4 in the shaded jar.
[INFO] Including com.hubspot.jackson:jackson-datatype-protobuf:jar:0.9.2 in the shaded jar.
[INFO] Including com.hubspot:BaragonCore:jar:0.4.0 in the shaded jar.
[INFO] Including com.amazonaws:aws-java-sdk-core:jar:1.9.37 in the shaded jar.
[INFO] Including com.google.inject.extensions:guice-multibindings:jar:4.0 in the shaded jar.
[INFO] Including com.google.protobuf:protobuf-java:jar:2.5.0 in the shaded jar.
[INFO] Including com.hubspot.dropwizard:dropwizard-guicier:jar:0.7.1.2 in the shaded jar.
[INFO] Including com.google.inject.extensions:guice-servlet:jar:4.0 in the shaded jar.
[INFO] Including com.sun.jersey:jersey-servlet:jar:1.19 in the shaded jar.
[INFO] Including com.sun.jersey.contribs:jersey-guice:jar:1.19 in the shaded jar.
[INFO] Including javax.inject:javax.inject:jar:1 in the shaded jar.
[INFO] Including com.sun.mail:javax.mail:jar:1.5.2 in the shaded jar.
[INFO] Including javax.activation:activation:jar:1.1 in the shaded jar.
[INFO] Including javax.servlet:javax.servlet-api:jar:3.1.0 in the shaded jar.
[INFO] Including javax.ws.rs:jsr311-api:jar:1.1.1 in the shaded jar.
[INFO] Including javax.validation:validation-api:jar:1.1.0.Final in the shaded jar.
[INFO] Including org.slf4j:slf4j-api:jar:1.7.12 in the shaded jar.
[INFO] Including org.slf4j:jcl-over-slf4j:jar:1.7.12 in the shaded jar.
[INFO] Including ch.qos.logback:logback-classic:jar:1.1.3 in the shaded jar.
[INFO] Including ch.qos.logback:logback-core:jar:1.1.3 in the shaded jar.
[INFO] Including aopalliance:aopalliance:jar:1.0 in the shaded jar.
[INFO] Including org.apache.mesos:mesos:jar:0.28.2 in the shaded jar.
[INFO] Including org.apache.commons:commons-lang3:jar:3.4 in the shaded jar.
[INFO] Including org.apache.curator:curator-client:jar:2.8.0 in the shaded jar.
[INFO] Including org.apache.curator:curator-framework:jar:2.8.0 in the shaded jar.
[INFO] Including org.apache.zookeeper:zookeeper:jar:3.4.6 in the shaded jar.
[INFO] Including org.eclipse.jetty:jetty-server:jar:9.0.7.v20131107 in the shaded jar.
[INFO] Including org.eclipse.jetty:jetty-http:jar:9.0.7.v20131107 in the shaded jar.
[INFO] Including org.eclipse.jetty:jetty-io:jar:9.0.7.v20131107 in the shaded jar.
[INFO] Including org.eclipse.jetty:jetty-servlets:jar:9.0.7.v20131107 in the shaded jar.
[INFO] Including org.eclipse.jetty:jetty-continuation:jar:9.0.7.v20131107 in the shaded jar.
[INFO] Including org.eclipse.jetty:jetty-util:jar:9.0.7.v20131107 in the shaded jar.
[INFO] Including de.neuland-bfi:jade4j:jar:0.4.0 in the shaded jar.
[INFO] Including org.apache.commons:commons-jexl:jar:2.1.1 in the shaded jar.
[INFO] Including commons-collections:commons-collections:jar:3.2.1 in the shaded jar.
[INFO] Including commons-io:commons-io:jar:2.4 in the shaded jar.
[INFO] Including com.googlecode.concurrentlinkedhashmap:concurrentlinkedhashmap-lru:jar:1.3.1 in the shaded jar.
[INFO] Including org.pegdown:pegdown:jar:1.1.0 in the shaded jar.
[INFO] Including org.parboiled:parboiled-core:jar:1.0.2 in the shaded jar.
[INFO] Including org.parboiled:parboiled-java:jar:1.0.2 in the shaded jar.
[INFO] Including asm:asm:jar:3.3.1 in the shaded jar.
[INFO] Including asm:asm-util:jar:3.3.1 in the shaded jar.
[INFO] Including asm:asm-tree:jar:3.3.1 in the shaded jar.
[INFO] Including asm:asm-analysis:jar:3.3.1 in the shaded jar.
[INFO] Including com.ning:async-http-client:jar:1.8.12 in the shaded jar.
[INFO] Including io.netty:netty:jar:3.9.2.Final in the shaded jar.
[INFO] Including io.dropwizard:dropwizard-jdbi:jar:0.7.1 in the shaded jar.
[INFO] Including com.codahale.metrics:metrics-jdbi:jar:3.0.2 in the shaded jar.
[INFO] Including io.dropwizard:dropwizard-migrations:jar:0.7.1 in the shaded jar.
[INFO] Including com.mattbertolini:liquibase-slf4j:jar:1.2.1 in the shaded jar.
[INFO] Including io.dropwizard:dropwizard-assets:jar:0.7.1 in the shaded jar.
[INFO] Including io.dropwizard:dropwizard-configuration:jar:0.7.1 in the shaded jar.
[INFO] Including commons-lang:commons-lang:jar:2.6 in the shaded jar.
[INFO] Including io.dropwizard:dropwizard-db:jar:0.7.1 in the shaded jar.
[INFO] Including org.apache.tomcat:tomcat-jdbc:jar:7.0.50 in the shaded jar.
[INFO] Including org.apache.tomcat:tomcat-juli:jar:7.0.50 in the shaded jar.
[INFO] Including io.dropwizard:dropwizard-jackson:jar:0.7.1 in the shaded jar.
[INFO] Including com.fasterxml.jackson.module:jackson-module-afterburner:jar:2.6.4 in the shaded jar.
[INFO] Including com.fasterxml.jackson.datatype:jackson-datatype-joda:jar:2.6.4 in the shaded jar.
[INFO] Including io.dropwizard:dropwizard-jersey:jar:0.7.1 in the shaded jar.
[INFO] Including com.codahale.metrics:metrics-jersey:jar:3.0.2 in the shaded jar.
[INFO] Including io.dropwizard:dropwizard-jetty:jar:0.7.1 in the shaded jar.
[INFO] Including com.codahale.metrics:metrics-jetty9:jar:3.0.2 in the shaded jar.
[INFO] Including org.eclipse.jetty:jetty-servlet:jar:9.0.7.v20131107 in the shaded jar.
[INFO] Including org.eclipse.jetty:jetty-security:jar:9.0.7.v20131107 in the shaded jar.
[INFO] Including io.dropwizard:dropwizard-lifecycle:jar:0.7.1 in the shaded jar.
[INFO] Including io.dropwizard:dropwizard-views:jar:0.7.1 in the shaded jar.
[INFO] Including io.dropwizard:dropwizard-views-mustache:jar:0.7.1 in the shaded jar.
[INFO] Including com.github.spullara.mustache.java:compiler:jar:0.8.15 in the shaded jar.
[INFO] Including com.codahale.metrics:metrics-core:jar:3.0.2 in the shaded jar.
[INFO] Including com.codahale.metrics:metrics-healthchecks:jar:3.0.2 in the shaded jar.
[INFO] Including com.codahale.metrics:metrics-annotation:jar:3.0.2 in the shaded jar.
[INFO] Including com.codahale.metrics:metrics-graphite:jar:3.0.2 in the shaded jar.
[INFO] Including com.palominolabs.metrics:metrics-guice:jar:3.1.1 in the shaded jar.
[INFO] Including com.fasterxml.jackson.core:jackson-annotations:jar:2.6.4 in the shaded jar.
[INFO] Including com.fasterxml.jackson.core:jackson-core:jar:2.6.4 in the shaded jar.
[INFO] Including com.fasterxml.jackson.core:jackson-databind:jar:2.6.4 in the shaded jar.
[INFO] Including com.fasterxml.jackson.dataformat:jackson-dataformat-yaml:jar:2.6.4 in the shaded jar.
[INFO] Including com.fasterxml.jackson.datatype:jackson-datatype-guava:jar:2.6.4 in the shaded jar.
[INFO] Including com.sun.jersey:jersey-core:jar:1.19 in the shaded jar.
[INFO] Including com.sun.jersey:jersey-server:jar:1.19 in the shaded jar.
[INFO] Including org.hibernate:hibernate-validator:jar:5.1.1.Final in the shaded jar.
[INFO] Including org.jboss.logging:jboss-logging:jar:3.1.4.GA in the shaded jar.
[INFO] Including com.fasterxml:classmate:jar:1.0.0 in the shaded jar.
[INFO] Including org.jdbi:jdbi:jar:2.62 in the shaded jar.
[INFO] Including org.antlr:stringtemplate:jar:3.2.1 in the shaded jar.
[INFO] Including antlr:antlr:jar:2.7.7 in the shaded jar.
[INFO] Including mysql:mysql-connector-java:jar:5.1.29 in the shaded jar.
[INFO] Including org.apache.curator:curator-recipes:jar:2.8.0 in the shaded jar.
[INFO] Including org.quartz-scheduler:quartz:jar:2.2.1 in the shaded jar.
[INFO] Including c3p0:c3p0:jar:0.9.1.1 in the shaded jar.
[INFO] Including net.kencochrane.raven:raven:jar:6.0.0 in the shaded jar.
[INFO] Including org.iq80.snappy:snappy:jar:0.3 in the shaded jar.
[INFO] Including net.java.dev.jets3t:jets3t:jar:0.9.0 in the shaded jar.
[INFO] Including commons-codec:commons-codec:jar:1.10 in the shaded jar.
[INFO] Including org.apache.httpcomponents:httpclient:jar:4.5.1 in the shaded jar.
[INFO] Including org.apache.httpcomponents:httpcore:jar:4.4.4 in the shaded jar.
[INFO] Including com.jamesmurty.utils:java-xmlbuilder:jar:0.4 in the shaded jar.
[INFO] Including com.google.code.findbugs:annotations:jar:3.0.1 in the shaded jar.
[INFO] Including com.wordnik:swagger-annotations:jar:1.3.12 in the shaded jar.
[INFO] Including com.hubspot:HorizonCore:jar:0.0.24 in the shaded jar.
[INFO] Including org.xerial.snappy:snappy-java:jar:1.1.2 in the shaded jar.
[INFO] Including org.liquibase:liquibase-core:jar:3.1.1 in the shaded jar.
[INFO] Including org.yaml:snakeyaml:jar:1.13 in the shaded jar.
[INFO] Including org.apache.directory.api:api-all:jar:1.0.0-M28 in the shaded jar.
[INFO] Including org.apache.servicemix.bundles:org.apache.servicemix.bundles.xpp3:jar:1.1.4c_6 in the shaded jar.
[INFO] Including org.apache.servicemix.bundles:org.apache.servicemix.bundles.dom4j:jar:1.6.1_5 in the shaded jar.
[INFO] Including xml-apis:xml-apis:jar:1.0.b2 in the shaded jar.
[INFO] Including commons-pool:commons-pool:jar:1.6 in the shaded jar.
[INFO] Including org.apache.mina:mina-core:jar:2.0.9 in the shaded jar.
[INFO] Including org.dmfs:lib-recur:jar:0.9.4 in the shaded jar.
[INFO] Including org.dmfs:rfc5545-datetime:jar:0.2.2 in the shaded jar.
[INFO] Including joda-time:joda-time:jar:2.7 in the shaded jar.
[INFO] Including com.google.guava:guava:jar:17.0 in the shaded jar.
[INFO] Including com.google.inject:guice:jar:4.0 in the shaded jar.
[INFO] Including io.dropwizard:dropwizard-core:jar:0.7.1 in the shaded jar.
[INFO] Including io.dropwizard:dropwizard-util:jar:0.7.1 in the shaded jar.
[INFO] Including io.dropwizard:dropwizard-validation:jar:0.7.1 in the shaded jar.
[INFO] Including org.glassfish.web:javax.el:jar:2.2.6 in the shaded jar.
[INFO] Including javax.el:javax.el-api:jar:2.2.5 in the shaded jar.
[INFO] Including io.dropwizard:dropwizard-logging:jar:0.7.1 in the shaded jar.
[INFO] Including com.codahale.metrics:metrics-logback:jar:3.0.2 in the shaded jar.
[INFO] Including org.slf4j:jul-to-slf4j:jar:1.7.12 in the shaded jar.
[INFO] Including org.slf4j:log4j-over-slf4j:jar:1.7.12 in the shaded jar.
[INFO] Including io.dropwizard:dropwizard-metrics:jar:0.7.1 in the shaded jar.
[INFO] Including io.dropwizard:dropwizard-servlets:jar:0.7.1 in the shaded jar.
[INFO] Including com.codahale.metrics:metrics-jvm:jar:3.0.2 in the shaded jar.
[INFO] Including com.codahale.metrics:metrics-servlets:jar:3.0.2 in the shaded jar.
[INFO] Including com.codahale.metrics:metrics-json:jar:3.0.2 in the shaded jar.
[INFO] Including net.sourceforge.argparse4j:argparse4j:jar:0.4.3 in the shaded jar.
[INFO] Including org.eclipse.jetty.toolchain.setuid:jetty-setuid-java:jar:1.0.2 in the shaded jar.
[INFO] 
[INFO] --- maven-dependency-plugin:2.10:analyze-only (default) @ EmbedSingularityExample ---
[INFO] No dependency problems found
[INFO] 
[INFO] --- maven-dependency-plugin:2.10:analyze-duplicate (default) @ EmbedSingularityExample ---
[INFO] No duplicate dependencies found in <dependencies/> or in <dependencyManagement/>
[INFO] 
[INFO] --- maven-dependency-plugin:2.10:analyze-dep-mgt (default) @ EmbedSingularityExample ---
[INFO] Found Resolved Dependency / DependencyManagement mismatches:
[INFO] 	Ignoring Direct Dependencies.
[INFO] aopalliance:aopalliance:jar was excluded in DepMgt, but version 1.0 has been found in the dependency tree.
[INFO] com.fasterxml.jackson.core:jackson-databind:jar was excluded in DepMgt, but version 2.6.4 has been found in the dependency tree.
[INFO] org.yaml:snakeyaml:jar was excluded in DepMgt, but version 1.13 has been found in the dependency tree.
[INFO] joda-time:joda-time:jar was excluded in DepMgt, but version 2.7 has been found in the dependency tree.
[INFO] io.netty:netty:jar was excluded in DepMgt, but version 3.9.2.Final has been found in the dependency tree.
[INFO] com.fasterxml.jackson.core:jackson-core:jar was excluded in DepMgt, but version 2.6.4 has been found in the dependency tree.
[WARNING] Potential problems found in Dependency Management 
[INFO] 
[INFO] --- duplicate-finder-maven-plugin:1.2.1:check (default) @ EmbedSingularityExample ---
[INFO] Checking compile classpath
[INFO] Checking runtime classpath
[INFO] Checking test classpath
[INFO] 
[INFO] >>> findbugs-maven-plugin:3.0.3:check (default) > :findbugs @ EmbedSingularityExample >>>
[INFO] 
[INFO] --- findbugs-maven-plugin:3.0.3:findbugs (findbugs) @ EmbedSingularityExample ---
[INFO] Fork Value is true
[INFO] Done FindBugs Analysis....
[INFO] 
[INFO] <<< findbugs-maven-plugin:3.0.3:check (default) < :findbugs @ EmbedSingularityExample <<<
[INFO] 
[INFO] --- findbugs-maven-plugin:3.0.3:check (default) @ EmbedSingularityExample ---
[INFO] BugInstance size is 0
[INFO] Error size is 0
[INFO] No errors/warnings found
[INFO] 
[INFO] >>> maven-pmd-plugin:3.6:check (default) > :pmd @ EmbedSingularityExample >>>
[INFO] 
[INFO] --- maven-pmd-plugin:3.6:pmd (pmd) @ EmbedSingularityExample ---
[WARNING] Unable to locate Source XRef to link to - DISABLED
[WARNING] Unable to locate Source XRef to link to - DISABLED
[INFO] 
[INFO] <<< maven-pmd-plugin:3.6:check (default) < :pmd @ EmbedSingularityExample <<<
[INFO] 
[INFO] --- maven-pmd-plugin:3.6:check (default) @ EmbedSingularityExample ---
[INFO] 
[INFO] 
[INFO] --- license-maven-plugin:2.11:check (default) @ EmbedSingularityExample ---
[INFO] 
[INFO] --- maven-install-plugin:2.5.2:install (default-install) @ EmbedSingularityExample ---
[INFO] Installing /root/workspace/HubSpot/Singularity/188564817/EmbedSingularityExample/target/EmbedSingularityExample-0.14.0-SNAPSHOT.jar to /root/./workspace/HubSpot/Singularity/188564817/.m2/com/hubspot/EmbedSingularityExample/0.14.0-SNAPSHOT/EmbedSingularityExample-0.14.0-SNAPSHOT.jar
[INFO] Installing /root/workspace/HubSpot/Singularity/188564817/EmbedSingularityExample/pom.xml to /root/./workspace/HubSpot/Singularity/188564817/.m2/com/hubspot/EmbedSingularityExample/0.14.0-SNAPSHOT/EmbedSingularityExample-0.14.0-SNAPSHOT.pom
[INFO] Installing /root/workspace/HubSpot/Singularity/188564817/EmbedSingularityExample/target/EmbedSingularityExample-0.14.0-SNAPSHOT-sources.jar to /root/./workspace/HubSpot/Singularity/188564817/.m2/com/hubspot/EmbedSingularityExample/0.14.0-SNAPSHOT/EmbedSingularityExample-0.14.0-SNAPSHOT-sources.jar
[INFO]                                                                         
[INFO] ------------------------------------------------------------------------
[INFO] Building SingularityServiceIntegrationTests 0.14.0-SNAPSHOT
[INFO] ------------------------------------------------------------------------
[INFO] 
[INFO] --- property-helper-maven-plugin:2.0:get (get-build-id) @ SingularityServiceIntegrationTests ---
[INFO] 
[INFO] --- maven-enforcer-plugin:1.4.1:enforce (default) @ SingularityServiceIntegrationTests ---
[INFO] 
[INFO] --- maven-dependency-versions-check-plugin:2.0.2:check (default) @ SingularityServiceIntegrationTests ---
[INFO] Checking dependency versions
[INFO] 
[INFO] --- maven-checkstyle-plugin:2.17:check (default) @ SingularityServiceIntegrationTests ---
[INFO] Starting audit...
Audit done.
[INFO] 
[INFO] --- dependency-management-plugin:0.4:analyze (analyze) @ SingularityServiceIntegrationTests ---
[INFO] No dependency management issues found
[INFO] 
[INFO] --- git-commit-id-plugin:2.2.0:revision (default) @ SingularityServiceIntegrationTests ---
[INFO] 
[INFO] --- jacoco-maven-plugin:0.7.5.201505241946:prepare-agent (default) @ SingularityServiceIntegrationTests ---
[INFO] argLine set to -javaagent:/root/./workspace/HubSpot/Singularity/188564817/.m2/org/jacoco/org.jacoco.agent/0.7.5.201505241946/org.jacoco.agent-0.7.5.201505241946-runtime.jar=destfile=/root/workspace/HubSpot/Singularity/188564817/SingularityServiceIntegrationTests/target/jacoco.exec
[INFO] 
[INFO] --- maven-resources-plugin:2.7:resources (default-resources) @ SingularityServiceIntegrationTests ---
[INFO] Using 'UTF-8' encoding to copy filtered resources.
[INFO] skip non existing resourceDirectory /root/workspace/HubSpot/Singularity/188564817/SingularityServiceIntegrationTests/src/main/resources
[INFO] 
[INFO] --- maven-compiler-plugin:3.3:compile (default-compile) @ SingularityServiceIntegrationTests ---
[INFO] Nothing to compile - all classes are up to date
[INFO] 
[INFO] --- maven-resources-plugin:2.7:testResources (default-testResources) @ SingularityServiceIntegrationTests ---
[INFO] Using 'UTF-8' encoding to copy filtered resources.
[INFO] skip non existing resourceDirectory /root/workspace/HubSpot/Singularity/188564817/SingularityServiceIntegrationTests/src/test/resources
[INFO] 
[INFO] --- maven-compiler-plugin:3.3:testCompile (default-testCompile) @ SingularityServiceIntegrationTests ---
[INFO] Nothing to compile - all classes are up to date
[INFO] 
[INFO] --- maven-surefire-plugin:2.19:test (default-test) @ SingularityServiceIntegrationTests ---
[INFO] Tests are skipped.
[INFO] 
[INFO] --- maven-jar-plugin:2.6:jar (default-jar) @ SingularityServiceIntegrationTests ---
[INFO] Building jar: /root/workspace/HubSpot/Singularity/188564817/SingularityServiceIntegrationTests/target/SingularityServiceIntegrationTests-0.14.0-SNAPSHOT.jar
[INFO] 
[INFO] --- maven-jar-plugin:2.6:test-jar (attach-tests) @ SingularityServiceIntegrationTests ---
[INFO] Building jar: /root/workspace/HubSpot/Singularity/188564817/SingularityServiceIntegrationTests/target/SingularityServiceIntegrationTests-0.14.0-SNAPSHOT-tests.jar
[INFO] 
[INFO] --- maven-source-plugin:2.4:jar-no-fork (attach-sources) @ SingularityServiceIntegrationTests ---
[INFO] Building jar: /root/workspace/HubSpot/Singularity/188564817/SingularityServiceIntegrationTests/target/SingularityServiceIntegrationTests-0.14.0-SNAPSHOT-sources.jar
[INFO] 
[INFO] --- maven-source-plugin:2.4:test-jar-no-fork (attach-sources) @ SingularityServiceIntegrationTests ---
[INFO] Building jar: /root/workspace/HubSpot/Singularity/188564817/SingularityServiceIntegrationTests/target/SingularityServiceIntegrationTests-0.14.0-SNAPSHOT-test-sources.jar
[INFO] 
[INFO] --- maven-dependency-plugin:2.10:analyze-only (default) @ SingularityServiceIntegrationTests ---
[INFO] No dependency problems found
[INFO] 
[INFO] --- maven-dependency-plugin:2.10:analyze-duplicate (default) @ SingularityServiceIntegrationTests ---
[INFO] No duplicate dependencies found in <dependencies/> or in <dependencyManagement/>
[INFO] 
[INFO] --- maven-dependency-plugin:2.10:analyze-dep-mgt (default) @ SingularityServiceIntegrationTests ---
[INFO] Found Resolved Dependency / DependencyManagement mismatches:
[INFO] 	Ignoring Direct Dependencies.
[INFO] aopalliance:aopalliance:jar was excluded in DepMgt, but version 1.0 has been found in the dependency tree.
[INFO] com.fasterxml.jackson.core:jackson-databind:jar was excluded in DepMgt, but version 2.6.4 has been found in the dependency tree.
[INFO] com.fasterxml.jackson.core:jackson-core:jar was excluded in DepMgt, but version 2.6.4 has been found in the dependency tree.
[WARNING] Potential problems found in Dependency Management 
[INFO] 
[INFO] --- duplicate-finder-maven-plugin:1.2.1:check (default) @ SingularityServiceIntegrationTests ---
[INFO] Checking compile classpath
[INFO] Checking runtime classpath
[INFO] Checking test classpath
[INFO] 
[INFO] >>> findbugs-maven-plugin:3.0.3:check (default) > :findbugs @ SingularityServiceIntegrationTests >>>
[INFO] 
[INFO] --- findbugs-maven-plugin:3.0.3:findbugs (findbugs) @ SingularityServiceIntegrationTests ---
[INFO] Fork Value is true
[INFO] Done FindBugs Analysis....
[INFO] 
[INFO] <<< findbugs-maven-plugin:3.0.3:check (default) < :findbugs @ SingularityServiceIntegrationTests <<<
[INFO] 
[INFO] --- findbugs-maven-plugin:3.0.3:check (default) @ SingularityServiceIntegrationTests ---
[INFO] BugInstance size is 0
[INFO] Error size is 0
[INFO] No errors/warnings found
[INFO] 
[INFO] >>> maven-pmd-plugin:3.6:check (default) > :pmd @ SingularityServiceIntegrationTests >>>
[INFO] 
[INFO] --- maven-pmd-plugin:3.6:pmd (pmd) @ SingularityServiceIntegrationTests ---
[WARNING] Unable to locate Source XRef to link to - DISABLED
[WARNING] Unable to locate Source XRef to link to - DISABLED
[INFO] 
[INFO] <<< maven-pmd-plugin:3.6:check (default) < :pmd @ SingularityServiceIntegrationTests <<<
[INFO] 
[INFO] --- maven-pmd-plugin:3.6:check (default) @ SingularityServiceIntegrationTests ---
[INFO] 
[INFO] 
[INFO] --- license-maven-plugin:2.11:check (default) @ SingularityServiceIntegrationTests ---
[INFO] 
[INFO] --- maven-install-plugin:2.5.2:install (default-install) @ SingularityServiceIntegrationTests ---
[INFO] Installing /root/workspace/HubSpot/Singularity/188564817/SingularityServiceIntegrationTests/target/SingularityServiceIntegrationTests-0.14.0-SNAPSHOT.jar to /root/./workspace/HubSpot/Singularity/188564817/.m2/com/hubspot/SingularityServiceIntegrationTests/0.14.0-SNAPSHOT/SingularityServiceIntegrationTests-0.14.0-SNAPSHOT.jar
[INFO] Installing /root/workspace/HubSpot/Singularity/188564817/SingularityServiceIntegrationTests/pom.xml to /root/./workspace/HubSpot/Singularity/188564817/.m2/com/hubspot/SingularityServiceIntegrationTests/0.14.0-SNAPSHOT/SingularityServiceIntegrationTests-0.14.0-SNAPSHOT.pom
[INFO] Installing /root/workspace/HubSpot/Singularity/188564817/SingularityServiceIntegrationTests/target/SingularityServiceIntegrationTests-0.14.0-SNAPSHOT-tests.jar to /root/./workspace/HubSpot/Singularity/188564817/.m2/com/hubspot/SingularityServiceIntegrationTests/0.14.0-SNAPSHOT/SingularityServiceIntegrationTests-0.14.0-SNAPSHOT-tests.jar
[INFO] Installing /root/workspace/HubSpot/Singularity/188564817/SingularityServiceIntegrationTests/target/SingularityServiceIntegrationTests-0.14.0-SNAPSHOT-sources.jar to /root/./workspace/HubSpot/Singularity/188564817/.m2/com/hubspot/SingularityServiceIntegrationTests/0.14.0-SNAPSHOT/SingularityServiceIntegrationTests-0.14.0-SNAPSHOT-sources.jar
[INFO] Installing /root/workspace/HubSpot/Singularity/188564817/SingularityServiceIntegrationTests/target/SingularityServiceIntegrationTests-0.14.0-SNAPSHOT-test-sources.jar to /root/./workspace/HubSpot/Singularity/188564817/.m2/com/hubspot/SingularityServiceIntegrationTests/0.14.0-SNAPSHOT/SingularityServiceIntegrationTests-0.14.0-SNAPSHOT-test-sources.jar
[INFO] ------------------------------------------------------------------------
[INFO] Reactor Summary:
[INFO] 
[INFO] Singularity ........................................ SUCCESS [  5.128 s]
[INFO] SingularityBase .................................... SUCCESS [ 17.656 s]
[INFO] SingularityUI ...................................... SUCCESS [01:07 min]
[INFO] SingularityMesosClient ............................. SUCCESS [ 16.300 s]
[INFO] SingularitySwagger ................................. SUCCESS [  8.582 s]
[INFO] SingularityService ................................. SUCCESS [ 41.857 s]
[INFO] SingularityRunnerBase .............................. SUCCESS [ 10.211 s]
[INFO] SingularityS3Base .................................. SUCCESS [  7.600 s]
[INFO] SingularityClient .................................. SUCCESS [ 15.931 s]
[INFO] SingularityExecutor ................................ SUCCESS [ 17.065 s]
[INFO] SingularityExecutorCleanup ......................... SUCCESS [ 14.405 s]
[INFO] SingularityS3Uploader .............................. SUCCESS [ 10.190 s]
[INFO] SingularityS3Downloader ............................ SUCCESS [  8.763 s]
[INFO] EmbedSingularityExample ............................ SUCCESS [ 12.621 s]
[INFO] SingularityServiceIntegrationTests ................. SUCCESS [  4.496 s]
[INFO] ------------------------------------------------------------------------
[INFO] BUILD SUCCESS
[INFO] ------------------------------------------------------------------------
[INFO] Total time: 04:18 min
[INFO] Finished at: 2017-08-24T17:48:16+02:00
[INFO] Final Memory: 212M/3333M
[INFO] ------------------------------------------------------------------------
